{"C:\\Users\\Ben Brown\\Documents\\GitHub\\Class-Scribe\\src\\classscribe-fe\\src\\App.js": {"path":"C:\\Users\\Ben Brown\\Documents\\GitHub\\Class-Scribe\\src\\classscribe-fe\\src\\App.js","statementMap":{"0":{"start":{"line":19,"column":24},"end":{"line":19,"column":48}},"1":{"start":{"line":20,"column":19},"end":{"line":20,"column":35}},"2":{"start":{"line":26,"column":12},"end":{"line":32,"column":1}},"3":{"start":{"line":27,"column":2},"end":{"line":31,"column":4}},"4":{"start":{"line":34,"column":16},"end":{"line":50,"column":1}},"5":{"start":{"line":35,"column":2},"end":{"line":49,"column":4}},"6":{"start":{"line":37,"column":47},"end":{"line":37,"column":71}},"7":{"start":{"line":54,"column":19},"end":{"line":56,"column":1}},"8":{"start":{"line":55,"column":2},"end":{"line":55,"column":45}},"9":{"start":{"line":58,"column":21},"end":{"line":71,"column":1}},"10":{"start":{"line":59,"column":2},"end":{"line":70,"column":3}},"11":{"start":{"line":63,"column":8},"end":{"line":67,"column":9}}},"fnMap":{"0":{"name":"(anonymous_0)","decl":{"start":{"line":26,"column":12},"end":{"line":26,"column":13}},"loc":{"start":{"line":26,"column":17},"end":{"line":32,"column":1}},"line":26},"1":{"name":"(anonymous_1)","decl":{"start":{"line":34,"column":16},"end":{"line":34,"column":17}},"loc":{"start":{"line":34,"column":22},"end":{"line":50,"column":1}},"line":34},"2":{"name":"(anonymous_2)","decl":{"start":{"line":37,"column":41},"end":{"line":37,"column":42}},"loc":{"start":{"line":37,"column":47},"end":{"line":37,"column":71}},"line":37},"3":{"name":"(anonymous_3)","decl":{"start":{"line":54,"column":19},"end":{"line":54,"column":20}},"loc":{"start":{"line":54,"column":24},"end":{"line":56,"column":1}},"line":54},"4":{"name":"(anonymous_4)","decl":{"start":{"line":58,"column":21},"end":{"line":58,"column":22}},"loc":{"start":{"line":58,"column":58},"end":{"line":71,"column":1}},"line":58},"5":{"name":"(anonymous_5)","decl":{"start":{"line":62,"column":16},"end":{"line":62,"column":17}},"loc":{"start":{"line":63,"column":8},"end":{"line":67,"column":9}},"line":63}},"branchMap":{"0":{"loc":{"start":{"line":63,"column":8},"end":{"line":67,"column":9}},"type":"cond-expr","locations":[{"start":{"line":64,"column":10},"end":{"line":64,"column":46}},{"start":{"line":66,"column":10},"end":{"line":66,"column":35}}],"line":63},"1":{"loc":{"start":{"line":64,"column":10},"end":{"line":64,"column":46}},"type":"binary-expr","locations":[{"start":{"line":64,"column":10},"end":{"line":64,"column":19}},{"start":{"line":64,"column":23},"end":{"line":64,"column":46}}],"line":64}},"s":{"0":1,"1":1,"2":1,"3":0,"4":1,"5":0,"6":0,"7":1,"8":0,"9":1,"10":0,"11":0},"f":{"0":0,"1":0,"2":0,"3":0,"4":0,"5":0},"b":{"0":[0,0],"1":[0,0]},"_coverageSchema":"43e27e138ebf9cfc5966b082cf9a028302ed4184","hash":"5ebac4f883c2f0179f55bb1c8120dff6a72e7933"}
,"C:\\Users\\Ben Brown\\Documents\\GitHub\\Class-Scribe\\src\\classscribe-fe\\src\\index.js": {"path":"C:\\Users\\Ben Brown\\Documents\\GitHub\\Class-Scribe\\src\\classscribe-fe\\src\\index.js","statementMap":{"0":{"start":{"line":7,"column":0},"end":{"line":7,"column":58}},"1":{"start":{"line":12,"column":0},"end":{"line":12,"column":27}}},"fnMap":{},"branchMap":{},"s":{"0":0,"1":0},"f":{},"b":{},"hash":"8893a703323befb32a752223e888ec91d0b845c3"}
,"C:\\Users\\Ben Brown\\Documents\\GitHub\\Class-Scribe\\src\\classscribe-fe\\src\\serviceWorker.js": {"path":"C:\\Users\\Ben Brown\\Documents\\GitHub\\Class-Scribe\\src\\classscribe-fe\\src\\serviceWorker.js","statementMap":{"0":{"start":{"line":13,"column":20},"end":{"line":21,"column":1}},"1":{"start":{"line":24,"column":2},"end":{"line":54,"column":3}},"2":{"start":{"line":26,"column":22},"end":{"line":26,"column":75}},"3":{"start":{"line":27,"column":4},"end":{"line":32,"column":5}},"4":{"start":{"line":31,"column":6},"end":{"line":31,"column":13}},"5":{"start":{"line":34,"column":4},"end":{"line":53,"column":7}},"6":{"start":{"line":35,"column":20},"end":{"line":35,"column":65}},"7":{"start":{"line":37,"column":6},"end":{"line":52,"column":7}},"8":{"start":{"line":39,"column":8},"end":{"line":39,"column":47}},"9":{"start":{"line":43,"column":8},"end":{"line":48,"column":11}},"10":{"start":{"line":44,"column":10},"end":{"line":47,"column":12}},"11":{"start":{"line":51,"column":8},"end":{"line":51,"column":39}},"12":{"start":{"line":58,"column":2},"end":{"line":98,"column":7}},"13":{"start":{"line":61,"column":6},"end":{"line":94,"column":8}},"14":{"start":{"line":62,"column":33},"end":{"line":62,"column":56}},"15":{"start":{"line":63,"column":8},"end":{"line":65,"column":9}},"16":{"start":{"line":64,"column":10},"end":{"line":64,"column":17}},"17":{"start":{"line":66,"column":8},"end":{"line":93,"column":10}},"18":{"start":{"line":67,"column":10},"end":{"line":92,"column":11}},"19":{"start":{"line":68,"column":12},"end":{"line":91,"column":13}},"20":{"start":{"line":72,"column":14},"end":{"line":75,"column":16}},"21":{"start":{"line":78,"column":14},"end":{"line":80,"column":15}},"22":{"start":{"line":79,"column":16},"end":{"line":79,"column":46}},"23":{"start":{"line":85,"column":14},"end":{"line":85,"column":64}},"24":{"start":{"line":88,"column":14},"end":{"line":90,"column":15}},"25":{"start":{"line":89,"column":16},"end":{"line":89,"column":47}},"26":{"start":{"line":97,"column":6},"end":{"line":97,"column":72}},"27":{"start":{"line":103,"column":2},"end":{"line":126,"column":7}},"28":{"start":{"line":106,"column":26},"end":{"line":106,"column":62}},"29":{"start":{"line":107,"column":6},"end":{"line":120,"column":7}},"30":{"start":{"line":112,"column":8},"end":{"line":116,"column":11}},"31":{"start":{"line":113,"column":10},"end":{"line":115,"column":13}},"32":{"start":{"line":114,"column":12},"end":{"line":114,"column":37}},"33":{"start":{"line":119,"column":8},"end":{"line":119,"column":39}},"34":{"start":{"line":123,"column":6},"end":{"line":125,"column":8}},"35":{"start":{"line":130,"column":2},"end":{"line":134,"column":3}},"36":{"start":{"line":131,"column":4},"end":{"line":133,"column":7}},"37":{"start":{"line":132,"column":6},"end":{"line":132,"column":32}}},"fnMap":{"0":{"name":"register","decl":{"start":{"line":23,"column":16},"end":{"line":23,"column":24}},"loc":{"start":{"line":23,"column":33},"end":{"line":55,"column":1}},"line":23},"1":{"name":"(anonymous_1)","decl":{"start":{"line":34,"column":36},"end":{"line":34,"column":37}},"loc":{"start":{"line":34,"column":42},"end":{"line":53,"column":5}},"line":34},"2":{"name":"(anonymous_2)","decl":{"start":{"line":43,"column":43},"end":{"line":43,"column":44}},"loc":{"start":{"line":43,"column":49},"end":{"line":48,"column":9}},"line":43},"3":{"name":"registerValidSW","decl":{"start":{"line":57,"column":9},"end":{"line":57,"column":24}},"loc":{"start":{"line":57,"column":40},"end":{"line":99,"column":1}},"line":57},"4":{"name":"(anonymous_4)","decl":{"start":{"line":60,"column":10},"end":{"line":60,"column":11}},"loc":{"start":{"line":60,"column":26},"end":{"line":95,"column":5}},"line":60},"5":{"name":"(anonymous_5)","decl":{"start":{"line":61,"column":35},"end":{"line":61,"column":36}},"loc":{"start":{"line":61,"column":41},"end":{"line":94,"column":7}},"line":61},"6":{"name":"(anonymous_6)","decl":{"start":{"line":66,"column":41},"end":{"line":66,"column":42}},"loc":{"start":{"line":66,"column":47},"end":{"line":93,"column":9}},"line":66},"7":{"name":"(anonymous_7)","decl":{"start":{"line":96,"column":11},"end":{"line":96,"column":12}},"loc":{"start":{"line":96,"column":20},"end":{"line":98,"column":5}},"line":96},"8":{"name":"checkValidServiceWorker","decl":{"start":{"line":101,"column":9},"end":{"line":101,"column":32}},"loc":{"start":{"line":101,"column":48},"end":{"line":127,"column":1}},"line":101},"9":{"name":"(anonymous_9)","decl":{"start":{"line":104,"column":10},"end":{"line":104,"column":11}},"loc":{"start":{"line":104,"column":22},"end":{"line":121,"column":5}},"line":104},"10":{"name":"(anonymous_10)","decl":{"start":{"line":112,"column":43},"end":{"line":112,"column":44}},"loc":{"start":{"line":112,"column":59},"end":{"line":116,"column":9}},"line":112},"11":{"name":"(anonymous_11)","decl":{"start":{"line":113,"column":41},"end":{"line":113,"column":42}},"loc":{"start":{"line":113,"column":47},"end":{"line":115,"column":11}},"line":113},"12":{"name":"(anonymous_12)","decl":{"start":{"line":122,"column":11},"end":{"line":122,"column":12}},"loc":{"start":{"line":122,"column":17},"end":{"line":126,"column":5}},"line":122},"13":{"name":"unregister","decl":{"start":{"line":129,"column":16},"end":{"line":129,"column":26}},"loc":{"start":{"line":129,"column":29},"end":{"line":135,"column":1}},"line":129},"14":{"name":"(anonymous_14)","decl":{"start":{"line":131,"column":39},"end":{"line":131,"column":40}},"loc":{"start":{"line":131,"column":55},"end":{"line":133,"column":5}},"line":131}},"branchMap":{"0":{"loc":{"start":{"line":14,"column":2},"end":{"line":20,"column":5}},"type":"binary-expr","locations":[{"start":{"line":14,"column":2},"end":{"line":14,"column":42}},{"start":{"line":16,"column":4},"end":{"line":16,"column":40}},{"start":{"line":18,"column":4},"end":{"line":20,"column":5}}],"line":14},"1":{"loc":{"start":{"line":24,"column":2},"end":{"line":54,"column":3}},"type":"if","locations":[{"start":{"line":24,"column":2},"end":{"line":54,"column":3}},{"start":{"line":24,"column":2},"end":{"line":54,"column":3}}],"line":24},"2":{"loc":{"start":{"line":24,"column":6},"end":{"line":24,"column":75}},"type":"binary-expr","locations":[{"start":{"line":24,"column":6},"end":{"line":24,"column":43}},{"start":{"line":24,"column":47},"end":{"line":24,"column":75}}],"line":24},"3":{"loc":{"start":{"line":27,"column":4},"end":{"line":32,"column":5}},"type":"if","locations":[{"start":{"line":27,"column":4},"end":{"line":32,"column":5}},{"start":{"line":27,"column":4},"end":{"line":32,"column":5}}],"line":27},"4":{"loc":{"start":{"line":37,"column":6},"end":{"line":52,"column":7}},"type":"if","locations":[{"start":{"line":37,"column":6},"end":{"line":52,"column":7}},{"start":{"line":37,"column":6},"end":{"line":52,"column":7}}],"line":37},"5":{"loc":{"start":{"line":63,"column":8},"end":{"line":65,"column":9}},"type":"if","locations":[{"start":{"line":63,"column":8},"end":{"line":65,"column":9}},{"start":{"line":63,"column":8},"end":{"line":65,"column":9}}],"line":63},"6":{"loc":{"start":{"line":67,"column":10},"end":{"line":92,"column":11}},"type":"if","locations":[{"start":{"line":67,"column":10},"end":{"line":92,"column":11}},{"start":{"line":67,"column":10},"end":{"line":92,"column":11}}],"line":67},"7":{"loc":{"start":{"line":68,"column":12},"end":{"line":91,"column":13}},"type":"if","locations":[{"start":{"line":68,"column":12},"end":{"line":91,"column":13}},{"start":{"line":68,"column":12},"end":{"line":91,"column":13}}],"line":68},"8":{"loc":{"start":{"line":78,"column":14},"end":{"line":80,"column":15}},"type":"if","locations":[{"start":{"line":78,"column":14},"end":{"line":80,"column":15}},{"start":{"line":78,"column":14},"end":{"line":80,"column":15}}],"line":78},"9":{"loc":{"start":{"line":78,"column":18},"end":{"line":78,"column":43}},"type":"binary-expr","locations":[{"start":{"line":78,"column":18},"end":{"line":78,"column":24}},{"start":{"line":78,"column":28},"end":{"line":78,"column":43}}],"line":78},"10":{"loc":{"start":{"line":88,"column":14},"end":{"line":90,"column":15}},"type":"if","locations":[{"start":{"line":88,"column":14},"end":{"line":90,"column":15}},{"start":{"line":88,"column":14},"end":{"line":90,"column":15}}],"line":88},"11":{"loc":{"start":{"line":88,"column":18},"end":{"line":88,"column":44}},"type":"binary-expr","locations":[{"start":{"line":88,"column":18},"end":{"line":88,"column":24}},{"start":{"line":88,"column":28},"end":{"line":88,"column":44}}],"line":88},"12":{"loc":{"start":{"line":107,"column":6},"end":{"line":120,"column":7}},"type":"if","locations":[{"start":{"line":107,"column":6},"end":{"line":120,"column":7}},{"start":{"line":107,"column":6},"end":{"line":120,"column":7}}],"line":107},"13":{"loc":{"start":{"line":108,"column":8},"end":{"line":109,"column":73}},"type":"binary-expr","locations":[{"start":{"line":108,"column":8},"end":{"line":108,"column":31}},{"start":{"line":109,"column":9},"end":{"line":109,"column":28}},{"start":{"line":109,"column":32},"end":{"line":109,"column":72}}],"line":108},"14":{"loc":{"start":{"line":130,"column":2},"end":{"line":134,"column":3}},"type":"if","locations":[{"start":{"line":130,"column":2},"end":{"line":134,"column":3}},{"start":{"line":130,"column":2},"end":{"line":134,"column":3}}],"line":130}},"s":{"0":0,"1":0,"2":0,"3":0,"4":0,"5":0,"6":0,"7":0,"8":0,"9":0,"10":0,"11":0,"12":0,"13":0,"14":0,"15":0,"16":0,"17":0,"18":0,"19":0,"20":0,"21":0,"22":0,"23":0,"24":0,"25":0,"26":0,"27":0,"28":0,"29":0,"30":0,"31":0,"32":0,"33":0,"34":0,"35":0,"36":0,"37":0},"f":{"0":0,"1":0,"2":0,"3":0,"4":0,"5":0,"6":0,"7":0,"8":0,"9":0,"10":0,"11":0,"12":0,"13":0,"14":0},"b":{"0":[0,0,0],"1":[0,0],"2":[0,0],"3":[0,0],"4":[0,0],"5":[0,0],"6":[0,0],"7":[0,0],"8":[0,0],"9":[0,0],"10":[0,0],"11":[0,0],"12":[0,0],"13":[0,0,0],"14":[0,0]},"hash":"6d2cf300a12987448ed57b82550cda382d917192"}
,"C:\\Users\\Ben Brown\\Documents\\GitHub\\Class-Scribe\\src\\classscribe-fe\\src\\components\\404.js": {"path":"C:\\Users\\Ben Brown\\Documents\\GitHub\\Class-Scribe\\src\\classscribe-fe\\src\\components\\404.js","statementMap":{"0":{"start":{"line":4,"column":19},"end":{"line":13,"column":1}},"1":{"start":{"line":5,"column":4},"end":{"line":12,"column":5}}},"fnMap":{"0":{"name":"(anonymous_0)","decl":{"start":{"line":4,"column":19},"end":{"line":4,"column":20}},"loc":{"start":{"line":4,"column":24},"end":{"line":13,"column":1}},"line":4}},"branchMap":{},"s":{"0":1,"1":0},"f":{"0":0},"b":{},"_coverageSchema":"43e27e138ebf9cfc5966b082cf9a028302ed4184","hash":"06f827bf665815f4dce573f7d3f6dc4cf6b8dfa2"}
,"C:\\Users\\Ben Brown\\Documents\\GitHub\\Class-Scribe\\src\\classscribe-fe\\src\\components\\Navbar.js": {"path":"C:\\Users\\Ben Brown\\Documents\\GitHub\\Class-Scribe\\src\\classscribe-fe\\src\\components\\Navbar.js","statementMap":{"0":{"start":{"line":6,"column":24},"end":{"line":6,"column":48}},"1":{"start":{"line":7,"column":19},"end":{"line":7,"column":47}},"2":{"start":{"line":10,"column":8},"end":{"line":10,"column":21}},"3":{"start":{"line":11,"column":8},"end":{"line":13,"column":10}},"4":{"start":{"line":17,"column":8},"end":{"line":21,"column":9}},"5":{"start":{"line":18,"column":12},"end":{"line":20,"column":15}},"6":{"start":{"line":26,"column":19},"end":{"line":26,"column":23}},"7":{"start":{"line":27,"column":8},"end":{"line":36,"column":10}}},"fnMap":{"0":{"name":"(anonymous_0)","decl":{"start":{"line":9,"column":4},"end":{"line":9,"column":5}},"loc":{"start":{"line":9,"column":22},"end":{"line":14,"column":5}},"line":9},"1":{"name":"(anonymous_1)","decl":{"start":{"line":16,"column":4},"end":{"line":16,"column":5}},"loc":{"start":{"line":16,"column":30},"end":{"line":22,"column":5}},"line":16},"2":{"name":"(anonymous_2)","decl":{"start":{"line":24,"column":4},"end":{"line":24,"column":5}},"loc":{"start":{"line":24,"column":13},"end":{"line":37,"column":5}},"line":24}},"branchMap":{"0":{"loc":{"start":{"line":12,"column":22},"end":{"line":12,"column":42}},"type":"binary-expr","locations":[{"start":{"line":12,"column":22},"end":{"line":12,"column":36}},{"start":{"line":12,"column":40},"end":{"line":12,"column":42}}],"line":12},"1":{"loc":{"start":{"line":17,"column":8},"end":{"line":21,"column":9}},"type":"if","locations":[{"start":{"line":17,"column":8},"end":{"line":21,"column":9}},{"start":{"line":17,"column":8},"end":{"line":21,"column":9}}],"line":17}},"s":{"0":1,"1":1,"2":0,"3":0,"4":0,"5":0,"6":0,"7":0},"f":{"0":0,"1":0,"2":0},"b":{"0":[0,0],"1":[0,0]},"_coverageSchema":"43e27e138ebf9cfc5966b082cf9a028302ed4184","hash":"fa07bf9a611aee93409f922be1346d5d7a863501"}
,"C:\\Users\\Ben Brown\\Documents\\GitHub\\Class-Scribe\\src\\classscribe-fe\\src\\components\\ImageUpload\\NotebookCard.js": {"path":"C:\\Users\\Ben Brown\\Documents\\GitHub\\Class-Scribe\\src\\classscribe-fe\\src\\components\\ImageUpload\\NotebookCard.js","statementMap":{"0":{"start":{"line":25,"column":20},"end":{"line":33,"column":4}},"1":{"start":{"line":36,"column":28},"end":{"line":41,"column":3}},"2":{"start":{"line":42,"column":28},"end":{"line":47,"column":3}},"3":{"start":{"line":48,"column":27},"end":{"line":53,"column":3}},"4":{"start":{"line":55,"column":21},"end":{"line":60,"column":3}},"5":{"start":{"line":62,"column":29},"end":{"line":68,"column":3}},"6":{"start":{"line":70,"column":23},"end":{"line":74,"column":3}},"7":{"start":{"line":76,"column":26},"end":{"line":79,"column":3}},"8":{"start":{"line":81,"column":24},"end":{"line":84,"column":3}},"9":{"start":{"line":88,"column":8},"end":{"line":88,"column":21}},"10":{"start":{"line":89,"column":8},"end":{"line":99,"column":10}},"11":{"start":{"line":101,"column":8},"end":{"line":101,"column":65}},"12":{"start":{"line":102,"column":8},"end":{"line":102,"column":57}},"13":{"start":{"line":103,"column":8},"end":{"line":103,"column":69}},"14":{"start":{"line":104,"column":8},"end":{"line":104,"column":57}},"15":{"start":{"line":105,"column":8},"end":{"line":105,"column":62}},"16":{"start":{"line":108,"column":25},"end":{"line":112,"column":5}},"17":{"start":{"line":109,"column":6},"end":{"line":109,"column":32}},"18":{"start":{"line":110,"column":6},"end":{"line":110,"column":40}},"19":{"start":{"line":114,"column":21},"end":{"line":124,"column":5}},"20":{"start":{"line":115,"column":17},"end":{"line":115,"column":21}},"21":{"start":{"line":116,"column":6},"end":{"line":123,"column":7}},"22":{"start":{"line":117,"column":26},"end":{"line":117,"column":61}},"23":{"start":{"line":118,"column":8},"end":{"line":121,"column":13}},"24":{"start":{"line":120,"column":12},"end":{"line":120,"column":50}},"25":{"start":{"line":122,"column":8},"end":{"line":122,"column":33}},"26":{"start":{"line":127,"column":6},"end":{"line":127,"column":52}},"27":{"start":{"line":128,"column":6},"end":{"line":128,"column":71}},"28":{"start":{"line":129,"column":17},"end":{"line":131,"column":7}},"29":{"start":{"line":132,"column":18},"end":{"line":132,"column":56}},"30":{"start":{"line":133,"column":6},"end":{"line":145,"column":13}},"31":{"start":{"line":135,"column":14},"end":{"line":140,"column":15}},"32":{"start":{"line":139,"column":18},"end":{"line":139,"column":49}},"33":{"start":{"line":143,"column":14},"end":{"line":143,"column":78}},"34":{"start":{"line":144,"column":14},"end":{"line":144,"column":33}},"35":{"start":{"line":150,"column":6},"end":{"line":150,"column":55}},"36":{"start":{"line":153,"column":22},"end":{"line":165,"column":5}},"37":{"start":{"line":154,"column":18},"end":{"line":154,"column":41}},"38":{"start":{"line":155,"column":6},"end":{"line":163,"column":7}},"39":{"start":{"line":156,"column":8},"end":{"line":156,"column":25}},"40":{"start":{"line":157,"column":8},"end":{"line":157,"column":23}},"41":{"start":{"line":158,"column":8},"end":{"line":158,"column":44}},"42":{"start":{"line":161,"column":8},"end":{"line":161,"column":42}},"43":{"start":{"line":162,"column":8},"end":{"line":162,"column":44}},"44":{"start":{"line":164,"column":6},"end":{"line":164,"column":42}},"45":{"start":{"line":169,"column":6},"end":{"line":169,"column":29}},"46":{"start":{"line":170,"column":6},"end":{"line":172,"column":7}},"47":{"start":{"line":171,"column":8},"end":{"line":171,"column":14}},"48":{"start":{"line":173,"column":6},"end":{"line":173,"column":34}},"49":{"start":{"line":175,"column":18},"end":{"line":175,"column":47}},"50":{"start":{"line":176,"column":6},"end":{"line":176,"column":98}},"51":{"start":{"line":177,"column":6},"end":{"line":177,"column":42}},"52":{"start":{"line":179,"column":17},"end":{"line":183,"column":7}},"53":{"start":{"line":184,"column":18},"end":{"line":184,"column":46}},"54":{"start":{"line":185,"column":6},"end":{"line":197,"column":13}},"55":{"start":{"line":187,"column":14},"end":{"line":192,"column":15}},"56":{"start":{"line":191,"column":18},"end":{"line":191,"column":49}},"57":{"start":{"line":195,"column":14},"end":{"line":195,"column":78}},"58":{"start":{"line":196,"column":14},"end":{"line":196,"column":33}},"59":{"start":{"line":202,"column":8},"end":{"line":208,"column":9}},"60":{"start":{"line":203,"column":12},"end":{"line":207,"column":15}},"61":{"start":{"line":212,"column":6},"end":{"line":212,"column":74}},"62":{"start":{"line":213,"column":6},"end":{"line":213,"column":42}},"63":{"start":{"line":217,"column":17},"end":{"line":217,"column":21}},"64":{"start":{"line":218,"column":6},"end":{"line":232,"column":7}},"65":{"start":{"line":219,"column":20},"end":{"line":219,"column":52}},"66":{"start":{"line":220,"column":20},"end":{"line":223,"column":9}},"67":{"start":{"line":224,"column":8},"end":{"line":231,"column":10}},"68":{"start":{"line":225,"column":10},"end":{"line":230,"column":11}},"69":{"start":{"line":226,"column":12},"end":{"line":226,"column":45}},"70":{"start":{"line":229,"column":12},"end":{"line":229,"column":45}},"71":{"start":{"line":236,"column":17},"end":{"line":236,"column":21}},"72":{"start":{"line":237,"column":4},"end":{"line":313,"column":3}},"73":{"start":{"line":238,"column":22},"end":{"line":240,"column":8}},"74":{"start":{"line":239,"column":8},"end":{"line":239,"column":107}},"75":{"start":{"line":241,"column":20},"end":{"line":247,"column":10}},"76":{"start":{"line":242,"column":23},"end":{"line":242,"column":116}},"77":{"start":{"line":243,"column":8},"end":{"line":243,"column":29}},"78":{"start":{"line":244,"column":8},"end":{"line":246,"column":10}},"79":{"start":{"line":248,"column":6},"end":{"line":309,"column":17}},"80":{"start":{"line":251,"column":95},"end":{"line":251,"column":166}},"81":{"start":{"line":256,"column":112},"end":{"line":256,"column":140}},"82":{"start":{"line":257,"column":90},"end":{"line":257,"column":114}},"83":{"start":{"line":271,"column":75},"end":{"line":271,"column":115}},"84":{"start":{"line":274,"column":77},"end":{"line":274,"column":116}},"85":{"start":{"line":293,"column":53},"end":{"line":293,"column":68}},"86":{"start":{"line":312,"column":6},"end":{"line":312,"column":24}}},"fnMap":{"0":{"name":"(anonymous_0)","decl":{"start":{"line":87,"column":4},"end":{"line":87,"column":5}},"loc":{"start":{"line":87,"column":22},"end":{"line":106,"column":5}},"line":87},"1":{"name":"(anonymous_1)","decl":{"start":{"line":108,"column":25},"end":{"line":108,"column":26}},"loc":{"start":{"line":108,"column":39},"end":{"line":112,"column":5}},"line":108},"2":{"name":"(anonymous_2)","decl":{"start":{"line":114,"column":21},"end":{"line":114,"column":22}},"loc":{"start":{"line":114,"column":29},"end":{"line":124,"column":5}},"line":114},"3":{"name":"(anonymous_3)","decl":{"start":{"line":119,"column":17},"end":{"line":119,"column":18}},"loc":{"start":{"line":119,"column":34},"end":{"line":121,"column":11}},"line":119},"4":{"name":"(anonymous_4)","decl":{"start":{"line":126,"column":4},"end":{"line":126,"column":5}},"loc":{"start":{"line":126,"column":29},"end":{"line":147,"column":5}},"line":126},"5":{"name":"(anonymous_5)","decl":{"start":{"line":134,"column":16},"end":{"line":134,"column":17}},"loc":{"start":{"line":134,"column":36},"end":{"line":141,"column":11}},"line":134},"6":{"name":"(anonymous_6)","decl":{"start":{"line":142,"column":17},"end":{"line":142,"column":18}},"loc":{"start":{"line":142,"column":34},"end":{"line":145,"column":11}},"line":142},"7":{"name":"(anonymous_7)","decl":{"start":{"line":149,"column":4},"end":{"line":149,"column":5}},"loc":{"start":{"line":149,"column":27},"end":{"line":151,"column":5}},"line":149},"8":{"name":"(anonymous_8)","decl":{"start":{"line":153,"column":22},"end":{"line":153,"column":23}},"loc":{"start":{"line":153,"column":37},"end":{"line":165,"column":5}},"line":153},"9":{"name":"(anonymous_9)","decl":{"start":{"line":168,"column":4},"end":{"line":168,"column":5}},"loc":{"start":{"line":168,"column":29},"end":{"line":199,"column":5}},"line":168},"10":{"name":"(anonymous_10)","decl":{"start":{"line":186,"column":16},"end":{"line":186,"column":17}},"loc":{"start":{"line":186,"column":36},"end":{"line":193,"column":11}},"line":186},"11":{"name":"(anonymous_11)","decl":{"start":{"line":194,"column":17},"end":{"line":194,"column":18}},"loc":{"start":{"line":194,"column":34},"end":{"line":197,"column":11}},"line":194},"12":{"name":"(anonymous_12)","decl":{"start":{"line":201,"column":4},"end":{"line":201,"column":5}},"loc":{"start":{"line":201,"column":30},"end":{"line":209,"column":5}},"line":201},"13":{"name":"(anonymous_13)","decl":{"start":{"line":211,"column":4},"end":{"line":211,"column":5}},"loc":{"start":{"line":211,"column":26},"end":{"line":214,"column":5}},"line":211},"14":{"name":"(anonymous_14)","decl":{"start":{"line":216,"column":4},"end":{"line":216,"column":5}},"loc":{"start":{"line":216,"column":20},"end":{"line":233,"column":5}},"line":216},"15":{"name":"(anonymous_15)","decl":{"start":{"line":224,"column":42},"end":{"line":224,"column":43}},"loc":{"start":{"line":224,"column":55},"end":{"line":231,"column":9}},"line":224},"16":{"name":"(anonymous_16)","decl":{"start":{"line":235,"column":4},"end":{"line":235,"column":5}},"loc":{"start":{"line":235,"column":12},"end":{"line":314,"column":1}},"line":235},"17":{"name":"(anonymous_17)","decl":{"start":{"line":238,"column":56},"end":{"line":238,"column":57}},"loc":{"start":{"line":238,"column":70},"end":{"line":240,"column":7}},"line":238},"18":{"name":"(anonymous_18)","decl":{"start":{"line":241,"column":61},"end":{"line":241,"column":62}},"loc":{"start":{"line":241,"column":74},"end":{"line":247,"column":9}},"line":241},"19":{"name":"(anonymous_19)","decl":{"start":{"line":251,"column":84},"end":{"line":251,"column":85}},"loc":{"start":{"line":251,"column":95},"end":{"line":251,"column":166}},"line":251},"20":{"name":"(anonymous_20)","decl":{"start":{"line":256,"column":103},"end":{"line":256,"column":104}},"loc":{"start":{"line":256,"column":112},"end":{"line":256,"column":140}},"line":256},"21":{"name":"(anonymous_21)","decl":{"start":{"line":257,"column":79},"end":{"line":257,"column":80}},"loc":{"start":{"line":257,"column":90},"end":{"line":257,"column":114}},"line":257},"22":{"name":"(anonymous_22)","decl":{"start":{"line":271,"column":64},"end":{"line":271,"column":65}},"loc":{"start":{"line":271,"column":75},"end":{"line":271,"column":115}},"line":271},"23":{"name":"(anonymous_23)","decl":{"start":{"line":274,"column":66},"end":{"line":274,"column":67}},"loc":{"start":{"line":274,"column":77},"end":{"line":274,"column":116}},"line":274},"24":{"name":"(anonymous_24)","decl":{"start":{"line":293,"column":43},"end":{"line":293,"column":44}},"loc":{"start":{"line":293,"column":52},"end":{"line":293,"column":69}},"line":293}},"branchMap":{"0":{"loc":{"start":{"line":97,"column":21},"end":{"line":97,"column":72}},"type":"cond-expr","locations":[{"start":{"line":97,"column":46},"end":{"line":97,"column":64}},{"start":{"line":97,"column":67},"end":{"line":97,"column":72}}],"line":97},"1":{"loc":{"start":{"line":116,"column":6},"end":{"line":123,"column":7}},"type":"if","locations":[{"start":{"line":116,"column":6},"end":{"line":123,"column":7}},{"start":{"line":116,"column":6},"end":{"line":123,"column":7}}],"line":116},"2":{"loc":{"start":{"line":135,"column":14},"end":{"line":140,"column":15}},"type":"if","locations":[{"start":{"line":135,"column":14},"end":{"line":140,"column":15}},{"start":{"line":135,"column":14},"end":{"line":140,"column":15}}],"line":135},"3":{"loc":{"start":{"line":155,"column":6},"end":{"line":163,"column":7}},"type":"if","locations":[{"start":{"line":155,"column":6},"end":{"line":163,"column":7}},{"start":{"line":155,"column":6},"end":{"line":163,"column":7}}],"line":155},"4":{"loc":{"start":{"line":170,"column":6},"end":{"line":172,"column":7}},"type":"if","locations":[{"start":{"line":170,"column":6},"end":{"line":172,"column":7}},{"start":{"line":170,"column":6},"end":{"line":172,"column":7}}],"line":170},"5":{"loc":{"start":{"line":187,"column":14},"end":{"line":192,"column":15}},"type":"if","locations":[{"start":{"line":187,"column":14},"end":{"line":192,"column":15}},{"start":{"line":187,"column":14},"end":{"line":192,"column":15}}],"line":187},"6":{"loc":{"start":{"line":202,"column":8},"end":{"line":208,"column":9}},"type":"if","locations":[{"start":{"line":202,"column":8},"end":{"line":208,"column":9}},{"start":{"line":202,"column":8},"end":{"line":208,"column":9}}],"line":202},"7":{"loc":{"start":{"line":218,"column":6},"end":{"line":232,"column":7}},"type":"if","locations":[{"start":{"line":218,"column":6},"end":{"line":232,"column":7}},{"start":{"line":218,"column":6},"end":{"line":232,"column":7}}],"line":218},"8":{"loc":{"start":{"line":225,"column":10},"end":{"line":230,"column":11}},"type":"if","locations":[{"start":{"line":225,"column":10},"end":{"line":230,"column":11}},{"start":{"line":225,"column":10},"end":{"line":230,"column":11}}],"line":225},"9":{"loc":{"start":{"line":237,"column":4},"end":{"line":313,"column":3}},"type":"if","locations":[{"start":{"line":237,"column":4},"end":{"line":313,"column":3}},{"start":{"line":237,"column":4},"end":{"line":313,"column":3}}],"line":237},"10":{"loc":{"start":{"line":242,"column":23},"end":{"line":242,"column":116}},"type":"cond-expr","locations":[{"start":{"line":242,"column":63},"end":{"line":242,"column":108}},{"start":{"line":242,"column":111},"end":{"line":242,"column":116}}],"line":242},"11":{"loc":{"start":{"line":252,"column":17},"end":{"line":300,"column":26}},"type":"cond-expr","locations":[{"start":{"line":253,"column":16},"end":{"line":260,"column":24}},{"start":{"line":261,"column":18},"end":{"line":300,"column":26}}],"line":252},"12":{"loc":{"start":{"line":268,"column":21},"end":{"line":297,"column":26}},"type":"cond-expr","locations":[{"start":{"line":268,"column":54},"end":{"line":268,"column":108}},{"start":{"line":269,"column":20},"end":{"line":297,"column":26}}],"line":268},"13":{"loc":{"start":{"line":306,"column":21},"end":{"line":306,"column":125}},"type":"cond-expr","locations":[{"start":{"line":306,"column":102},"end":{"line":306,"column":111}},{"start":{"line":306,"column":114},"end":{"line":306,"column":125}}],"line":306}},"s":{"0":1,"1":1,"2":1,"3":1,"4":1,"5":1,"6":1,"7":1,"8":1,"9":2,"10":2,"11":2,"12":2,"13":2,"14":2,"15":2,"16":2,"17":0,"18":0,"19":2,"20":0,"21":0,"22":0,"23":0,"24":0,"25":0,"26":0,"27":0,"28":0,"29":0,"30":0,"31":0,"32":0,"33":0,"34":0,"35":0,"36":2,"37":0,"38":0,"39":0,"40":0,"41":0,"42":0,"43":0,"44":0,"45":0,"46":0,"47":0,"48":0,"49":0,"50":0,"51":0,"52":0,"53":0,"54":0,"55":0,"56":0,"57":0,"58":0,"59":0,"60":0,"61":0,"62":0,"63":0,"64":0,"65":0,"66":0,"67":0,"68":0,"69":0,"70":0,"71":2,"72":2,"73":1,"74":0,"75":1,"76":0,"77":0,"78":0,"79":1,"80":0,"81":0,"82":0,"83":0,"84":0,"85":0,"86":1},"f":{"0":2,"1":0,"2":0,"3":0,"4":0,"5":0,"6":0,"7":0,"8":0,"9":0,"10":0,"11":0,"12":0,"13":0,"14":0,"15":0,"16":2,"17":0,"18":0,"19":0,"20":0,"21":0,"22":0,"23":0,"24":0},"b":{"0":[1,1],"1":[0,0],"2":[0,0],"3":[0,0],"4":[0,0],"5":[0,0],"6":[0,0],"7":[0,0],"8":[0,0],"9":[1,1],"10":[0,0],"11":[0,1],"12":[1,0],"13":[1,0]},"_coverageSchema":"43e27e138ebf9cfc5966b082cf9a028302ed4184","hash":"6a45e7d6ba8f3887cb05d799e1590cb34454de43"}
,"C:\\Users\\Ben Brown\\Documents\\GitHub\\Class-Scribe\\src\\classscribe-fe\\src\\components\\ImageUpload\\PageCard.js": {"path":"C:\\Users\\Ben Brown\\Documents\\GitHub\\Class-Scribe\\src\\classscribe-fe\\src\\components\\ImageUpload\\PageCard.js","statementMap":{"0":{"start":{"line":12,"column":18},"end":{"line":22,"column":3}},"1":{"start":{"line":24,"column":21},"end":{"line":34,"column":1}},"2":{"start":{"line":38,"column":8},"end":{"line":38,"column":21}},"3":{"start":{"line":39,"column":8},"end":{"line":44,"column":10}},"4":{"start":{"line":48,"column":8},"end":{"line":52,"column":9}},"5":{"start":{"line":49,"column":12},"end":{"line":51,"column":15}},"6":{"start":{"line":55,"column":15},"end":{"line":64,"column":5}},"7":{"start":{"line":56,"column":8},"end":{"line":63,"column":9}},"8":{"start":{"line":57,"column":28},"end":{"line":57,"column":66}},"9":{"start":{"line":58,"column":12},"end":{"line":61,"column":15}},"10":{"start":{"line":60,"column":16},"end":{"line":60,"column":54}},"11":{"start":{"line":62,"column":12},"end":{"line":62,"column":37}},"12":{"start":{"line":67,"column":15},"end":{"line":67,"column":19}},"13":{"start":{"line":68,"column":4},"end":{"line":70,"column":5}},"14":{"start":{"line":69,"column":8},"end":{"line":69,"column":27}},"15":{"start":{"line":71,"column":20},"end":{"line":71,"column":67}},"16":{"start":{"line":72,"column":4},"end":{"line":93,"column":5}},"17":{"start":{"line":73,"column":6},"end":{"line":89,"column":13}},"18":{"start":{"line":75,"column":58},"end":{"line":75,"column":129}},"19":{"start":{"line":80,"column":76},"end":{"line":80,"column":109}},"20":{"start":{"line":92,"column":8},"end":{"line":92,"column":26}}},"fnMap":{"0":{"name":"(anonymous_0)","decl":{"start":{"line":37,"column":4},"end":{"line":37,"column":5}},"loc":{"start":{"line":37,"column":22},"end":{"line":45,"column":5}},"line":37},"1":{"name":"(anonymous_1)","decl":{"start":{"line":47,"column":4},"end":{"line":47,"column":5}},"loc":{"start":{"line":47,"column":30},"end":{"line":53,"column":5}},"line":47},"2":{"name":"(anonymous_2)","decl":{"start":{"line":55,"column":15},"end":{"line":55,"column":16}},"loc":{"start":{"line":55,"column":23},"end":{"line":64,"column":5}},"line":55},"3":{"name":"(anonymous_3)","decl":{"start":{"line":59,"column":19},"end":{"line":59,"column":20}},"loc":{"start":{"line":59,"column":36},"end":{"line":61,"column":13}},"line":59},"4":{"name":"(anonymous_4)","decl":{"start":{"line":66,"column":4},"end":{"line":66,"column":5}},"loc":{"start":{"line":66,"column":12},"end":{"line":94,"column":1}},"line":66},"5":{"name":"(anonymous_5)","decl":{"start":{"line":75,"column":52},"end":{"line":75,"column":53}},"loc":{"start":{"line":75,"column":58},"end":{"line":75,"column":129}},"line":75},"6":{"name":"(anonymous_6)","decl":{"start":{"line":80,"column":70},"end":{"line":80,"column":71}},"loc":{"start":{"line":80,"column":76},"end":{"line":80,"column":109}},"line":80}},"branchMap":{"0":{"loc":{"start":{"line":48,"column":8},"end":{"line":52,"column":9}},"type":"if","locations":[{"start":{"line":48,"column":8},"end":{"line":52,"column":9}},{"start":{"line":48,"column":8},"end":{"line":52,"column":9}}],"line":48},"1":{"loc":{"start":{"line":56,"column":8},"end":{"line":63,"column":9}},"type":"if","locations":[{"start":{"line":56,"column":8},"end":{"line":63,"column":9}},{"start":{"line":56,"column":8},"end":{"line":63,"column":9}}],"line":56},"2":{"loc":{"start":{"line":68,"column":4},"end":{"line":70,"column":5}},"type":"if","locations":[{"start":{"line":68,"column":4},"end":{"line":70,"column":5}},{"start":{"line":68,"column":4},"end":{"line":70,"column":5}}],"line":68},"3":{"loc":{"start":{"line":72,"column":4},"end":{"line":93,"column":5}},"type":"if","locations":[{"start":{"line":72,"column":4},"end":{"line":93,"column":5}},{"start":{"line":72,"column":4},"end":{"line":93,"column":5}}],"line":72},"4":{"loc":{"start":{"line":79,"column":21},"end":{"line":82,"column":37}},"type":"binary-expr","locations":[{"start":{"line":79,"column":21},"end":{"line":79,"column":30}},{"start":{"line":79,"column":34},"end":{"line":79,"column":60}},{"start":{"line":80,"column":24},"end":{"line":82,"column":37}}],"line":79}},"s":{"0":1,"1":1,"2":2,"3":2,"4":0,"5":0,"6":2,"7":0,"8":0,"9":0,"10":0,"11":0,"12":2,"13":2,"14":1,"15":1,"16":1,"17":1,"18":0,"19":0,"20":0},"f":{"0":2,"1":0,"2":0,"3":0,"4":2,"5":0,"6":0},"b":{"0":[0,0],"1":[0,0],"2":[1,1],"3":[1,0],"4":[1,1,1]},"_coverageSchema":"43e27e138ebf9cfc5966b082cf9a028302ed4184","hash":"d87605a7e35f0582170a2773908f3f6a837fb64a"}
,"C:\\Users\\Ben Brown\\Documents\\GitHub\\Class-Scribe\\src\\classscribe-fe\\src\\components\\ImageUpload\\PublicCard.js": {"path":"C:\\Users\\Ben Brown\\Documents\\GitHub\\Class-Scribe\\src\\classscribe-fe\\src\\components\\ImageUpload\\PublicCard.js","statementMap":{"0":{"start":{"line":26,"column":22},"end":{"line":28,"column":1}},"1":{"start":{"line":30,"column":18},"end":{"line":33,"column":1}},"2":{"start":{"line":35,"column":13},"end":{"line":51,"column":1}},"3":{"start":{"line":55,"column":8},"end":{"line":55,"column":21}},"4":{"start":{"line":56,"column":8},"end":{"line":65,"column":10}},"5":{"start":{"line":74,"column":15},"end":{"line":74,"column":19}},"6":{"start":{"line":75,"column":20},"end":{"line":75,"column":22}},"7":{"start":{"line":76,"column":4},"end":{"line":81,"column":5}},"8":{"start":{"line":77,"column":6},"end":{"line":77,"column":43}},"9":{"start":{"line":80,"column":6},"end":{"line":80,"column":44}},"10":{"start":{"line":82,"column":4},"end":{"line":82,"column":38}},"11":{"start":{"line":83,"column":6},"end":{"line":92,"column":13}},"12":{"start":{"line":84,"column":95},"end":{"line":84,"column":136}},"13":{"start":{"line":84,"column":137},"end":{"line":84,"column":171}}},"fnMap":{"0":{"name":"(anonymous_0)","decl":{"start":{"line":54,"column":4},"end":{"line":54,"column":5}},"loc":{"start":{"line":54,"column":22},"end":{"line":66,"column":5}},"line":54},"1":{"name":"(anonymous_1)","decl":{"start":{"line":73,"column":4},"end":{"line":73,"column":5}},"loc":{"start":{"line":73,"column":12},"end":{"line":93,"column":5}},"line":73},"2":{"name":"(anonymous_2)","decl":{"start":{"line":84,"column":85},"end":{"line":84,"column":86}},"loc":{"start":{"line":84,"column":94},"end":{"line":84,"column":172}},"line":84}},"branchMap":{"0":{"loc":{"start":{"line":76,"column":4},"end":{"line":81,"column":5}},"type":"if","locations":[{"start":{"line":76,"column":4},"end":{"line":81,"column":5}},{"start":{"line":76,"column":4},"end":{"line":81,"column":5}}],"line":76}},"s":{"0":1,"1":1,"2":1,"3":0,"4":0,"5":0,"6":0,"7":0,"8":0,"9":0,"10":0,"11":0,"12":0,"13":0},"f":{"0":0,"1":0,"2":0},"b":{"0":[0,0]},"_coverageSchema":"43e27e138ebf9cfc5966b082cf9a028302ed4184","hash":"eea7eb3a78b6c4d59ffa5d13de0a158fae7f8681"}
,"C:\\Users\\Ben Brown\\Documents\\GitHub\\Class-Scribe\\src\\classscribe-fe\\src\\components\\ImageUpload\\download.js": {"path":"C:\\Users\\Ben Brown\\Documents\\GitHub\\Class-Scribe\\src\\classscribe-fe\\src\\components\\ImageUpload\\download.js","statementMap":{"0":{"start":{"line":7,"column":4},"end":{"line":7,"column":17}},"1":{"start":{"line":8,"column":4},"end":{"line":8,"column":57}},"2":{"start":{"line":13,"column":4},"end":{"line":13,"column":32}},"3":{"start":{"line":14,"column":20},"end":{"line":14,"column":66}},"4":{"start":{"line":15,"column":19},"end":{"line":15,"column":33}},"5":{"start":{"line":16,"column":4},"end":{"line":20,"column":5}},"6":{"start":{"line":18,"column":17},"end":{"line":18,"column":34}},"7":{"start":{"line":19,"column":4},"end":{"line":19,"column":33}},"8":{"start":{"line":24,"column":4},"end":{"line":29,"column":6}}},"fnMap":{"0":{"name":"(anonymous_0)","decl":{"start":{"line":6,"column":2},"end":{"line":6,"column":3}},"loc":{"start":{"line":6,"column":21},"end":{"line":9,"column":3}},"line":6},"1":{"name":"(anonymous_1)","decl":{"start":{"line":11,"column":2},"end":{"line":11,"column":3}},"loc":{"start":{"line":12,"column":2},"end":{"line":21,"column":3}},"line":12},"2":{"name":"(anonymous_2)","decl":{"start":{"line":23,"column":2},"end":{"line":23,"column":3}},"loc":{"start":{"line":23,"column":11},"end":{"line":30,"column":3}},"line":23}},"branchMap":{"0":{"loc":{"start":{"line":16,"column":4},"end":{"line":20,"column":5}},"type":"if","locations":[{"start":{"line":16,"column":4},"end":{"line":20,"column":5}},{"start":{"line":16,"column":4},"end":{"line":20,"column":5}}],"line":16}},"s":{"0":0,"1":0,"2":0,"3":0,"4":0,"5":0,"6":0,"7":0,"8":0},"f":{"0":0,"1":0,"2":0},"b":{"0":[0,0]},"_coverageSchema":"43e27e138ebf9cfc5966b082cf9a028302ed4184","hash":"7d26afa4f47fda6a59d9cbe67c384f6b82621dcf"}
,"C:\\Users\\Ben Brown\\Documents\\GitHub\\Class-Scribe\\src\\classscribe-fe\\src\\components\\ImageUpload\\index.js": {"path":"C:\\Users\\Ben Brown\\Documents\\GitHub\\Class-Scribe\\src\\classscribe-fe\\src\\components\\ImageUpload\\index.js","statementMap":{"0":{"start":{"line":18,"column":17},"end":{"line":28,"column":1}},"1":{"start":{"line":30,"column":17},"end":{"line":35,"column":1}},"2":{"start":{"line":37,"column":19},"end":{"line":40,"column":1}},"3":{"start":{"line":42,"column":24},"end":{"line":56,"column":1}},"4":{"start":{"line":58,"column":19},"end":{"line":60,"column":1}},"5":{"start":{"line":61,"column":17},"end":{"line":73,"column":1}},"6":{"start":{"line":75,"column":17},"end":{"line":89,"column":1}},"7":{"start":{"line":92,"column":18},"end":{"line":100,"column":2}},"8":{"start":{"line":106,"column":32},"end":{"line":108,"column":2}},"9":{"start":{"line":110,"column":22},"end":{"line":113,"column":2}},"10":{"start":{"line":115,"column":21},"end":{"line":119,"column":2}},"11":{"start":{"line":123,"column":4},"end":{"line":123,"column":17}},"12":{"start":{"line":124,"column":4},"end":{"line":142,"column":6}},"13":{"start":{"line":143,"column":4},"end":{"line":143,"column":47}},"14":{"start":{"line":144,"column":4},"end":{"line":144,"column":59}},"15":{"start":{"line":145,"column":4},"end":{"line":145,"column":69}},"16":{"start":{"line":146,"column":4},"end":{"line":146,"column":45}},"17":{"start":{"line":147,"column":4},"end":{"line":147,"column":55}},"18":{"start":{"line":148,"column":4},"end":{"line":148,"column":51}},"19":{"start":{"line":149,"column":4},"end":{"line":149,"column":75}},"20":{"start":{"line":158,"column":4},"end":{"line":158,"column":53}},"21":{"start":{"line":159,"column":4},"end":{"line":159,"column":22}},"22":{"start":{"line":167,"column":4},"end":{"line":167,"column":34}},"23":{"start":{"line":171,"column":4},"end":{"line":171,"column":26}},"24":{"start":{"line":172,"column":4},"end":{"line":172,"column":34}},"25":{"start":{"line":176,"column":16},"end":{"line":176,"column":110}},"26":{"start":{"line":177,"column":4},"end":{"line":183,"column":5}},"27":{"start":{"line":178,"column":21},"end":{"line":178,"column":29}},"28":{"start":{"line":179,"column":8},"end":{"line":182,"column":11}},"29":{"start":{"line":184,"column":4},"end":{"line":186,"column":5}},"30":{"start":{"line":185,"column":6},"end":{"line":185,"column":23}},"31":{"start":{"line":192,"column":4},"end":{"line":226,"column":2}},"32":{"start":{"line":194,"column":4},"end":{"line":225,"column":5}},"33":{"start":{"line":195,"column":19},"end":{"line":195,"column":32}},"34":{"start":{"line":196,"column":6},"end":{"line":196,"column":34}},"35":{"start":{"line":197,"column":6},"end":{"line":224,"column":5}},"36":{"start":{"line":198,"column":19},"end":{"line":198,"column":21}},"37":{"start":{"line":199,"column":19},"end":{"line":199,"column":21}},"38":{"start":{"line":200,"column":6},"end":{"line":202,"column":9}},"39":{"start":{"line":200,"column":18},"end":{"line":200,"column":19}},"40":{"start":{"line":201,"column":10},"end":{"line":201,"column":54}},"41":{"start":{"line":203,"column":8},"end":{"line":206,"column":11}},"42":{"start":{"line":210,"column":8},"end":{"line":212,"column":11}},"43":{"start":{"line":213,"column":10},"end":{"line":217,"column":11}},"44":{"start":{"line":214,"column":12},"end":{"line":216,"column":13}},"45":{"start":{"line":214,"column":25},"end":{"line":214,"column":26}},"46":{"start":{"line":215,"column":14},"end":{"line":215,"column":90}},"47":{"start":{"line":218,"column":6},"end":{"line":222,"column":9}},"48":{"start":{"line":223,"column":6},"end":{"line":223,"column":40}},"49":{"start":{"line":228,"column":0},"end":{"line":228,"column":76}},"50":{"start":{"line":237,"column":14},"end":{"line":237,"column":28}},"51":{"start":{"line":238,"column":15},"end":{"line":238,"column":20}},"52":{"start":{"line":239,"column":12},"end":{"line":239,"column":13}},"53":{"start":{"line":241,"column":10},"end":{"line":246,"column":4}},"54":{"start":{"line":242,"column":4},"end":{"line":245,"column":5}},"55":{"start":{"line":243,"column":6},"end":{"line":243,"column":33}},"56":{"start":{"line":244,"column":6},"end":{"line":244,"column":20}},"57":{"start":{"line":247,"column":2},"end":{"line":247,"column":10}},"58":{"start":{"line":250,"column":19},"end":{"line":287,"column":3}},"59":{"start":{"line":251,"column":15},"end":{"line":251,"column":19}},"60":{"start":{"line":252,"column":4},"end":{"line":286,"column":5}},"61":{"start":{"line":263,"column":12},"end":{"line":265,"column":13}},"62":{"start":{"line":264,"column":14},"end":{"line":264,"column":20}},"63":{"start":{"line":266,"column":12},"end":{"line":266,"column":48}},"64":{"start":{"line":267,"column":12},"end":{"line":267,"column":30}},"65":{"start":{"line":277,"column":14},"end":{"line":279,"column":15}},"66":{"start":{"line":278,"column":16},"end":{"line":278,"column":22}},"67":{"start":{"line":280,"column":14},"end":{"line":280,"column":49}},"68":{"start":{"line":281,"column":14},"end":{"line":281,"column":32}},"69":{"start":{"line":290,"column":14},"end":{"line":290,"column":30}},"70":{"start":{"line":291,"column":2},"end":{"line":291,"column":52}},"71":{"start":{"line":292,"column":2},"end":{"line":292,"column":32}},"72":{"start":{"line":321,"column":2},"end":{"line":329,"column":4}},"73":{"start":{"line":323,"column":4},"end":{"line":326,"column":5}},"74":{"start":{"line":324,"column":19},"end":{"line":324,"column":32}},"75":{"start":{"line":325,"column":6},"end":{"line":325,"column":42}},"76":{"start":{"line":344,"column":15},"end":{"line":364,"column":3}},"77":{"start":{"line":346,"column":17},"end":{"line":346,"column":33}},"78":{"start":{"line":347,"column":4},"end":{"line":349,"column":5}},"79":{"start":{"line":348,"column":6},"end":{"line":348,"column":37}},"80":{"start":{"line":350,"column":4},"end":{"line":354,"column":7}},"81":{"start":{"line":355,"column":13},"end":{"line":355,"column":15}},"82":{"start":{"line":356,"column":6},"end":{"line":360,"column":7}},"83":{"start":{"line":357,"column":8},"end":{"line":359,"column":9}},"84":{"start":{"line":357,"column":20},"end":{"line":357,"column":21}},"85":{"start":{"line":358,"column":8},"end":{"line":358,"column":75}},"86":{"start":{"line":362,"column":2},"end":{"line":362,"column":29}},"87":{"start":{"line":363,"column":2},"end":{"line":363,"column":36}},"88":{"start":{"line":367,"column":4},"end":{"line":367,"column":34}},"89":{"start":{"line":368,"column":17},"end":{"line":368,"column":33}},"90":{"start":{"line":369,"column":4},"end":{"line":371,"column":5}},"91":{"start":{"line":370,"column":6},"end":{"line":370,"column":37}},"92":{"start":{"line":372,"column":4},"end":{"line":382,"column":5}},"93":{"start":{"line":373,"column":6},"end":{"line":373,"column":24}},"94":{"start":{"line":374,"column":6},"end":{"line":380,"column":8}},"95":{"start":{"line":381,"column":6},"end":{"line":381,"column":12}},"96":{"start":{"line":383,"column":4},"end":{"line":388,"column":7}},"97":{"start":{"line":389,"column":13},"end":{"line":389,"column":15}},"98":{"start":{"line":390,"column":13},"end":{"line":390,"column":15}},"99":{"start":{"line":391,"column":4},"end":{"line":400,"column":5}},"100":{"start":{"line":392,"column":4},"end":{"line":394,"column":5}},"101":{"start":{"line":392,"column":16},"end":{"line":392,"column":17}},"102":{"start":{"line":393,"column":6},"end":{"line":393,"column":38}},"103":{"start":{"line":395,"column":4},"end":{"line":399,"column":7}},"104":{"start":{"line":396,"column":8},"end":{"line":398,"column":9}},"105":{"start":{"line":396,"column":20},"end":{"line":396,"column":21}},"106":{"start":{"line":397,"column":10},"end":{"line":397,"column":59}},"107":{"start":{"line":401,"column":2},"end":{"line":401,"column":64}},"108":{"start":{"line":402,"column":2},"end":{"line":402,"column":39}},"109":{"start":{"line":405,"column":14},"end":{"line":407,"column":3}},"110":{"start":{"line":406,"column":4},"end":{"line":406,"column":45}},"111":{"start":{"line":409,"column":20},"end":{"line":411,"column":3}},"112":{"start":{"line":410,"column":4},"end":{"line":410,"column":31}},"113":{"start":{"line":413,"column":19},"end":{"line":425,"column":3}},"114":{"start":{"line":414,"column":21},"end":{"line":414,"column":23}},"115":{"start":{"line":416,"column":4},"end":{"line":422,"column":5}},"116":{"start":{"line":416,"column":17},"end":{"line":416,"column":18}},"117":{"start":{"line":417,"column":6},"end":{"line":421,"column":8}},"118":{"start":{"line":424,"column":4},"end":{"line":424,"column":22}},"119":{"start":{"line":429,"column":17},"end":{"line":429,"column":21}},"120":{"start":{"line":430,"column":16},"end":{"line":430,"column":32}},"121":{"start":{"line":431,"column":4},"end":{"line":443,"column":9}},"122":{"start":{"line":432,"column":6},"end":{"line":439,"column":11}},"123":{"start":{"line":433,"column":23},"end":{"line":435,"column":10}},"124":{"start":{"line":434,"column":10},"end":{"line":434,"column":89}},"125":{"start":{"line":437,"column":23},"end":{"line":439,"column":10}},"126":{"start":{"line":438,"column":10},"end":{"line":438,"column":126}},"127":{"start":{"line":438,"column":51},"end":{"line":438,"column":72}},"128":{"start":{"line":442,"column":10},"end":{"line":442,"column":57}},"129":{"start":{"line":444,"column":4},"end":{"line":451,"column":9}},"130":{"start":{"line":445,"column":6},"end":{"line":450,"column":12}},"131":{"start":{"line":453,"column":4},"end":{"line":478,"column":6}},"132":{"start":{"line":473,"column":35},"end":{"line":473,"column":63}}},"fnMap":{"0":{"name":"(anonymous_0)","decl":{"start":{"line":122,"column":2},"end":{"line":122,"column":3}},"loc":{"start":{"line":122,"column":21},"end":{"line":150,"column":3}},"line":122},"1":{"name":"(anonymous_1)","decl":{"start":{"line":157,"column":2},"end":{"line":157,"column":3}},"loc":{"start":{"line":157,"column":38},"end":{"line":160,"column":3}},"line":157},"2":{"name":"(anonymous_2)","decl":{"start":{"line":166,"column":2},"end":{"line":166,"column":3}},"loc":{"start":{"line":166,"column":20},"end":{"line":168,"column":3}},"line":166},"3":{"name":"(anonymous_3)","decl":{"start":{"line":170,"column":2},"end":{"line":170,"column":3}},"loc":{"start":{"line":170,"column":28},"end":{"line":173,"column":3}},"line":170},"4":{"name":"(anonymous_4)","decl":{"start":{"line":175,"column":2},"end":{"line":175,"column":3}},"loc":{"start":{"line":175,"column":18},"end":{"line":188,"column":1}},"line":175},"5":{"name":"(anonymous_5)","decl":{"start":{"line":190,"column":0},"end":{"line":190,"column":1}},"loc":{"start":{"line":191,"column":2},"end":{"line":233,"column":3}},"line":191},"6":{"name":"(anonymous_6)","decl":{"start":{"line":192,"column":77},"end":{"line":192,"column":78}},"loc":{"start":{"line":192,"column":85},"end":{"line":226,"column":1}},"line":192},"7":{"name":"(anonymous_7)","decl":{"start":{"line":236,"column":0},"end":{"line":236,"column":1}},"loc":{"start":{"line":236,"column":27},"end":{"line":248,"column":1}},"line":236},"8":{"name":"(anonymous_8)","decl":{"start":{"line":241,"column":22},"end":{"line":241,"column":23}},"loc":{"start":{"line":241,"column":41},"end":{"line":246,"column":3}},"line":241},"9":{"name":"(anonymous_9)","decl":{"start":{"line":242,"column":29},"end":{"line":242,"column":30}},"loc":{"start":{"line":242,"column":35},"end":{"line":245,"column":5}},"line":242},"10":{"name":"(anonymous_10)","decl":{"start":{"line":250,"column":19},"end":{"line":250,"column":20}},"loc":{"start":{"line":250,"column":25},"end":{"line":287,"column":3}},"line":250},"11":{"name":"(anonymous_11)","decl":{"start":{"line":262,"column":19},"end":{"line":262,"column":20}},"loc":{"start":{"line":262,"column":40},"end":{"line":267,"column":31}},"line":262},"12":{"name":"(anonymous_12)","decl":{"start":{"line":276,"column":21},"end":{"line":276,"column":22}},"loc":{"start":{"line":276,"column":42},"end":{"line":281,"column":33}},"line":276},"13":{"name":"(anonymous_13)","decl":{"start":{"line":289,"column":0},"end":{"line":289,"column":1}},"loc":{"start":{"line":289,"column":23},"end":{"line":293,"column":1}},"line":289},"14":{"name":"(anonymous_14)","decl":{"start":{"line":320,"column":0},"end":{"line":320,"column":1}},"loc":{"start":{"line":320,"column":33},"end":{"line":330,"column":1}},"line":320},"15":{"name":"(anonymous_15)","decl":{"start":{"line":321,"column":113},"end":{"line":321,"column":114}},"loc":{"start":{"line":321,"column":121},"end":{"line":329,"column":3}},"line":321},"16":{"name":"(anonymous_16)","decl":{"start":{"line":332,"column":0},"end":{"line":332,"column":1}},"loc":{"start":{"line":332,"column":28},"end":{"line":342,"column":1}},"line":332},"17":{"name":"(anonymous_17)","decl":{"start":{"line":344,"column":15},"end":{"line":344,"column":16}},"loc":{"start":{"line":344,"column":25},"end":{"line":364,"column":3}},"line":344},"18":{"name":"(anonymous_18)","decl":{"start":{"line":366,"column":2},"end":{"line":366,"column":3}},"loc":{"start":{"line":366,"column":26},"end":{"line":403,"column":3}},"line":366},"19":{"name":"(anonymous_19)","decl":{"start":{"line":405,"column":14},"end":{"line":405,"column":15}},"loc":{"start":{"line":405,"column":29},"end":{"line":407,"column":3}},"line":405},"20":{"name":"(anonymous_20)","decl":{"start":{"line":409,"column":20},"end":{"line":409,"column":21}},"loc":{"start":{"line":409,"column":30},"end":{"line":411,"column":3}},"line":409},"21":{"name":"(anonymous_21)","decl":{"start":{"line":413,"column":19},"end":{"line":413,"column":20}},"loc":{"start":{"line":413,"column":25},"end":{"line":425,"column":3}},"line":413},"22":{"name":"(anonymous_22)","decl":{"start":{"line":428,"column":2},"end":{"line":428,"column":3}},"loc":{"start":{"line":428,"column":11},"end":{"line":479,"column":3}},"line":428},"23":{"name":"(anonymous_23)","decl":{"start":{"line":433,"column":50},"end":{"line":433,"column":51}},"loc":{"start":{"line":433,"column":64},"end":{"line":435,"column":9}},"line":433},"24":{"name":"(anonymous_24)","decl":{"start":{"line":437,"column":44},"end":{"line":437,"column":45}},"loc":{"start":{"line":437,"column":58},"end":{"line":439,"column":9}},"line":437},"25":{"name":"(anonymous_25)","decl":{"start":{"line":438,"column":42},"end":{"line":438,"column":43}},"loc":{"start":{"line":438,"column":51},"end":{"line":438,"column":72}},"line":438},"26":{"name":"(anonymous_26)","decl":{"start":{"line":473,"column":26},"end":{"line":473,"column":27}},"loc":{"start":{"line":473,"column":35},"end":{"line":473,"column":63}},"line":473}},"branchMap":{"0":{"loc":{"start":{"line":177,"column":4},"end":{"line":183,"column":5}},"type":"if","locations":[{"start":{"line":177,"column":4},"end":{"line":183,"column":5}},{"start":{"line":177,"column":4},"end":{"line":183,"column":5}}],"line":177},"1":{"loc":{"start":{"line":184,"column":4},"end":{"line":186,"column":5}},"type":"if","locations":[{"start":{"line":184,"column":4},"end":{"line":186,"column":5}},{"start":{"line":184,"column":4},"end":{"line":186,"column":5}}],"line":184},"2":{"loc":{"start":{"line":184,"column":7},"end":{"line":184,"column":77}},"type":"binary-expr","locations":[{"start":{"line":184,"column":7},"end":{"line":184,"column":40}},{"start":{"line":184,"column":44},"end":{"line":184,"column":77}}],"line":184},"3":{"loc":{"start":{"line":194,"column":4},"end":{"line":225,"column":5}},"type":"if","locations":[{"start":{"line":194,"column":4},"end":{"line":225,"column":5}},{"start":{"line":194,"column":4},"end":{"line":225,"column":5}}],"line":194},"4":{"loc":{"start":{"line":197,"column":6},"end":{"line":224,"column":5}},"type":"if","locations":[{"start":{"line":197,"column":6},"end":{"line":224,"column":5}},{"start":{"line":197,"column":6},"end":{"line":224,"column":5}}],"line":197},"5":{"loc":{"start":{"line":213,"column":10},"end":{"line":217,"column":11}},"type":"if","locations":[{"start":{"line":213,"column":10},"end":{"line":217,"column":11}},{"start":{"line":213,"column":10},"end":{"line":217,"column":11}}],"line":213},"6":{"loc":{"start":{"line":263,"column":12},"end":{"line":265,"column":13}},"type":"if","locations":[{"start":{"line":263,"column":12},"end":{"line":265,"column":13}},{"start":{"line":263,"column":12},"end":{"line":265,"column":13}}],"line":263},"7":{"loc":{"start":{"line":277,"column":14},"end":{"line":279,"column":15}},"type":"if","locations":[{"start":{"line":277,"column":14},"end":{"line":279,"column":15}},{"start":{"line":277,"column":14},"end":{"line":279,"column":15}}],"line":277},"8":{"loc":{"start":{"line":323,"column":4},"end":{"line":326,"column":5}},"type":"if","locations":[{"start":{"line":323,"column":4},"end":{"line":326,"column":5}},{"start":{"line":323,"column":4},"end":{"line":326,"column":5}}],"line":323},"9":{"loc":{"start":{"line":347,"column":4},"end":{"line":349,"column":5}},"type":"if","locations":[{"start":{"line":347,"column":4},"end":{"line":349,"column":5}},{"start":{"line":347,"column":4},"end":{"line":349,"column":5}}],"line":347},"10":{"loc":{"start":{"line":356,"column":6},"end":{"line":360,"column":7}},"type":"if","locations":[{"start":{"line":356,"column":6},"end":{"line":360,"column":7}},{"start":{"line":356,"column":6},"end":{"line":360,"column":7}}],"line":356},"11":{"loc":{"start":{"line":369,"column":4},"end":{"line":371,"column":5}},"type":"if","locations":[{"start":{"line":369,"column":4},"end":{"line":371,"column":5}},{"start":{"line":369,"column":4},"end":{"line":371,"column":5}}],"line":369},"12":{"loc":{"start":{"line":372,"column":4},"end":{"line":382,"column":5}},"type":"if","locations":[{"start":{"line":372,"column":4},"end":{"line":382,"column":5}},{"start":{"line":372,"column":4},"end":{"line":382,"column":5}}],"line":372},"13":{"loc":{"start":{"line":386,"column":18},"end":{"line":386,"column":126}},"type":"cond-expr","locations":[{"start":{"line":386,"column":89},"end":{"line":386,"column":122}},{"start":{"line":386,"column":124},"end":{"line":386,"column":126}}],"line":386},"14":{"loc":{"start":{"line":386,"column":18},"end":{"line":386,"column":85}},"type":"binary-expr","locations":[{"start":{"line":386,"column":18},"end":{"line":386,"column":46}},{"start":{"line":386,"column":50},"end":{"line":386,"column":85}}],"line":386},"15":{"loc":{"start":{"line":387,"column":13},"end":{"line":387,"column":123}},"type":"cond-expr","locations":[{"start":{"line":387,"column":83},"end":{"line":387,"column":111}},{"start":{"line":387,"column":114},"end":{"line":387,"column":123}}],"line":387},"16":{"loc":{"start":{"line":387,"column":13},"end":{"line":387,"column":80}},"type":"binary-expr","locations":[{"start":{"line":387,"column":13},"end":{"line":387,"column":41}},{"start":{"line":387,"column":45},"end":{"line":387,"column":80}}],"line":387},"17":{"loc":{"start":{"line":391,"column":4},"end":{"line":400,"column":5}},"type":"if","locations":[{"start":{"line":391,"column":4},"end":{"line":400,"column":5}},{"start":{"line":391,"column":4},"end":{"line":400,"column":5}}],"line":391},"18":{"loc":{"start":{"line":395,"column":4},"end":{"line":399,"column":7}},"type":"if","locations":[{"start":{"line":395,"column":4},"end":{"line":399,"column":7}},{"start":{"line":395,"column":4},"end":{"line":399,"column":7}}],"line":395},"19":{"loc":{"start":{"line":431,"column":4},"end":{"line":443,"column":9}},"type":"if","locations":[{"start":{"line":431,"column":4},"end":{"line":443,"column":9}},{"start":{"line":431,"column":4},"end":{"line":443,"column":9}}],"line":431},"20":{"loc":{"start":{"line":432,"column":6},"end":{"line":439,"column":11}},"type":"if","locations":[{"start":{"line":432,"column":6},"end":{"line":439,"column":11}},{"start":{"line":432,"column":6},"end":{"line":439,"column":11}}],"line":432},"21":{"loc":{"start":{"line":444,"column":4},"end":{"line":451,"column":9}},"type":"if","locations":[{"start":{"line":444,"column":4},"end":{"line":451,"column":9}},{"start":{"line":444,"column":4},"end":{"line":451,"column":9}}],"line":444},"22":{"loc":{"start":{"line":444,"column":7},"end":{"line":444,"column":76}},"type":"binary-expr","locations":[{"start":{"line":444,"column":7},"end":{"line":444,"column":39}},{"start":{"line":444,"column":43},"end":{"line":444,"column":76}}],"line":444},"23":{"loc":{"start":{"line":447,"column":32},"end":{"line":447,"column":75}},"type":"binary-expr","locations":[{"start":{"line":447,"column":32},"end":{"line":447,"column":47}},{"start":{"line":447,"column":51},"end":{"line":447,"column":75}}],"line":447},"24":{"loc":{"start":{"line":456,"column":50},"end":{"line":456,"column":93}},"type":"binary-expr","locations":[{"start":{"line":456,"column":50},"end":{"line":456,"column":65}},{"start":{"line":456,"column":69},"end":{"line":456,"column":93}}],"line":456},"25":{"loc":{"start":{"line":460,"column":11},"end":{"line":460,"column":176}},"type":"cond-expr","locations":[{"start":{"line":460,"column":63},"end":{"line":460,"column":144}},{"start":{"line":460,"column":147},"end":{"line":460,"column":176}}],"line":460},"26":{"loc":{"start":{"line":460,"column":11},"end":{"line":460,"column":60}},"type":"binary-expr","locations":[{"start":{"line":460,"column":11},"end":{"line":460,"column":28}},{"start":{"line":460,"column":32},"end":{"line":460,"column":60}}],"line":460},"27":{"loc":{"start":{"line":465,"column":11},"end":{"line":465,"column":128}},"type":"cond-expr","locations":[{"start":{"line":465,"column":62},"end":{"line":465,"column":92}},{"start":{"line":465,"column":95},"end":{"line":465,"column":128}}],"line":465},"28":{"loc":{"start":{"line":465,"column":11},"end":{"line":465,"column":59}},"type":"binary-expr","locations":[{"start":{"line":465,"column":11},"end":{"line":465,"column":28}},{"start":{"line":465,"column":32},"end":{"line":465,"column":59}}],"line":465},"29":{"loc":{"start":{"line":468,"column":10},"end":{"line":468,"column":229}},"type":"cond-expr","locations":[{"start":{"line":468,"column":67},"end":{"line":468,"column":198}},{"start":{"line":468,"column":201},"end":{"line":468,"column":229}}],"line":468},"30":{"loc":{"start":{"line":468,"column":10},"end":{"line":468,"column":63}},"type":"binary-expr","locations":[{"start":{"line":468,"column":10},"end":{"line":468,"column":27}},{"start":{"line":468,"column":31},"end":{"line":468,"column":63}}],"line":468}},"s":{"0":1,"1":1,"2":1,"3":1,"4":1,"5":1,"6":1,"7":1,"8":1,"9":1,"10":1,"11":0,"12":0,"13":0,"14":0,"15":0,"16":0,"17":0,"18":0,"19":0,"20":0,"21":0,"22":0,"23":0,"24":0,"25":0,"26":0,"27":0,"28":0,"29":0,"30":0,"31":0,"32":0,"33":0,"34":0,"35":0,"36":0,"37":0,"38":0,"39":0,"40":0,"41":0,"42":0,"43":0,"44":0,"45":0,"46":0,"47":0,"48":0,"49":0,"50":0,"51":0,"52":0,"53":0,"54":0,"55":0,"56":0,"57":0,"58":0,"59":0,"60":0,"61":0,"62":0,"63":0,"64":0,"65":0,"66":0,"67":0,"68":0,"69":0,"70":0,"71":0,"72":0,"73":0,"74":0,"75":0,"76":0,"77":0,"78":0,"79":0,"80":0,"81":0,"82":0,"83":0,"84":0,"85":0,"86":0,"87":0,"88":0,"89":0,"90":0,"91":0,"92":0,"93":0,"94":0,"95":0,"96":0,"97":0,"98":0,"99":0,"100":0,"101":0,"102":0,"103":0,"104":0,"105":0,"106":0,"107":0,"108":0,"109":0,"110":0,"111":0,"112":0,"113":0,"114":0,"115":0,"116":0,"117":0,"118":0,"119":0,"120":0,"121":0,"122":0,"123":0,"124":0,"125":0,"126":0,"127":0,"128":0,"129":0,"130":0,"131":0,"132":0},"f":{"0":0,"1":0,"2":0,"3":0,"4":0,"5":0,"6":0,"7":0,"8":0,"9":0,"10":0,"11":0,"12":0,"13":0,"14":0,"15":0,"16":0,"17":0,"18":0,"19":0,"20":0,"21":0,"22":0,"23":0,"24":0,"25":0,"26":0},"b":{"0":[0,0],"1":[0,0],"2":[0,0],"3":[0,0],"4":[0,0],"5":[0,0],"6":[0,0],"7":[0,0],"8":[0,0],"9":[0,0],"10":[0,0],"11":[0,0],"12":[0,0],"13":[0,0],"14":[0,0],"15":[0,0],"16":[0,0],"17":[0,0],"18":[0,0],"19":[0,0],"20":[0,0],"21":[0,0],"22":[0,0],"23":[0,0],"24":[0,0],"25":[0,0],"26":[0,0],"27":[0,0],"28":[0,0],"29":[0,0],"30":[0,0]},"_coverageSchema":"43e27e138ebf9cfc5966b082cf9a028302ed4184","hash":"d73748989d36cfcfddd56841e5cd3b6bef845488"}
,"C:\\Users\\Ben Brown\\Documents\\GitHub\\Class-Scribe\\src\\classscribe-fe\\src\\components\\ImageUpload\\toggle.js": {"path":"C:\\Users\\Ben Brown\\Documents\\GitHub\\Class-Scribe\\src\\classscribe-fe\\src\\components\\ImageUpload\\toggle.js","statementMap":{"0":{"start":{"line":8,"column":8},"end":{"line":8,"column":21}},"1":{"start":{"line":9,"column":8},"end":{"line":11,"column":10}},"2":{"start":{"line":15,"column":8},"end":{"line":20,"column":9}},"3":{"start":{"line":18,"column":91},"end":{"line":18,"column":128}}},"fnMap":{"0":{"name":"(anonymous_0)","decl":{"start":{"line":7,"column":4},"end":{"line":7,"column":5}},"loc":{"start":{"line":7,"column":22},"end":{"line":12,"column":5}},"line":7},"1":{"name":"(anonymous_1)","decl":{"start":{"line":14,"column":4},"end":{"line":14,"column":5}},"loc":{"start":{"line":14,"column":12},"end":{"line":21,"column":5}},"line":14},"2":{"name":"(anonymous_2)","decl":{"start":{"line":18,"column":80},"end":{"line":18,"column":81}},"loc":{"start":{"line":18,"column":91},"end":{"line":18,"column":128}},"line":18}},"branchMap":{},"s":{"0":0,"1":0,"2":0,"3":0},"f":{"0":0,"1":0,"2":0},"b":{},"_coverageSchema":"43e27e138ebf9cfc5966b082cf9a028302ed4184","hash":"4a317c077e5703d9a2a1888e5fe48c6b3fe30d74"}
,"C:\\Users\\Ben Brown\\Documents\\GitHub\\Class-Scribe\\src\\classscribe-fe\\src\\components\\customAdmin\\classEvent.js": {"path":"C:\\Users\\Ben Brown\\Documents\\GitHub\\Class-Scribe\\src\\classscribe-fe\\src\\components\\customAdmin\\classEvent.js","statementMap":{"0":{"start":{"line":4,"column":18},"end":{"line":14,"column":1}},"1":{"start":{"line":24,"column":8},"end":{"line":24,"column":18}},"2":{"start":{"line":25,"column":4},"end":{"line":33,"column":6}},"3":{"start":{"line":37,"column":0},"end":{"line":37,"column":33}}},"fnMap":{"0":{"name":"(anonymous_0)","decl":{"start":{"line":18,"column":2},"end":{"line":18,"column":3}},"loc":{"start":{"line":18,"column":11},"end":{"line":34,"column":3}},"line":18}},"branchMap":{},"s":{"0":1,"1":0,"2":0,"3":1},"f":{"0":0},"b":{},"_coverageSchema":"43e27e138ebf9cfc5966b082cf9a028302ed4184","hash":"59d37f41735a2685a9972ff1919a35f36de0e065"}
,"C:\\Users\\Ben Brown\\Documents\\GitHub\\Class-Scribe\\src\\classscribe-fe\\src\\components\\customAdmin\\classModal.js": {"path":"C:\\Users\\Ben Brown\\Documents\\GitHub\\Class-Scribe\\src\\classscribe-fe\\src\\components\\customAdmin\\classModal.js","statementMap":{"0":{"start":{"line":16,"column":8},"end":{"line":16,"column":21}},"1":{"start":{"line":17,"column":8},"end":{"line":32,"column":10}},"2":{"start":{"line":34,"column":8},"end":{"line":34,"column":25}},"3":{"start":{"line":35,"column":8},"end":{"line":35,"column":51}},"4":{"start":{"line":41,"column":20},"end":{"line":41,"column":35}},"5":{"start":{"line":42,"column":8},"end":{"line":44,"column":9}},"6":{"start":{"line":43,"column":12},"end":{"line":43,"column":24}},"7":{"start":{"line":45,"column":18},"end":{"line":50,"column":9}},"8":{"start":{"line":52,"column":8},"end":{"line":57,"column":9}},"9":{"start":{"line":53,"column":22},"end":{"line":53,"column":37}},"10":{"start":{"line":54,"column":12},"end":{"line":54,"column":42}},"11":{"start":{"line":55,"column":12},"end":{"line":55,"column":41}},"12":{"start":{"line":56,"column":12},"end":{"line":56,"column":60}},"13":{"start":{"line":59,"column":8},"end":{"line":76,"column":9}},"14":{"start":{"line":60,"column":22},"end":{"line":60,"column":43}},"15":{"start":{"line":61,"column":12},"end":{"line":63,"column":13}},"16":{"start":{"line":62,"column":16},"end":{"line":62,"column":28}},"17":{"start":{"line":64,"column":12},"end":{"line":64,"column":42}},"18":{"start":{"line":65,"column":12},"end":{"line":65,"column":41}},"19":{"start":{"line":66,"column":12},"end":{"line":66,"column":60}},"20":{"start":{"line":69,"column":22},"end":{"line":69,"column":43}},"21":{"start":{"line":70,"column":12},"end":{"line":75,"column":13}},"22":{"start":{"line":71,"column":16},"end":{"line":71,"column":28}},"23":{"start":{"line":74,"column":16},"end":{"line":74,"column":29}},"24":{"start":{"line":80,"column":19},"end":{"line":80,"column":23}},"25":{"start":{"line":81,"column":8},"end":{"line":96,"column":9}},"26":{"start":{"line":82,"column":27},"end":{"line":82,"column":174}},"27":{"start":{"line":83,"column":12},"end":{"line":95,"column":19}},"28":{"start":{"line":85,"column":20},"end":{"line":94,"column":23}},"29":{"start":{"line":99,"column":19},"end":{"line":101,"column":5}},"30":{"start":{"line":100,"column":8},"end":{"line":100,"column":30}},"31":{"start":{"line":104,"column":19},"end":{"line":104,"column":23}},"32":{"start":{"line":105,"column":21},"end":{"line":105,"column":35}},"33":{"start":{"line":106,"column":8},"end":{"line":106,"column":51}},"34":{"start":{"line":107,"column":8},"end":{"line":110,"column":9}},"35":{"start":{"line":108,"column":12},"end":{"line":108,"column":55}},"36":{"start":{"line":109,"column":12},"end":{"line":109,"column":19}},"37":{"start":{"line":111,"column":8},"end":{"line":111,"column":59}},"38":{"start":{"line":112,"column":8},"end":{"line":115,"column":9}},"39":{"start":{"line":113,"column":12},"end":{"line":113,"column":56}},"40":{"start":{"line":114,"column":12},"end":{"line":114,"column":19}},"41":{"start":{"line":116,"column":8},"end":{"line":116,"column":53}},"42":{"start":{"line":117,"column":8},"end":{"line":120,"column":9}},"43":{"start":{"line":118,"column":12},"end":{"line":118,"column":52}},"44":{"start":{"line":119,"column":12},"end":{"line":119,"column":19}},"45":{"start":{"line":121,"column":8},"end":{"line":121,"column":45}},"46":{"start":{"line":122,"column":8},"end":{"line":125,"column":9}},"47":{"start":{"line":123,"column":12},"end":{"line":123,"column":48}},"48":{"start":{"line":124,"column":12},"end":{"line":124,"column":19}},"49":{"start":{"line":126,"column":8},"end":{"line":129,"column":9}},"50":{"start":{"line":127,"column":12},"end":{"line":127,"column":53}},"51":{"start":{"line":128,"column":12},"end":{"line":128,"column":19}},"52":{"start":{"line":130,"column":8},"end":{"line":130,"column":74}},"53":{"start":{"line":131,"column":8},"end":{"line":134,"column":9}},"54":{"start":{"line":132,"column":12},"end":{"line":132,"column":48}},"55":{"start":{"line":133,"column":12},"end":{"line":133,"column":19}},"56":{"start":{"line":135,"column":8},"end":{"line":135,"column":54}},"57":{"start":{"line":136,"column":8},"end":{"line":139,"column":9}},"58":{"start":{"line":137,"column":12},"end":{"line":137,"column":62}},"59":{"start":{"line":138,"column":12},"end":{"line":138,"column":19}},"60":{"start":{"line":140,"column":8},"end":{"line":140,"column":53}},"61":{"start":{"line":141,"column":8},"end":{"line":144,"column":9}},"62":{"start":{"line":142,"column":12},"end":{"line":142,"column":52}},"63":{"start":{"line":143,"column":12},"end":{"line":143,"column":19}},"64":{"start":{"line":146,"column":8},"end":{"line":153,"column":9}},"65":{"start":{"line":147,"column":12},"end":{"line":147,"column":36}},"66":{"start":{"line":148,"column":12},"end":{"line":148,"column":64}},"67":{"start":{"line":151,"column":12},"end":{"line":151,"column":41}},"68":{"start":{"line":152,"column":12},"end":{"line":152,"column":49}},"69":{"start":{"line":155,"column":8},"end":{"line":173,"column":15}},"70":{"start":{"line":157,"column":16},"end":{"line":162,"column":17}},"71":{"start":{"line":158,"column":20},"end":{"line":158,"column":52}},"72":{"start":{"line":161,"column":20},"end":{"line":161,"column":51}},"73":{"start":{"line":163,"column":16},"end":{"line":169,"column":19}},"74":{"start":{"line":172,"column":16},"end":{"line":172,"column":81}},"75":{"start":{"line":177,"column":8},"end":{"line":327,"column":10}},"76":{"start":{"line":187,"column":49},"end":{"line":187,"column":94}},"77":{"start":{"line":198,"column":49},"end":{"line":198,"column":90}},"78":{"start":{"line":208,"column":49},"end":{"line":208,"column":97}},"79":{"start":{"line":219,"column":49},"end":{"line":219,"column":94}},"80":{"start":{"line":229,"column":49},"end":{"line":229,"column":90}},"81":{"start":{"line":243,"column":47},"end":{"line":246,"column":34}},"82":{"start":{"line":255,"column":47},"end":{"line":258,"column":34}},"83":{"start":{"line":267,"column":47},"end":{"line":270,"column":34}},"84":{"start":{"line":279,"column":47},"end":{"line":282,"column":34}},"85":{"start":{"line":291,"column":47},"end":{"line":294,"column":34}},"86":{"start":{"line":307,"column":49},"end":{"line":307,"column":90}},"87":{"start":{"line":318,"column":49},"end":{"line":318,"column":92}},"88":{"start":{"line":323,"column":88},"end":{"line":323,"column":107}}},"fnMap":{"0":{"name":"(anonymous_0)","decl":{"start":{"line":15,"column":4},"end":{"line":15,"column":5}},"loc":{"start":{"line":15,"column":23},"end":{"line":36,"column":5}},"line":15},"1":{"name":"(anonymous_1)","decl":{"start":{"line":40,"column":4},"end":{"line":40,"column":5}},"loc":{"start":{"line":40,"column":22},"end":{"line":77,"column":5}},"line":40},"2":{"name":"(anonymous_2)","decl":{"start":{"line":79,"column":4},"end":{"line":79,"column":5}},"loc":{"start":{"line":79,"column":16},"end":{"line":97,"column":5}},"line":79},"3":{"name":"(anonymous_3)","decl":{"start":{"line":84,"column":22},"end":{"line":84,"column":23}},"loc":{"start":{"line":84,"column":42},"end":{"line":95,"column":17}},"line":84},"4":{"name":"(anonymous_4)","decl":{"start":{"line":99,"column":19},"end":{"line":99,"column":20}},"loc":{"start":{"line":99,"column":25},"end":{"line":101,"column":5}},"line":99},"5":{"name":"(anonymous_5)","decl":{"start":{"line":103,"column":4},"end":{"line":103,"column":5}},"loc":{"start":{"line":103,"column":19},"end":{"line":174,"column":5}},"line":103},"6":{"name":"(anonymous_6)","decl":{"start":{"line":156,"column":18},"end":{"line":156,"column":19}},"loc":{"start":{"line":156,"column":38},"end":{"line":170,"column":13}},"line":156},"7":{"name":"(anonymous_7)","decl":{"start":{"line":171,"column":19},"end":{"line":171,"column":20}},"loc":{"start":{"line":171,"column":36},"end":{"line":173,"column":13}},"line":171},"8":{"name":"(anonymous_8)","decl":{"start":{"line":176,"column":4},"end":{"line":176,"column":5}},"loc":{"start":{"line":176,"column":13},"end":{"line":328,"column":5}},"line":176},"9":{"name":"(anonymous_9)","decl":{"start":{"line":187,"column":38},"end":{"line":187,"column":39}},"loc":{"start":{"line":187,"column":49},"end":{"line":187,"column":94}},"line":187},"10":{"name":"(anonymous_10)","decl":{"start":{"line":198,"column":38},"end":{"line":198,"column":39}},"loc":{"start":{"line":198,"column":49},"end":{"line":198,"column":90}},"line":198},"11":{"name":"(anonymous_11)","decl":{"start":{"line":208,"column":38},"end":{"line":208,"column":39}},"loc":{"start":{"line":208,"column":49},"end":{"line":208,"column":97}},"line":208},"12":{"name":"(anonymous_12)","decl":{"start":{"line":219,"column":38},"end":{"line":219,"column":39}},"loc":{"start":{"line":219,"column":49},"end":{"line":219,"column":94}},"line":219},"13":{"name":"(anonymous_13)","decl":{"start":{"line":229,"column":38},"end":{"line":229,"column":39}},"loc":{"start":{"line":229,"column":49},"end":{"line":229,"column":90}},"line":229},"14":{"name":"(anonymous_14)","decl":{"start":{"line":243,"column":41},"end":{"line":243,"column":42}},"loc":{"start":{"line":243,"column":47},"end":{"line":246,"column":34}},"line":243},"15":{"name":"(anonymous_15)","decl":{"start":{"line":255,"column":41},"end":{"line":255,"column":42}},"loc":{"start":{"line":255,"column":47},"end":{"line":258,"column":34}},"line":255},"16":{"name":"(anonymous_16)","decl":{"start":{"line":267,"column":41},"end":{"line":267,"column":42}},"loc":{"start":{"line":267,"column":47},"end":{"line":270,"column":34}},"line":267},"17":{"name":"(anonymous_17)","decl":{"start":{"line":279,"column":41},"end":{"line":279,"column":42}},"loc":{"start":{"line":279,"column":47},"end":{"line":282,"column":34}},"line":279},"18":{"name":"(anonymous_18)","decl":{"start":{"line":291,"column":41},"end":{"line":291,"column":42}},"loc":{"start":{"line":291,"column":47},"end":{"line":294,"column":34}},"line":291},"19":{"name":"(anonymous_19)","decl":{"start":{"line":307,"column":38},"end":{"line":307,"column":39}},"loc":{"start":{"line":307,"column":49},"end":{"line":307,"column":90}},"line":307},"20":{"name":"(anonymous_20)","decl":{"start":{"line":318,"column":38},"end":{"line":318,"column":39}},"loc":{"start":{"line":318,"column":49},"end":{"line":318,"column":92}},"line":318},"21":{"name":"(anonymous_21)","decl":{"start":{"line":323,"column":77},"end":{"line":323,"column":78}},"loc":{"start":{"line":323,"column":88},"end":{"line":323,"column":107}},"line":323}},"branchMap":{"0":{"loc":{"start":{"line":18,"column":19},"end":{"line":18,"column":35}},"type":"binary-expr","locations":[{"start":{"line":18,"column":19},"end":{"line":18,"column":29}},{"start":{"line":18,"column":33},"end":{"line":18,"column":35}}],"line":18},"1":{"loc":{"start":{"line":22,"column":18},"end":{"line":22,"column":48}},"type":"binary-expr","locations":[{"start":{"line":22,"column":18},"end":{"line":22,"column":28}},{"start":{"line":22,"column":32},"end":{"line":22,"column":42}},{"start":{"line":22,"column":46},"end":{"line":22,"column":48}}],"line":22},"2":{"loc":{"start":{"line":24,"column":20},"end":{"line":24,"column":60}},"type":"binary-expr","locations":[{"start":{"line":24,"column":20},"end":{"line":24,"column":30}},{"start":{"line":24,"column":34},"end":{"line":24,"column":60}}],"line":24},"3":{"loc":{"start":{"line":25,"column":22},"end":{"line":25,"column":74}},"type":"binary-expr","locations":[{"start":{"line":25,"column":22},"end":{"line":25,"column":36}},{"start":{"line":25,"column":40},"end":{"line":25,"column":74}}],"line":25},"4":{"loc":{"start":{"line":27,"column":28},"end":{"line":27,"column":70}},"type":"binary-expr","locations":[{"start":{"line":27,"column":28},"end":{"line":27,"column":38}},{"start":{"line":27,"column":42},"end":{"line":27,"column":70}}],"line":27},"5":{"loc":{"start":{"line":28,"column":29},"end":{"line":28,"column":72}},"type":"binary-expr","locations":[{"start":{"line":28,"column":29},"end":{"line":28,"column":39}},{"start":{"line":28,"column":43},"end":{"line":28,"column":72}}],"line":28},"6":{"loc":{"start":{"line":29,"column":31},"end":{"line":29,"column":73}},"type":"binary-expr","locations":[{"start":{"line":29,"column":31},"end":{"line":29,"column":41}},{"start":{"line":29,"column":45},"end":{"line":29,"column":73}}],"line":29},"7":{"loc":{"start":{"line":30,"column":30},"end":{"line":30,"column":74}},"type":"binary-expr","locations":[{"start":{"line":30,"column":30},"end":{"line":30,"column":40}},{"start":{"line":30,"column":44},"end":{"line":30,"column":74}}],"line":30},"8":{"loc":{"start":{"line":31,"column":28},"end":{"line":31,"column":70}},"type":"binary-expr","locations":[{"start":{"line":31,"column":28},"end":{"line":31,"column":38}},{"start":{"line":31,"column":42},"end":{"line":31,"column":70}}],"line":31},"9":{"loc":{"start":{"line":42,"column":8},"end":{"line":44,"column":9}},"type":"if","locations":[{"start":{"line":42,"column":8},"end":{"line":44,"column":9}},{"start":{"line":42,"column":8},"end":{"line":44,"column":9}}],"line":42},"10":{"loc":{"start":{"line":52,"column":8},"end":{"line":57,"column":9}},"type":"if","locations":[{"start":{"line":52,"column":8},"end":{"line":57,"column":9}},{"start":{"line":52,"column":8},"end":{"line":57,"column":9}}],"line":52},"11":{"loc":{"start":{"line":59,"column":8},"end":{"line":76,"column":9}},"type":"if","locations":[{"start":{"line":59,"column":8},"end":{"line":76,"column":9}},{"start":{"line":59,"column":8},"end":{"line":76,"column":9}}],"line":59},"12":{"loc":{"start":{"line":59,"column":12},"end":{"line":59,"column":80}},"type":"binary-expr","locations":[{"start":{"line":59,"column":12},"end":{"line":59,"colu
[...]
":36,"column":61}},"13":{"start":{"line":38,"column":12},"end":{"line":40,"column":13}},"14":{"start":{"line":39,"column":14},"end":{"line":39,"column":61}},"15":{"start":{"line":41,"column":12},"end":{"line":43,"column":13}},"16":{"start":{"line":42,"column":14},"end":{"line":42,"column":54}},"17":{"start":{"line":44,"column":12},"end":{"line":44,"column":42}},"18":{"start":{"line":45,"column":12},"end":{"line":45,"column":26}},"19":{"start":{"line":49,"column":6},"end":{"line":49,"column":40}},"20":{"start":{"line":54,"column":2},"end":{"line":56,"column":3}},"21":{"start":{"line":55,"column":4},"end":{"line":55,"column":53}},"22":{"start":{"line":61,"column":4},"end":{"line":84,"column":6}},"23":{"start":{"line":69,"column":43},"end":{"line":69,"column":87}},"24":{"start":{"line":76,"column":43},"end":{"line":76,"column":87}},"25":{"start":{"line":79,"column":93},"end":{"line":79,"column":110}},"26":{"start":{"line":87,"column":14},"end":{"line":89,"column":1}}},"fnMap":{"0":{"name":"(anonymous_0)","decl":{"start":{"line":16,"column":0},"end":{"line":16,"column":1}},"loc":{"start":{"line":16,"column":18},"end":{"line":22,"column":2}},"line":16},"1":{"name":"(anonymous_1)","decl":{"start":{"line":23,"column":8},"end":{"line":23,"column":9}},"loc":{"start":{"line":23,"column":19},"end":{"line":52,"column":1}},"line":23},"2":{"name":"(anonymous_2)","decl":{"start":{"line":30,"column":8},"end":{"line":30,"column":9}},"loc":{"start":{"line":30,"column":27},"end":{"line":46,"column":9}},"line":30},"3":{"name":"(anonymous_3)","decl":{"start":{"line":53,"column":0},"end":{"line":53,"column":1}},"loc":{"start":{"line":53,"column":20},"end":{"line":57,"column":1}},"line":53},"4":{"name":"(anonymous_4)","decl":{"start":{"line":58,"column":0},"end":{"line":58,"column":1}},"loc":{"start":{"line":58,"column":9},"end":{"line":85,"column":3}},"line":58},"5":{"name":"(anonymous_5)","decl":{"start":{"line":69,"column":32},"end":{"line":69,"column":33}},"loc":{"start":{"line":69,"column":43},"end":{"line":69,"column":87}},"line":69},"6":{"name":"(anonymous_6)","decl":{"start":{"line":76,"column":32},"end":{"line":76,"column":33}},"loc":{"start":{"line":76,"column":43},"end":{"line":76,"column":87}},"line":76},"7":{"name":"(anonymous_7)","decl":{"start":{"line":79,"column":82},"end":{"line":79,"column":83}},"loc":{"start":{"line":79,"column":93},"end":{"line":79,"column":110}},"line":79}},"branchMap":{"0":{"loc":{"start":{"line":35,"column":12},"end":{"line":37,"column":13}},"type":"if","locations":[{"start":{"line":35,"column":12},"end":{"line":37,"column":13}},{"start":{"line":35,"column":12},"end":{"line":37,"column":13}}],"line":35},"1":{"loc":{"start":{"line":38,"column":12},"end":{"line":40,"column":13}},"type":"if","locations":[{"start":{"line":38,"column":12},"end":{"line":40,"column":13}},{"start":{"line":38,"column":12},"end":{"line":40,"column":13}}],"line":38},"2":{"loc":{"start":{"line":41,"column":12},"end":{"line":43,"column":13}},"type":"if","locations":[{"start":{"line":41,"column":12},"end":{"line":43,"column":13}},{"start":{"line":41,"column":12},"end":{"line":43,"column":13}}],"line":41},"3":{"loc":{"start":{"line":54,"column":2},"end":{"line":56,"column":3}},"type":"if","locations":[{"start":{"line":54,"column":2},"end":{"line":56,"column":3}},{"start":{"line":54,"column":2},"end":{"line":56,"column":3}}],"line":54}},"s":{"0":1,"1":0,"2":0,"3":0,"4":0,"5":0,"6":0,"7":0,"8":0,"9":0,"10":0,"11":0,"12":0,"13":0,"14":0,"15":0,"16":0,"17":0,"18":0,"19":0,"20":0,"21":0,"22":0,"23":0,"24":0,"25":0,"26":1},"f":{"0":0,"1":0,"2":0,"3":0,"4":0,"5":0,"6":0,"7":0},"b":{"0":[0,0],"1":[0,0],"2":[0,0],"3":[0,0]},"_coverageSchema":"43e27e138ebf9cfc5966b082cf9a028302ed4184","hash":"a7f450888e2328a5e41fea64e22507ea71d98f95"}
,"C:\\Users\\Ben Brown\\Documents\\GitHub\\Class-Scribe\\src\\classscribe-fe\\src\\login_registration\\Loginscreen.js": {"path":"C:\\Users\\Ben Brown\\Documents\\GitHub\\Class-Scribe\\src\\classscribe-fe\\src\\login_registration\\Loginscreen.js","statementMap":{"0":{"start":{"line":8,"column":14},"end":{"line":8,"column":28}},"1":{"start":{"line":12,"column":4},"end":{"line":12,"column":17}},"2":{"start":{"line":13,"column":4},"end":{"line":20,"column":5}},"3":{"start":{"line":23,"column":23},"end":{"line":27,"column":3}},"4":{"start":{"line":24,"column":4},"end":{"line":24,"column":45}},"5":{"start":{"line":25,"column":4},"end":{"line":25,"column":34}},"6":{"start":{"line":26,"column":4},"end":{"line":26,"column":18}},"7":{"start":{"line":30,"column":20},"end":{"line":30,"column":22}},"8":{"start":{"line":31,"column":4},"end":{"line":31,"column":90}},"9":{"start":{"line":32,"column":4},"end":{"line":34,"column":6}},"10":{"start":{"line":37,"column":4},"end":{"line":51,"column":6}},"11":{"start":{"line":45,"column":105},"end":{"line":45,"column":130}},"12":{"start":{"line":55,"column":14},"end":{"line":57,"column":1}}},"fnMap":{"0":{"name":"(anonymous_0)","decl":{"start":{"line":11,"column":2},"end":{"line":11,"column":3}},"loc":{"start":{"line":11,"column":20},"end":{"line":21,"column":3}},"line":11},"1":{"name":"(anonymous_1)","decl":{"start":{"line":23,"column":23},"end":{"line":23,"column":24}},"loc":{"start":{"line":23,"column":28},"end":{"line":27,"column":3}},"line":23},"2":{"name":"(anonymous_2)","decl":{"start":{"line":29,"column":2},"end":{"line":29,"column":3}},"loc":{"start":{"line":29,"column":21},"end":{"line":35,"column":3}},"line":29},"3":{"name":"(anonymous_3)","decl":{"start":{"line":36,"column":2},"end":{"line":36,"column":3}},"loc":{"start":{"line":36,"column":11},"end":{"line":52,"column":3}},"line":36},"4":{"name":"(anonymous_4)","decl":{"start":{"line":45,"column":99},"end":{"line":45,"column":100}},"loc":{"start":{"line":45,"column":105},"end":{"line":45,"column":130}},"line":45}},"branchMap":{},"s":{"0":1,"1":0,"2":0,"3":0,"4":0,"5":0,"6":0,"7":0,"8":0,"9":0,"10":0,"11":0,"12":1},"f":{"0":0,"1":0,"2":0,"3":0,"4":0},"b":{},"_coverageSchema":"43e27e138ebf9cfc5966b082cf9a028302ed4184","hash":"bb5c568d46a54ef2f27581b8a1ca8441fefe0240"}
,"C:\\Users\\Ben Brown\\Documents\\GitHub\\Class-Scribe\\src\\classscribe-fe\\src\\login_registration\\LogoutButton.js": {"path":"C:\\Users\\Ben Brown\\Documents\\GitHub\\Class-Scribe\\src\\classscribe-fe\\src\\login_registration\\LogoutButton.js","statementMap":{"0":{"start":{"line":10,"column":21},"end":{"line":12,"column":1}},"1":{"start":{"line":11,"column":4},"end":{"line":11,"column":127}},"2":{"start":{"line":11,"column":101},"end":{"line":11,"column":109}},"3":{"start":{"line":18,"column":15},"end":{"line":25,"column":1}},"4":{"start":{"line":19,"column":4},"end":{"line":19,"column":101}},"5":{"start":{"line":20,"column":4},"end":{"line":20,"column":31}},"6":{"start":{"line":21,"column":4},"end":{"line":21,"column":31}},"7":{"start":{"line":22,"column":4},"end":{"line":22,"column":42}},"8":{"start":{"line":23,"column":4},"end":{"line":23,"column":34}},"9":{"start":{"line":24,"column":4},"end":{"line":24,"column":24}}},"fnMap":{"0":{"name":"(anonymous_0)","decl":{"start":{"line":10,"column":21},"end":{"line":10,"column":22}},"loc":{"start":{"line":10,"column":27},"end":{"line":12,"column":1}},"line":10},"1":{"name":"(anonymous_1)","decl":{"start":{"line":11,"column":95},"end":{"line":11,"column":96}},"loc":{"start":{"line":11,"column":101},"end":{"line":11,"column":109}},"line":11},"2":{"name":"(anonymous_2)","decl":{"start":{"line":18,"column":15},"end":{"line":18,"column":16}},"loc":{"start":{"line":18,"column":27},"end":{"line":25,"column":1}},"line":18}},"branchMap":{},"s":{"0":1,"1":0,"2":0,"3":1,"4":0,"5":0,"6":0,"7":0,"8":0,"9":0},"f":{"0":0,"1":0,"2":0},"b":{},"_coverageSchema":"43e27e138ebf9cfc5966b082cf9a028302ed4184","hash":"76141f681d0a1c38537f629134612f1b738d16f2"}
,"C:\\Users\\Ben Brown\\Documents\\GitHub\\Class-Scribe\\src\\classscribe-fe\\src\\login_registration\\Register.js": {"path":"C:\\Users\\Ben Brown\\Documents\\GitHub\\Class-Scribe\\src\\classscribe-fe\\src\\login_registration\\Register.js","statementMap":{"0":{"start":{"line":13,"column":16},"end":{"line":13,"column":30}},"1":{"start":{"line":19,"column":4},"end":{"line":19,"column":17}},"2":{"start":{"line":20,"column":4},"end":{"line":38,"column":5}},"3":{"start":{"line":32,"column":10},"end":{"line":36,"column":12}},"4":{"start":{"line":42,"column":13},"end":{"line":76,"column":3}},"5":{"start":{"line":43,"column":4},"end":{"line":74,"column":5}},"6":{"start":{"line":44,"column":6},"end":{"line":44,"column":54}},"7":{"start":{"line":46,"column":6},"end":{"line":46,"column":59}},"8":{"start":{"line":47,"column":20},"end":{"line":57,"column":7}},"9":{"start":{"line":58,"column":21},"end":{"line":58,"column":42}},"10":{"start":{"line":59,"column":6},"end":{"line":61,"column":7}},"11":{"start":{"line":60,"column":8},"end":{"line":60,"column":45}},"12":{"start":{"line":62,"column":6},"end":{"line":73,"column":7}},"13":{"start":{"line":64,"column":10},"end":{"line":71,"column":11}},"14":{"start":{"line":65,"column":12},"end":{"line":65,"column":78}},"15":{"start":{"line":66,"column":12},"end":{"line":66,"column":47}},"16":{"start":{"line":67,"column":12},"end":{"line":67,"column":42}},"17":{"start":{"line":68,"column":12},"end":{"line":68,"column":26}},"18":{"start":{"line":70,"column":12},"end":{"line":70,"column":27}},"19":{"start":{"line":78,"column":16},"end":{"line":85,"column":3}},"20":{"start":{"line":79,"column":4},"end":{"line":83,"column":5}},"21":{"start":{"line":80,"column":6},"end":{"line":80,"column":33}},"22":{"start":{"line":82,"column":6},"end":{"line":82,"column":34}},"23":{"start":{"line":84,"column":4},"end":{"line":84,"column":44}},"24":{"start":{"line":87,"column":15},"end":{"line":89,"column":3}},"25":{"start":{"line":88,"column":4},"end":{"line":88,"column":50}},"26":{"start":{"line":92,"column":4},"end":{"line":159,"column":6}},"27":{"start":{"line":102,"column":36},"end":{"line":102,"column":82}},"28":{"start":{"line":108,"column":36},"end":{"line":108,"column":81}},"29":{"start":{"line":115,"column":36},"end":{"line":115,"column":77}},"30":{"start":{"line":123,"column":36},"end":{"line":123,"column":80}},"31":{"start":{"line":131,"column":39},"end":{"line":131,"column":91}},"32":{"start":{"line":154,"column":92},"end":{"line":154,"column":112}},"33":{"start":{"line":163,"column":14},"end":{"line":165,"column":1}}},"fnMap":{"0":{"name":"(anonymous_0)","decl":{"start":{"line":18,"column":2},"end":{"line":18,"column":3}},"loc":{"start":{"line":18,"column":20},"end":{"line":40,"column":3}},"line":18},"1":{"name":"(anonymous_1)","decl":{"start":{"line":31,"column":19},"end":{"line":31,"column":20}},"loc":{"start":{"line":32,"column":10},"end":{"line":36,"column":12}},"line":32},"2":{"name":"(anonymous_2)","decl":{"start":{"line":42,"column":13},"end":{"line":42,"column":14}},"loc":{"start":{"line":42,"column":24},"end":{"line":76,"column":3}},"line":42},"3":{"name":"(anonymous_3)","decl":{"start":{"line":63,"column":8},"end":{"line":63,"column":9}},"loc":{"start":{"line":63,"column":27},"end":{"line":72,"column":9}},"line":63},"4":{"name":"(anonymous_4)","decl":{"start":{"line":78,"column":16},"end":{"line":78,"column":17}},"loc":{"start":{"line":78,"column":27},"end":{"line":85,"column":3}},"line":78},"5":{"name":"(anonymous_5)","decl":{"start":{"line":87,"column":15},"end":{"line":87,"column":16}},"loc":{"start":{"line":87,"column":26},"end":{"line":89,"column":3}},"line":87},"6":{"name":"(anonymous_6)","decl":{"start":{"line":91,"column":2},"end":{"line":91,"column":3}},"loc":{"start":{"line":91,"column":11},"end":{"line":160,"column":3}},"line":91},"7":{"name":"(anonymous_7)","decl":{"start":{"line":102,"column":25},"end":{"line":102,"column":26}},"loc":{"start":{"line":102,"column":36},"end":{"line":102,"column":82}},"line":102},"8":{"name":"(anonymous_8)","decl":{"start":{"line":108,"column":25},"end":{"line":108,"column":26}},"loc":{"start":{"line":108,"column":36},"end":{"line":108,"column":81}},"line":108},"9":{"name":"(anonymous_9)","decl":{"start":{"line":115,"column":25},"end":{"line":115,"column":26}},"loc":{"start":{"line":115,"column":36},"end":{"line":115,"column":77}},"line":115},"10":{"name":"(anonymous_10)","decl":{"start":{"line":123,"column":25},"end":{"line":123,"column":26}},"loc":{"start":{"line":123,"column":36},"end":{"line":123,"column":80}},"line":123},"11":{"name":"(anonymous_11)","decl":{"start":{"line":131,"column":28},"end":{"line":131,"column":29}},"loc":{"start":{"line":131,"column":39},"end":{"line":131,"column":91}},"line":131},"12":{"name":"(anonymous_12)","decl":{"start":{"line":154,"column":81},"end":{"line":154,"column":82}},"loc":{"start":{"line":154,"column":92},"end":{"line":154,"column":112}},"line":154}},"branchMap":{"0":{"loc":{"start":{"line":43,"column":4},"end":{"line":74,"column":5}},"type":"if","locations":[{"start":{"line":43,"column":4},"end":{"line":74,"column":5}},{"start":{"line":43,"column":4},"end":{"line":74,"column":5}}],"line":43},"1":{"loc":{"start":{"line":59,"column":6},"end":{"line":61,"column":7}},"type":"if","locations":[{"start":{"line":59,"column":6},"end":{"line":61,"column":7}},{"start":{"line":59,"column":6},"end":{"line":61,"column":7}}],"line":59},"2":{"loc":{"start":{"line":64,"column":10},"end":{"line":71,"column":11}},"type":"if","locations":[{"start":{"line":64,"column":10},"end":{"line":71,"column":11}},{"start":{"line":64,"column":10},"end":{"line":71,"column":11}}],"line":64},"3":{"loc":{"start":{"line":79,"column":4},"end":{"line":83,"column":5}},"type":"if","locations":[{"start":{"line":79,"column":4},"end":{"line":83,"column":5}},{"start":{"line":79,"column":4},"end":{"line":83,"column":5}}],"line":79},"4":{"loc":{"start":{"line":126,"column":14},"end":{"line":133,"column":18}},"type":"cond-expr","locations":[{"start":{"line":127,"column":14},"end":{"line":132,"column":16}},{"start":{"line":133,"column":14},"end":{"line":133,"column":18}}],"line":126}},"s":{"0":1,"1":0,"2":0,"3":0,"4":0,"5":0,"6":0,"7":0,"8":0,"9":0,"10":0,"11":0,"12":0,"13":0,"14":0,"15":0,"16":0,"17":0,"18":0,"19":0,"20":0,"21":0,"22":0,"23":0,"24":0,"25":0,"26":0,"27":0,"28":0,"29":0,"30":0,"31":0,"32":0,"33":1},"f":{"0":0,"1":0,"2":0,"3":0,"4":0,"5":0,"6":0,"7":0,"8":0,"9":0,"10":0,"11":0,"12":0},"b":{"0":[0,0],"1":[0,0],"2":[0,0],"3":[0,0],"4":[0,0]},"_coverageSchema":"43e27e138ebf9cfc5966b082cf9a028302ed4184","hash":"f707e4156ac609b4161de476405a11569816a2a0"}
,"C:\\Users\\Ben Brown\\Documents\\GitHub\\Class-Scribe\\src\\classscribe-fe\\src\\login_registration\\WelcomeScreen.js": {"path":"C:\\Users\\Ben Brown\\Documents\\GitHub\\Class-Scribe\\src\\classscribe-fe\\src\\login_registration\\WelcomeScreen.js","statementMap":{"0":{"start":{"line":5,"column":16},"end":{"line":5,"column":30}},"1":{"start":{"line":10,"column":8},"end":{"line":37,"column":9}},"2":{"start":{"line":11,"column":12},"end":{"line":18,"column":13}},"3":{"start":{"line":19,"column":14},"end":{"line":37,"column":9}},"4":{"start":{"line":20,"column":12},"end":{"line":27,"column":13}},"5":{"start":{"line":29,"column":12},"end":{"line":36,"column":13}}},"fnMap":{"0":{"name":"(anonymous_0)","decl":{"start":{"line":9,"column":4},"end":{"line":9,"column":5}},"loc":{"start":{"line":9,"column":12},"end":{"line":38,"column":5}},"line":9}},"branchMap":{"0":{"loc":{"start":{"line":10,"column":8},"end":{"line":37,"column":9}},"type":"if","locations":[{"start":{"line":10,"column":8},"end":{"line":37,"column":9}},{"start":{"line":10,"column":8},"end":{"line":37,"column":9}}],"line":10},"1":{"loc":{"start":{"line":19,"column":14},"end":{"line":37,"column":9}},"type":"if","locations":[{"start":{"line":19,"column":14},"end":{"line":37,"column":9}},{"start":{"line":19,"column":14},"end":{"line":37,"column":9}}],"line":19}},"s":{"0":1,"1":0,"2":0,"3":0,"4":0,"5":0},"f":{"0":0},"b":{"0":[0,0],"1":[0,0]},"_coverageSchema":"43e27e138ebf9cfc5966b082cf9a028302ed4184","hash":"885d972e766dbdaca8a7537f6616482a82ee7319"}
,"C:\\Users\\Ben Brown\\Documents\\GitHub\\Class-Scribe\\src\\classscribe-fe\\src\\student\\AudioPlayer.js": {"path":"C:\\Users\\Ben Brown\\Documents\\GitHub\\Class-Scribe\\src\\classscribe-fe\\src\\student\\AudioPlayer.js","statementMap":{"0":{"start":{"line":5,"column":20},"end":{"line":37,"column":1}},"1":{"start":{"line":6,"column":18},"end":{"line":6,"column":20}},"2":{"start":{"line":7,"column":42},"end":{"line":7,"column":53}},"3":{"start":{"line":8,"column":34},"end":{"line":8,"column":49}},"4":{"start":{"line":9,"column":36},"end":{"line":9,"column":51}},"5":{"start":{"line":13,"column":4},"end":{"line":18,"column":6}},"6":{"start":{"line":14,"column":8},"end":{"line":17,"column":9}},"7":{"start":{"line":15,"column":26},"end":{"line":15,"column":83}},"8":{"start":{"line":15,"column":44},"end":{"line":15,"column":75}},"9":{"start":{"line":16,"column":12},"end":{"line":16,"column":45}},"10":{"start":{"line":16,"column":25},"end":{"line":16,"column":44}},"11":{"start":{"line":24,"column":4},"end":{"line":36,"column":6}},"12":{"start":{"line":28,"column":33},"end":{"line":28,"column":49}},"13":{"start":{"line":29,"column":34},"end":{"line":29,"column":51}},"14":{"start":{"line":30,"column":36},"end":{"line":30,"column":68}},"15":{"start":{"line":31,"column":55},"end":{"line":31,"column":70}}},"fnMap":{"0":{"name":"(anonymous_0)","decl":{"start":{"line":5,"column":20},"end":{"line":5,"column":21}},"loc":{"start":{"line":5,"column":49},"end":{"line":37,"column":1}},"line":5},"1":{"name":"(anonymous_1)","decl":{"start":{"line":13,"column":14},"end":{"line":13,"column":15}},"loc":{"start":{"line":13,"column":20},"end":{"line":18,"column":5}},"line":13},"2":{"name":"(anonymous_2)","decl":{"start":{"line":15,"column":37},"end":{"line":15,"column":38}},"loc":{"start":{"line":15,"column":43},"end":{"line":15,"column":76}},"line":15},"3":{"name":"(anonymous_3)","decl":{"start":{"line":16,"column":19},"end":{"line":16,"column":20}},"loc":{"start":{"line":16,"column":25},"end":{"line":16,"column":44}},"line":16},"4":{"name":"(anonymous_4)","decl":{"start":{"line":28,"column":24},"end":{"line":28,"column":25}},"loc":{"start":{"line":28,"column":33},"end":{"line":28,"column":49}},"line":28},"5":{"name":"(anonymous_5)","decl":{"start":{"line":29,"column":25},"end":{"line":29,"column":26}},"loc":{"start":{"line":29,"column":34},"end":{"line":29,"column":51}},"line":29},"6":{"name":"(anonymous_6)","decl":{"start":{"line":30,"column":26},"end":{"line":30,"column":27}},"loc":{"start":{"line":30,"column":35},"end":{"line":30,"column":69}},"line":30},"7":{"name":"(anonymous_7)","decl":{"start":{"line":31,"column":47},"end":{"line":31,"column":48}},"loc":{"start":{"line":31,"column":54},"end":{"line":31,"column":71}},"line":31}},"branchMap":{"0":{"loc":{"start":{"line":14,"column":8},"end":{"line":17,"column":9}},"type":"if","locations":[{"start":{"line":14,"column":8},"end":{"line":17,"column":9}},{"start":{"line":14,"column":8},"end":{"line":17,"column":9}}],"line":14}},"s":{"0":1,"1":0,"2":0,"3":0,"4":0,"5":0,"6":0,"7":0,"8":0,"9":0,"10":0,"11":0,"12":0,"13":0,"14":0,"15":0},"f":{"0":0,"1":0,"2":0,"3":0,"4":0,"5":0,"6":0,"7":0},"b":{"0":[0,0]},"_coverageSchema":"43e27e138ebf9cfc5966b082cf9a028302ed4184","hash":"703eae85665dab8bb094c98b3c127f2a38fdef47"}
,"C:\\Users\\Ben Brown\\Documents\\GitHub\\Class-Scribe\\src\\classscribe-fe\\src\\student\\Dashboard.js": {"path":"C:\\Users\\Ben Brown\\Documents\\GitHub\\Class-Scribe\\src\\classscribe-fe\\src\\student\\Dashboard.js","statementMap":{"0":{"start":{"line":6,"column":25},"end":{"line":21,"column":1}},"1":{"start":{"line":8,"column":4},"end":{"line":20,"column":5}}},"fnMap":{"0":{"name":"(anonymous_0)","decl":{"start":{"line":6,"column":25},"end":{"line":6,"column":26}},"loc":{"start":{"line":6,"column":31},"end":{"line":21,"column":1}},"line":6}},"branchMap":{},"s":{"0":1,"1":0},"f":{"0":0},"b":{},"_coverageSchema":"43e27e138ebf9cfc5966b082cf9a028302ed4184","hash":"00449f182606ff943fae59f8e9050d5bb9c9b7e1"}
}
