TN:
SF:C:\Users\Ben Brown\Documents\GitHub\Class-Scribe\src\classscribe-fe\src\App.js
FN:26,(anonymous_0)
FN:34,(anonymous_1)
FN:37,(anonymous_2)
FN:54,(anonymous_3)
FN:58,(anonymous_4)
FN:62,(anonymous_5)
FNF:6
FNH:0
FNDA:0,(anonymous_0)
FNDA:0,(anonymous_1)
FNDA:0,(anonymous_2)
FNDA:0,(anonymous_3)
FNDA:0,(anonymous_4)
FNDA:0,(anonymous_5)
DA:19,1
DA:20,1
DA:26,1
DA:27,0
DA:34,1
DA:35,0
DA:37,0
DA:54,1
DA:55,0
DA:58,1
DA:59,0
DA:63,0
LF:12
LH:6
BRDA:63,0,0,0
BRDA:63,0,1,0
BRDA:64,1,0,0
BRDA:64,1,1,0
BRF:4
BRH:0
end_of_record
TN:
SF:C:\Users\Ben Brown\Documents\GitHub\Class-Scribe\src\classscribe-fe\src\index.js
FNF:0
FNH:0
DA:7,0
DA:12,0
LF:2
LH:0
BRF:0
BRH:0
end_of_record
TN:
SF:C:\Users\Ben Brown\Documents\GitHub\Class-Scribe\src\classscribe-fe\src\serviceWorker.js
FN:23,register
FN:34,(anonymous_1)
FN:43,(anonymous_2)
FN:57,registerValidSW
FN:60,(anonymous_4)
FN:61,(anonymous_5)
FN:66,(anonymous_6)
FN:96,(anonymous_7)
FN:101,checkValidServiceWorker
FN:104,(anonymous_9)
FN:112,(anonymous_10)
FN:113,(anonymous_11)
FN:122,(anonymous_12)
FN:129,unregister
FN:131,(anonymous_14)
FNF:15
FNH:0
FNDA:0,register
FNDA:0,(anonymous_1)
FNDA:0,(anonymous_2)
FNDA:0,registerValidSW
FNDA:0,(anonymous_4)
FNDA:0,(anonymous_5)
FNDA:0,(anonymous_6)
FNDA:0,(anonymous_7)
FNDA:0,checkValidServiceWorker
FNDA:0,(anonymous_9)
FNDA:0,(anonymous_10)
FNDA:0,(anonymous_11)
FNDA:0,(anonymous_12)
FNDA:0,unregister
FNDA:0,(anonymous_14)
DA:13,0
DA:24,0
DA:26,0
DA:27,0
DA:31,0
DA:34,0
DA:35,0
DA:37,0
DA:39,0
DA:43,0
DA:44,0
DA:51,0
DA:58,0
DA:61,0
DA:62,0
DA:63,0
DA:64,0
DA:66,0
DA:67,0
DA:68,0
DA:72,0
DA:78,0
DA:79,0
DA:85,0
DA:88,0
DA:89,0
DA:97,0
DA:103,0
DA:106,0
DA:107,0
DA:112,0
DA:113,0
DA:114,0
DA:119,0
DA:123,0
DA:130,0
DA:131,0
DA:132,0
LF:38
LH:0
BRDA:14,0,0,0
BRDA:14,0,1,0
BRDA:14,0,2,0
BRDA:24,1,0,0
BRDA:24,1,1,0
BRDA:24,2,0,0
BRDA:24,2,1,0
BRDA:27,3,0,0
BRDA:27,3,1,0
BRDA:37,4,0,0
BRDA:37,4,1,0
BRDA:63,5,0,0
BRDA:63,5,1,0
BRDA:67,6,0,0
BRDA:67,6,1,0
BRDA:68,7,0,0
BRDA:68,7,1,0
BRDA:78,8,0,0
BRDA:78,8,1,0
BRDA:78,9,0,0
BRDA:78,9,1,0
BRDA:88,10,0,0
BRDA:88,10,1,0
BRDA:88,11,0,0
BRDA:88,11,1,0
BRDA:107,12,0,0
BRDA:107,12,1,0
BRDA:108,13,0,0
BRDA:108,13,1,0
BRDA:108,13,2,0
BRDA:130,14,0,0
BRDA:130,14,1,0
BRF:32
BRH:0
end_of_record
TN:
SF:C:\Users\Ben Brown\Documents\GitHub\Class-Scribe\src\classscribe-fe\src\components\404.js
FN:4,(anonymous_0)
FNF:1
FNH:0
FNDA:0,(anonymous_0)
DA:4,1
DA:5,0
LF:2
LH:1
BRF:0
BRH:0
end_of_record
TN:
SF:C:\Users\Ben Brown\Documents\GitHub\Class-Scribe\src\classscribe-fe\src\components\Navbar.js
FN:9,(anonymous_0)
FN:16,(anonymous_1)
FN:24,(anonymous_2)
FNF:3
FNH:0
FNDA:0,(anonymous_0)
FNDA:0,(anonymous_1)
FNDA:0,(anonymous_2)
DA:6,1
DA:7,1
DA:10,0
DA:11,0
DA:17,0
DA:18,0
DA:26,0
DA:27,0
LF:8
LH:2
BRDA:12,0,0,0
BRDA:12,0,1,0
BRDA:17,1,0,0
BRDA:17,1,1,0
BRF:4
BRH:0
end_of_record
TN:
SF:C:\Users\Ben Brown\Documents\GitHub\Class-Scribe\src\classscribe-fe\src\components\ImageUpload\NotebookCard.js
FN:87,(anonymous_0)
FN:108,(anonymous_1)
FN:114,(anonymous_2)
FN:119,(anonymous_3)
FN:126,(anonymous_4)
FN:134,(anonymous_5)
FN:142,(anonymous_6)
FN:149,(anonymous_7)
FN:153,(anonymous_8)
FN:168,(anonymous_9)
FN:186,(anonymous_10)
FN:194,(anonymous_11)
FN:201,(anonymous_12)
FN:211,(anonymous_13)
FN:216,(anonymous_14)
FN:224,(anonymous_15)
FN:235,(anonymous_16)
FN:238,(anonymous_17)
FN:241,(anonymous_18)
FN:251,(anonymous_19)
FN:256,(anonymous_20)
FN:257,(anonymous_21)
FN:271,(anonymous_22)
FN:274,(anonymous_23)
FN:293,(anonymous_24)
FNF:25
FNH:2
FNDA:2,(anonymous_0)
FNDA:0,(anonymous_1)
FNDA:0,(anonymous_2)
FNDA:0,(anonymous_3)
FNDA:0,(anonymous_4)
FNDA:0,(anonymous_5)
FNDA:0,(anonymous_6)
FNDA:0,(anonymous_7)
FNDA:0,(anonymous_8)
FNDA:0,(anonymous_9)
FNDA:0,(anonymous_10)
FNDA:0,(anonymous_11)
FNDA:0,(anonymous_12)
FNDA:0,(anonymous_13)
FNDA:0,(anonymous_14)
FNDA:0,(anonymous_15)
FNDA:2,(anonymous_16)
FNDA:0,(anonymous_17)
FNDA:0,(anonymous_18)
FNDA:0,(anonymous_19)
FNDA:0,(anonymous_20)
FNDA:0,(anonymous_21)
FNDA:0,(anonymous_22)
FNDA:0,(anonymous_23)
FNDA:0,(anonymous_24)
DA:25,1
DA:36,1
DA:42,1
DA:48,1
DA:55,1
DA:62,1
DA:70,1
DA:76,1
DA:81,1
DA:88,2
DA:89,2
DA:101,2
DA:102,2
DA:103,2
DA:104,2
DA:105,2
DA:108,2
DA:109,0
DA:110,0
DA:114,2
DA:115,0
DA:116,0
DA:117,0
DA:118,0
DA:120,0
DA:122,0
DA:127,0
DA:128,0
DA:129,0
DA:132,0
DA:133,0
DA:135,0
DA:139,0
DA:143,0
DA:144,0
DA:150,0
DA:153,2
DA:154,0
DA:155,0
DA:156,0
DA:157,0
DA:158,0
DA:161,0
DA:162,0
DA:164,0
DA:169,0
DA:170,0
DA:171,0
DA:173,0
DA:175,0
DA:176,0
DA:177,0
DA:179,0
DA:184,0
DA:185,0
DA:187,0
DA:191,0
DA:195,0
DA:196,0
DA:202,0
DA:203,0
DA:212,0
DA:213,0
DA:217,0
DA:218,0
DA:219,0
DA:220,0
DA:224,0
DA:225,0
DA:226,0
DA:229,0
DA:236,2
DA:237,2
DA:238,1
DA:239,0
DA:241,1
DA:242,0
DA:243,0
DA:244,0
DA:248,1
DA:251,0
DA:256,0
DA:257,0
DA:271,0
DA:274,0
DA:293,0
DA:312,1
LF:87
LH:25
BRDA:97,0,0,1
BRDA:97,0,1,1
BRDA:116,1,0,0
BRDA:116,1,1,0
BRDA:135,2,0,0
BRDA:135,2,1,0
BRDA:155,3,0,0
BRDA:155,3,1,0
BRDA:170,4,0,0
BRDA:170,4,1,0
BRDA:187,5,0,0
BRDA:187,5,1,0
BRDA:202,6,0,0
BRDA:202,6,1,0
BRDA:218,7,0,0
BRDA:218,7,1,0
BRDA:225,8,0,0
BRDA:225,8,1,0
BRDA:237,9,0,1
BRDA:237,9,1,1
BRDA:242,10,0,0
BRDA:242,10,1,0
BRDA:252,11,0,0
BRDA:252,11,1,1
BRDA:268,12,0,1
BRDA:268,12,1,0
BRDA:306,13,0,1
BRDA:306,13,1,0
BRF:28
BRH:7
end_of_record
TN:
SF:C:\Users\Ben Brown\Documents\GitHub\Class-Scribe\src\classscribe-fe\src\components\ImageUpload\PageCard.js
FN:37,(anonymous_0)
FN:47,(anonymous_1)
FN:55,(anonymous_2)
FN:59,(anonymous_3)
FN:66,(anonymous_4)
FN:75,(anonymous_5)
FN:80,(anonymous_6)
FNF:7
FNH:2
FNDA:2,(anonymous_0)
FNDA:0,(anonymous_1)
FNDA:0,(anonymous_2)
FNDA:0,(anonymous_3)
FNDA:2,(anonymous_4)
FNDA:0,(anonymous_5)
FNDA:0,(anonymous_6)
DA:12,1
DA:24,1
DA:38,2
DA:39,2
DA:48,0
DA:49,0
DA:55,2
DA:56,0
DA:57,0
DA:58,0
DA:60,0
DA:62,0
DA:67,2
DA:68,2
DA:69,1
DA:71,1
DA:72,1
DA:73,1
DA:75,0
DA:80,0
DA:92,0
LF:21
LH:11
BRDA:48,0,0,0
BRDA:48,0,1,0
BRDA:56,1,0,0
BRDA:56,1,1,0
BRDA:68,2,0,1
BRDA:68,2,1,1
BRDA:72,3,0,1
BRDA:72,3,1,0
BRDA:79,4,0,1
BRDA:79,4,1,1
BRDA:79,4,2,1
BRF:11
BRH:6
end_of_record
TN:
SF:C:\Users\Ben Brown\Documents\GitHub\Class-Scribe\src\classscribe-fe\src\components\ImageUpload\PublicCard.js
FN:54,(anonymous_0)
FN:73,(anonymous_1)
FN:84,(anonymous_2)
FNF:3
FNH:0
FNDA:0,(anonymous_0)
FNDA:0,(anonymous_1)
FNDA:0,(anonymous_2)
DA:26,1
DA:30,1
DA:35,1
DA:55,0
DA:56,0
DA:74,0
DA:75,0
DA:76,0
DA:77,0
DA:80,0
DA:82,0
DA:83,0
DA:84,0
LF:13
LH:3
BRDA:76,0,0,0
BRDA:76,0,1,0
BRF:2
BRH:0
end_of_record
TN:
SF:C:\Users\Ben Brown\Documents\GitHub\Class-Scribe\src\classscribe-fe\src\components\ImageUpload\download.js
FN:6,(anonymous_0)
FN:11,(anonymous_1)
FN:23,(anonymous_2)
FNF:3
FNH:0
FNDA:0,(anonymous_0)
FNDA:0,(anonymous_1)
FNDA:0,(anonymous_2)
DA:7,0
DA:8,0
DA:13,0
DA:14,0
DA:15,0
DA:16,0
DA:18,0
DA:19,0
DA:24,0
LF:9
LH:0
BRDA:16,0,0,0
BRDA:16,0,1,0
BRF:2
BRH:0
end_of_record
TN:
SF:C:\Users\Ben Brown\Documents\GitHub\Class-Scribe\src\classscribe-fe\src\components\ImageUpload\index.js
FN:122,(anonymous_0)
FN:157,(anonymous_1)
FN:166,(anonymous_2)
FN:170,(anonymous_3)
FN:175,(anonymous_4)
FN:190,(anonymous_5)
FN:192,(anonymous_6)
FN:236,(anonymous_7)
FN:241,(anonymous_8)
FN:242,(anonymous_9)
FN:250,(anonymous_10)
FN:262,(anonymous_11)
FN:276,(anonymous_12)
FN:289,(anonymous_13)
FN:320,(anonymous_14)
FN:321,(anonymous_15)
FN:332,(anonymous_16)
FN:344,(anonymous_17)
FN:366,(anonymous_18)
FN:405,(anonymous_19)
FN:409,(anonymous_20)
FN:413,(anonymous_21)
FN:428,(anonymous_22)
FN:433,(anonymous_23)
FN:437,(anonymous_24)
FN:438,(anonymous_25)
FN:473,(anonymous_26)
FNF:27
FNH:0
FNDA:0,(anonymous_0)
FNDA:0,(anonymous_1)
FNDA:0,(anonymous_2)
FNDA:0,(anonymous_3)
FNDA:0,(anonymous_4)
FNDA:0,(anonymous_5)
FNDA:0,(anonymous_6)
FNDA:0,(anonymous_7)
FNDA:0,(anonymous_8)
FNDA:0,(anonymous_9)
FNDA:0,(anonymous_10)
FNDA:0,(anonymous_11)
FNDA:0,(anonymous_12)
FNDA:0,(anonymous_13)
FNDA:0,(anonymous_14)
FNDA:0,(anonymous_15)
FNDA:0,(anonymous_16)
FNDA:0,(anonymous_17)
FNDA:0,(anonymous_18)
FNDA:0,(anonymous_19)
FNDA:0,(anonymous_20)
FNDA:0,(anonymous_21)
FNDA:0,(anonymous_22)
FNDA:0,(anonymous_23)
FNDA:0,(anonymous_24)
FNDA:0,(anonymous_25)
FNDA:0,(anonymous_26)
DA:18,1
DA:30,1
DA:37,1
DA:42,1
DA:58,1
DA:61,1
DA:75,1
DA:92,1
DA:106,1
DA:110,1
DA:115,1
DA:123,0
DA:124,0
DA:143,0
DA:144,0
DA:145,0
DA:146,0
DA:147,0
DA:148,0
DA:149,0
DA:158,0
DA:159,0
DA:167,0
DA:171,0
DA:172,0
DA:176,0
DA:177,0
DA:178,0
DA:179,0
DA:184,0
DA:185,0
DA:192,0
DA:194,0
DA:195,0
DA:196,0
DA:197,0
DA:198,0
DA:199,0
DA:200,0
DA:201,0
DA:203,0
DA:210,0
DA:213,0
DA:214,0
DA:215,0
DA:218,0
DA:223,0
DA:228,0
DA:237,0
DA:238,0
DA:239,0
DA:241,0
DA:242,0
DA:243,0
DA:244,0
DA:247,0
DA:250,0
DA:251,0
DA:252,0
DA:263,0
DA:264,0
DA:266,0
DA:267,0
DA:277,0
DA:278,0
DA:280,0
DA:281,0
DA:290,0
DA:291,0
DA:292,0
DA:321,0
DA:323,0
DA:324,0
DA:325,0
DA:344,0
DA:346,0
DA:347,0
DA:348,0
DA:350,0
DA:355,0
DA:356,0
DA:357,0
DA:358,0
DA:362,0
DA:363,0
DA:367,0
DA:368,0
DA:369,0
DA:370,0
DA:372,0
DA:373,0
DA:374,0
DA:381,0
DA:383,0
DA:389,0
DA:390,0
DA:391,0
DA:392,0
DA:393,0
DA:395,0
DA:396,0
DA:397,0
DA:401,0
DA:402,0
DA:405,0
DA:406,0
DA:409,0
DA:410,0
DA:413,0
DA:414,0
DA:416,0
DA:417,0
DA:424,0
DA:429,0
DA:430,0
DA:431,0
DA:432,0
DA:433,0
DA:434,0
DA:437,0
DA:438,0
DA:442,0
DA:444,0
DA:445,0
DA:453,0
DA:473,0
LF:126
LH:11
BRDA:177,0,0,0
BRDA:177,0,1,0
BRDA:184,1,0,0
BRDA:184,1,1,0
BRDA:184,2,0,0
BRDA:184,2,1,0
BRDA:194,3,0,0
BRDA:194,3,1,0
BRDA:197,4,0,0
BRDA:197,4,1,0
BRDA:213,5,0,0
BRDA:213,5,1,0
BRDA:263,6,0,0
BRDA:263,6,1,0
BRDA:277,7,0,0
BRDA:277,7,1,0
BRDA:323,8,0,0
BRDA:323,8,1,0
BRDA:347,9,0,0
BRDA:347,9,1,0
BRDA:356,10,0,0
BRDA:356,10,1,0
BRDA:369,11,0,0
BRDA:369,11,1,0
BRDA:372,12,0,0
BRDA:372,12,1,0
BRDA:386,13,0,0
BRDA:386,13,1,0
BRDA:386,14,0,0
BRDA:386,14,1,0
BRDA:387,15,0,0
BRDA:387,15,1,0
BRDA:387,16,0,0
BRDA:387,16,1,0
BRDA:391,17,0,0
BRDA:391,17,1,0
BRDA:395,18,0,0
BRDA:395,18,1,0
BRDA:431,19,0,0
BRDA:431,19,1,0
BRDA:432,20,0,0
BRDA:432,20,1,0
BRDA:444,21,0,0
BRDA:444,21,1,0
BRDA:444,22,0,0
BRDA:444,22,1,0
BRDA:447,23,0,0
BRDA:447,23,1,0
BRDA:456,24,0,0
BRDA:456,24,1,0
BRDA:460,25,0,0
BRDA:460,25,1,0
BRDA:460,26,0,0
BRDA:460,26,1,0
BRDA:465,27,0,0
BRDA:465,27,1,0
BRDA:465,28,0,0
BRDA:465,28,1,0
BRDA:468,29,0,0
BRDA:468,29,1,0
BRDA:468,30,0,0
BRDA:468,30,1,0
BRF:62
BRH:0
end_of_record
TN:
SF:C:\Users\Ben Brown\Documents\GitHub\Class-Scribe\src\classscribe-fe\src\components\ImageUpload\toggle.js
FN:7,(anonymous_0)
FN:14,(anonymous_1)
FN:18,(anonymous_2)
FNF:3
FNH:0
FNDA:0,(anonymous_0)
FNDA:0,(anonymous_1)
FNDA:0,(anonymous_2)
DA:8,0
DA:9,0
DA:15,0
DA:18,0
LF:4
LH:0
BRF:0
BRH:0
end_of_record
TN:
SF:C:\Users\Ben Brown\Documents\GitHub\Class-Scribe\src\classscribe-fe\src\components\customAdmin\classEvent.js
FN:18,(anonymous_0)
FNF:1
FNH:0
FNDA:0,(anonymous_0)
DA:4,1
DA:24,0
DA:25,0
DA:37,1
LF:4
LH:2
BRF:0
BRH:0
end_of_record
TN:
SF:C:\Users\Ben Brown\Documents\GitHub\Class-Scribe\src\classscribe-fe\src\components\customAdmin\classModal.js
FN:15,(anonymous_0)
FN:40,(anonymous_1)
FN:79,(anonymous_2)
FN:84,(anonymous_3)
FN:99,(anonymous_4)
FN:103,(anonymous_5)
FN:156,(anonymous_6)
FN:171,(anonymous_7)
FN:176,(anonymous_8)
FN:187,(anonymous_9)
FN:198,(anonymous_10)
FN:208,(anonymous_11)
FN:219,(anonymous_12)
FN:229,(anonymous_13)
FN:243,(anonymous_14)
FN:255,(anonymous_15)
FN:267,(anonymous_16)
FN:279,(anonymous_17)
FN:291,(anonymous_18)
FN:307,(anonymous_19)
FN:318,(anonymous_20)
FN:323,(anonymous_21)
FNF:22
FNH:0
FNDA:0,(anonymous_0)
FNDA:0,(anonymous_1)
FNDA:0,(anonymous_2)
FNDA:0,(anonymous_3)
FNDA:0,(anonymous_4)
FNDA:0,(anonymous_5)
FNDA:0,(anonymous_6)
FNDA:0,(anonymous_7)
FNDA:0,(anonymous_8)
FNDA:0,(anonymous_9)
FNDA:0,(anonymous_10)
FNDA:0,(anonymous_11)
FNDA:0,(anonymous_12)
FNDA:0,(anonymous_13)
FNDA:0,(anonymous_14)
FNDA:0,(anonymous_15)
FNDA:0,(anonymous_16)
FNDA:0,(anonymous_17)
FNDA:0,(anonymous_18)
FNDA:0,(anonymous_19)
FNDA:0,(anonymous_20)
FNDA:0,(anonymous_21)
DA:16,0
DA:17,0
DA:34,0
DA:35,0
DA:41,0
DA:42,0
DA:43,0
DA:45,0
DA:52,0
DA:53,0
DA:54,0
DA:55,0
DA:56,0
DA:59,0
DA:60,0
DA:61,0
DA:62,0
DA:64,0
DA:65,0
DA:66,0
DA:69,0
DA:70,0
DA:71,0
DA:74,0
DA:80,0
DA:81,0
DA:82,0
DA:83,0
DA:85,0
DA:99,0
DA:100,0
DA:104,0
DA:105,0
DA:106,0
DA:107,0
DA:108,0
DA:109,0
DA:111,0
DA:112,0
DA:113,0
DA:114,0
DA:116,0
DA:117,0
DA:118,0
DA:119,0
DA:121,0
DA:122,0
DA:123,0
DA:124,0
DA:126,0
DA:127,0
DA:128,0
DA:130,0
DA:131,0
DA:132,0
DA:133,0
DA:135,0
DA:136,0
DA:137,0
DA:138,0
DA:140,0
DA:141,0
DA:142,0
DA:143,0
DA:146,0
DA:147,0
DA:148,0
DA:151,0
DA:152,0
DA:155,0
DA:157,0
DA:158,0
DA:161,0
DA:163,0
DA:172,0
DA:177,0
DA:187,0
DA:198,0
DA:208,0
DA:219,0
DA:229,0
DA:243,0
DA:255,0
DA:267,0
DA:279,0
DA:291,0
DA:307,0
DA:318,0
DA:323,0
LF:89
LH:0
BRDA:18,0,0,0
BRDA:18,0,1,0
BRDA:22,1,0,0
BRDA:22,1,1,0
BRDA:22,1,2,0
BRDA:24,2,0,0
BRDA:24,2,1,0
BRDA:25,3,0,0
BRDA:25,3,1,0
BRDA:27,4,0,0
BRDA:27,4,1,0
BRDA:28,5,0,0
BRDA:28,5,1,0
BRDA:29,6,0,0
BRDA:29,6,1,0
BRDA:30,7,0,0
BRDA:30,7,1,0
BRDA:31,8,0,0
BRDA:31,8,1,0
BRDA:42,9,0,0
BRDA:42,9,1,0
BRDA:52,10,0,0
BRDA:52,10,1,0
BRDA:59,11,0,0
BRDA:59,11,1,0
BRDA:59,12,0,0
BRDA:59,12,1,0
BRDA:59,12,2,0
BRDA:61,13,0,0
BRDA:61,13,1,0
BRDA:70,14,0,0
BRDA:70,14,1,0
BRDA:81,15,0,0
BRDA:81,15,1,0
BRDA:93,16,0,0
BRDA:93,16,1,0
BRDA:107,17,0,0
BRDA:107,17,1,0
BRDA:112,18,0,0
BRDA:112,18,1,0
BRDA:117,19,0,0
BRDA:117,19,1,0
BRDA:122,20,0,0
BRDA:122,20,1,0
BRDA:126,21,0,0
BRDA:126,21,1,0
BRDA:131,22,0,0
BRDA:131,22,1,0
BRDA:136,23,0,0
BRDA:136,23,1,0
BRDA:141,24,0,0
BRDA:141,24,1,0
BRDA:146,25,0,0
BRDA:146,25,1,0
BRDA:157,26,0,0
BRDA:157,26,1,0
BRDA:188,27,0,0
BRDA:188,27,1,0
BRDA:199,28,0,0
BRDA:199,28,1,0
BRDA:209,29,0,0
BRDA:209,29,1,0
BRDA:220,30,0,0
BRDA:220,30,1,0
BRDA:230,31,0,0
BRDA:230,31,1,0
BRDA:245,32,0,0
BRDA:245,32,1,0
BRDA:257,33,0,0
BRDA:257,33,1,0
BRDA:269,34,0,0
BRDA:269,34,1,0
BRDA:281,35,0,0
BRDA:281,35,1,0
BRDA:293,36,0,0
BRDA:293,36,1,0
BRDA:308,37,0,0
BRDA:308,37,1,0
BRDA:319,38,0,0
BRDA:319,38,1,0
BRF:80
BRH:0
end_of_record
TN:
SF:C:\Users\Ben Brown\Documents\GitHub\Class-Scribe\src\classscribe-fe\src\components\customAdmin\edit.js
FN:11,(anonymous_0)
FN:27,(anonymous_1)
FN:31,(anonymous_2)
FN:42,(anonymous_3)
FN:47,(anonymous_4)
FN:57,(anonymous_5)
FN:65,(anonymous_6)
FN:71,(anonymous_7)
FN:81,(anonymous_8)
FN:90,(anonymous_9)
FN:99,(anonymous_10)
FN:108,(anonymous_11)
FN:117,(anonymous_12)
FN:127,(anonymous_13)
FN:131,(anonymous_14)
FNF:15
FNH:0
FNDA:0,(anonymous_0)
FNDA:0,(anonymous_1)
FNDA:0,(anonymous_2)
FNDA:0,(anonymous_3)
FNDA:0,(anonymous_4)
FNDA:0,(anonymous_5)
FNDA:0,(anonymous_6)
FNDA:0,(anonymous_7)
FNDA:0,(anonymous_8)
FNDA:0,(anonymous_9)
FNDA:0,(anonymous_10)
FNDA:0,(anonymous_11)
FNDA:0,(anonymous_12)
FNDA:0,(anonymous_13)
FNDA:0,(anonymous_14)
DA:12,0
DA:13,0
DA:23,0
DA:24,0
DA:28,0
DA:29,0
DA:30,0
DA:32,0
DA:43,0
DA:48,0
DA:49,0
DA:50,0
DA:51,0
DA:52,0
DA:53,0
DA:54,0
DA:55,0
DA:56,0
DA:58,0
DA:59,0
DA:62,0
DA:66,0
DA:67,0
DA:72,0
DA:81,0
DA:90,0
DA:99,0
DA:108,0
DA:117,0
DA:127,0
DA:131,0
LF:31
LH:0
BRDA:58,0,0,0
BRDA:58,0,1,0
BRF:2
BRH:0
end_of_record
TN:
SF:C:\Users\Ben Brown\Documents\GitHub\Class-Scribe\src\classscribe-fe\src\components\customAdmin\index.js
FN:11,(anonymous_0)
FN:29,(anonymous_1)
FN:43,(anonymous_2)
FN:53,(anonymous_3)
FN:62,(anonymous_4)
FN:71,(anonymous_5)
FN:80,(anonymous_6)
FN:89,(anonymous_7)
FN:99,(anonymous_8)
FN:103,(anonymous_9)
FNF:10
FNH:0
FNDA:0,(anonymous_0)
FNDA:0,(anonymous_1)
FNDA:0,(anonymous_2)
FNDA:0,(anonymous_3)
FNDA:0,(anonymous_4)
FNDA:0,(anonymous_5)
FNDA:0,(anonymous_6)
FNDA:0,(anonymous_7)
FNDA:0,(anonymous_8)
FNDA:0,(anonymous_9)
DA:12,0
DA:13,0
DA:22,0
DA:23,0
DA:24,0
DA:25,0
DA:30,0
DA:31,0
DA:32,0
DA:33,0
DA:34,0
DA:35,0
DA:36,0
DA:37,0
DA:44,0
DA:53,0
DA:62,0
DA:71,0
DA:80,0
DA:89,0
DA:99,0
DA:103,0
LF:22
LH:0
BRDA:22,0,0,0
BRDA:22,0,1,0
BRF:2
BRH:0
end_of_record
TN:
SF:C:\Users\Ben Brown\Documents\GitHub\Class-Scribe\src\classscribe-fe\src\components\customAdmin\viewAll.js
FN:30,(anonymous_0)
FN:53,(anonymous_1)
FN:56,(anonymous_2)
FN:67,(anonymous_3)
FN:72,(anonymous_4)
FN:82,(anonymous_5)
FN:90,(anonymous_6)
FN:98,(anonymous_7)
FN:102,(anonymous_8)
FN:109,(anonymous_9)
FN:114,(anonymous_10)
FN:118,(anonymous_11)
FN:123,(anonymous_12)
FN:128,(anonymous_13)
FN:133,(anonymous_14)
FN:138,(anonymous_15)
FN:143,(anonymous_16)
FN:166,(anonymous_17)
FN:179,(anonymous_18)
FN:206,(anonymous_19)
FN:211,(anonymous_20)
FN:213,(anonymous_21)
FN:220,(anonymous_22)
FN:232,(anonymous_23)
FN:244,(anonymous_24)
FN:257,(anonymous_25)
FN:266,(anonymous_26)
FN:275,(anonymous_27)
FN:283,(anonymous_28)
FNF:29
FNH:0
FNDA:0,(anonymous_0)
FNDA:0,(anonymous_1)
FNDA:0,(anonymous_2)
FNDA:0,(anonymous_3)
FNDA:0,(anonymous_4)
FNDA:0,(anonymous_5)
FNDA:0,(anonymous_6)
FNDA:0,(anonymous_7)
FNDA:0,(anonymous_8)
FNDA:0,(anonymous_9)
FNDA:0,(anonymous_10)
FNDA:0,(anonymous_11)
FNDA:0,(anonymous_12)
FNDA:0,(anonymous_13)
FNDA:0,(anonymous_14)
FNDA:0,(anonymous_15)
FNDA:0,(anonymous_16)
FNDA:0,(anonymous_17)
FNDA:0,(anonymous_18)
FNDA:0,(anonymous_19)
FNDA:0,(anonymous_20)
FNDA:0,(anonymous_21)
FNDA:0,(anonymous_22)
FNDA:0,(anonymous_23)
FNDA:0,(anonymous_24)
FNDA:0,(anonymous_25)
FNDA:0,(anonymous_26)
FNDA:0,(anonymous_27)
FNDA:0,(anonymous_28)
DA:19,1
DA:31,0
DA:32,0
DA:45,0
DA:47,0
DA:48,0
DA:49,0
DA:50,0
DA:54,0
DA:55,0
DA:57,0
DA:58,0
DA:59,0
DA:60,0
DA:61,0
DA:64,0
DA:68,0
DA:72,0
DA:73,0
DA:79,0
DA:82,0
DA:83,0
DA:87,0
DA:90,0
DA:91,0
DA:95,0
DA:98,0
DA:99,0
DA:100,0
DA:101,0
DA:103,0
DA:104,0
DA:105,0
DA:110,0
DA:114,0
DA:115,0
DA:116,0
DA:117,0
DA:119,0
DA:124,0
DA:128,0
DA:129,0
DA:130,0
DA:131,0
DA:132,0
DA:134,0
DA:139,0
DA:143,0
DA:144,0
DA:145,0
DA:146,0
DA:147,0
DA:148,0
DA:149,0
DA:150,0
DA:151,0
DA:152,0
DA:158,0
DA:163,0
DA:166,0
DA:167,0
DA:168,0
DA:170,0
DA:171,0
DA:172,0
DA:173,0
DA:174,0
DA:175,0
DA:176,0
DA:177,0
DA:178,0
DA:180,0
DA:181,0
DA:182,0
DA:183,0
DA:185,0
DA:186,0
DA:187,0
DA:190,0
DA:191,0
DA:192,0
DA:193,0
DA:194,0
DA:195,0
DA:196,0
DA:197,0
DA:201,0
DA:207,0
DA:211,0
DA:212,0
DA:213,0
DA:214,0
DA:215,0
DA:216,0
DA:220,0
DA:221,0
DA:226,0
DA:227,0
DA:228,0
DA:229,0
DA:232,0
DA:233,0
DA:238,0
DA:239,0
DA:240,0
DA:241,0
DA:245,0
DA:246,0
DA:257,0
DA:266,0
DA:275,0
DA:283,0
DA:304,0
LF:113
LH:1
BRDA:57,0,0,0
BRDA:57,0,1,0
BRDA:129,1,0,0
BRDA:129,1,1,0
BRDA:167,2,0,0
BRDA:167,2,1,0
BRDA:182,3,0,0
BRDA:182,3,1,0
BRDA:182,4,0,0
BRDA:182,4,1,0
BRDA:185,5,0,0
BRDA:185,5,1,0
BRDA:214,6,0,0
BRDA:214,6,1,0
BRDA:245,7,0,0
BRDA:245,7,1,0
BRDA:245,8,0,0
BRDA:245,8,1,0
BRDA:257,9,0,0
BRDA:257,9,1,0
BRF:20
BRH:0
end_of_record
TN:
SF:C:\Users\Ben Brown\Documents\GitHub\Class-Scribe\src\classscribe-fe\src\login_registration\CardIDRegistration.js
FN:11,(anonymous_0)
FN:15,(anonymous_1)
FN:25,(anonymous_2)
FN:27,(anonymous_3)
FN:44,(anonymous_4)
FN:47,(anonymous_5)
FNF:6
FNH:0
FNDA:0,(anonymous_0)
FNDA:0,(anonymous_1)
FNDA:0,(anonymous_2)
FNDA:0,(anonymous_3)
FNDA:0,(anonymous_4)
FNDA:0,(anonymous_5)
DA:11,1
DA:12,0
DA:13,0
DA:14,0
DA:16,0
DA:17,0
DA:19,0
DA:25,1
DA:26,0
DA:27,0
DA:28,0
DA:34,0
DA:44,0
DA:47,0
LF:14
LH:2
BRDA:16,0,0,0
BRDA:16,0,1,0
BRF:2
BRH:0
end_of_record
TN:
SF:C:\Users\Ben Brown\Documents\GitHub\Class-Scribe\src\classscribe-fe\src\login_registration\EmailVerification.js
FN:7,(anonymous_0)
FN:14,(anonymous_1)
FNF:2
FNH:0
FNDA:0,(anonymous_0)
FNDA:0,(anonymous_1)
DA:5,1
DA:7,1
DA:8,0
DA:9,0
DA:10,0
DA:11,0
DA:14,1
DA:15,0
DA:16,0
LF:9
LH:3
BRF:0
BRH:0
end_of_record
TN:
SF:C:\Users\Ben Brown\Documents\GitHub\Class-Scribe\src\classscribe-fe\src\login_registration\Login.js
FN:16,(anonymous_0)
FN:23,(anonymous_1)
FN:30,(anonymous_2)
FN:53,(anonymous_3)
FN:58,(anonymous_4)
FN:69,(anonymous_5)
FN:76,(anonymous_6)
FN:79,(anonymous_7)
FNF:8
FNH:0
FNDA:0,(anonymous_0)
FNDA:0,(anonymous_1)
FNDA:0,(anonymous_2)
FNDA:0,(anonymous_3)
FNDA:0,(anonymous_4)
FNDA:0,(anonymous_5)
FNDA:0,(anonymous_6)
FNDA:0,(anonymous_7)
DA:13,1
DA:17,0
DA:18,0
DA:23,0
DA:24,0
DA:28,0
DA:29,0
DA:31,0
DA:32,0
DA:33,0
DA:34,0
DA:35,0
DA:36,0
DA:38,0
DA:39,0
DA:41,0
DA:42,0
DA:44,0
DA:45,0
DA:49,0
DA:54,0
DA:55,0
DA:61,0
DA:69,0
DA:76,0
DA:79,0
DA:87,1
LF:27
LH:2
BRDA:35,0,0,0
BRDA:35,0,1,0
BRDA:38,1,0,0
BRDA:38,1,1,0
BRDA:41,2,0,0
BRDA:41,2,1,0
BRDA:54,3,0,0
BRDA:54,3,1,0
BRF:8
BRH:0
end_of_record
TN:
SF:C:\Users\Ben Brown\Documents\GitHub\Class-Scribe\src\classscribe-fe\src\login_registration\Loginscreen.js
FN:11,(anonymous_0)
FN:23,(anonymous_1)
FN:29,(anonymous_2)
FN:36,(anonymous_3)
FN:45,(anonymous_4)
FNF:5
FNH:0
FNDA:0,(anonymous_0)
FNDA:0,(anonymous_1)
FNDA:0,(anonymous_2)
FNDA:0,(anonymous_3)
FNDA:0,(anonymous_4)
DA:8,1
DA:12,0
DA:13,0
DA:23,0
DA:24,0
DA:25,0
DA:26,0
DA:30,0
DA:31,0
DA:32,0
DA:37,0
DA:45,0
DA:55,1
LF:13
LH:2
BRF:0
BRH:0
end_of_record
TN:
SF:C:\Users\Ben Brown\Documents\GitHub\Class-Scribe\src\classscribe-fe\src\login_registration\LogoutButton.js
FN:10,(anonymous_0)
FN:11,(anonymous_1)
FN:18,(anonymous_2)
FNF:3
FNH:0
FNDA:0,(anonymous_0)
FNDA:0,(anonymous_1)
FNDA:0,(anonymous_2)
DA:10,1
DA:11,0
DA:18,1
DA:19,0
DA:20,0
DA:21,0
DA:22,0
DA:23,0
DA:24,0
LF:9
LH:2
BRF:0
BRH:0
end_of_record
TN:
SF:C:\Users\Ben Brown\Documents\GitHub\Class-Scribe\src\classscribe-fe\src\login_registration\Register.js
FN:18,(anonymous_0)
FN:31,(anonymous_1)
FN:42,(anonymous_2)
FN:63,(anonymous_3)
FN:78,(anonymous_4)
FN:87,(anonymous_5)
FN:91,(anonymous_6)
FN:102,(anonymous_7)
FN:108,(anonymous_8)
FN:115,(anonymous_9)
FN:123,(anonymous_10)
FN:131,(anonymous_11)
FN:154,(anonymous_12)
FNF:13
FNH:0
FNDA:0,(anonymous_0)
FNDA:0,(anonymous_1)
FNDA:0,(anonymous_2)
FNDA:0,(anonymous_3)
FNDA:0,(anonymous_4)
FNDA:0,(anonymous_5)
FNDA:0,(anonymous_6)
FNDA:0,(anonymous_7)
FNDA:0,(anonymous_8)
FNDA:0,(anonymous_9)
FNDA:0,(anonymous_10)
FNDA:0,(anonymous_11)
FNDA:0,(anonymous_12)
DA:13,1
DA:19,0
DA:20,0
DA:32,0
DA:42,0
DA:43,0
DA:44,0
DA:46,0
DA:47,0
DA:58,0
DA:59,0
DA:60,0
DA:62,0
DA:64,0
DA:65,0
DA:66,0
DA:67,0
DA:68,0
DA:70,0
DA:78,0
DA:79,0
DA:80,0
DA:82,0
DA:84,0
DA:87,0
DA:88,0
DA:92,0
DA:102,0
DA:108,0
DA:115,0
DA:123,0
DA:131,0
DA:154,0
DA:163,1
LF:34
LH:2
BRDA:43,0,0,0
BRDA:43,0,1,0
BRDA:59,1,0,0
BRDA:59,1,1,0
BRDA:64,2,0,0
BRDA:64,2,1,0
BRDA:79,3,0,0
BRDA:79,3,1,0
BRDA:126,4,0,0
BRDA:126,4,1,0
BRF:10
BRH:0
end_of_record
TN:
SF:C:\Users\Ben Brown\Documents\GitHub\Class-Scribe\src\classscribe-fe\src\login_registration\WelcomeScreen.js
FN:9,(anonymous_0)
FNF:1
FNH:0
FNDA:0,(anonymous_0)
DA:5,1
DA:10,0
DA:11,0
DA:19,0
DA:20,0
DA:29,0
LF:6
LH:1
BRDA:10,0,0,0
BRDA:10,0,1,0
BRDA:19,1,0,0
BRDA:19,1,1,0
BRF:4
BRH:0
end_of_record
TN:
SF:C:\Users\Ben Brown\Documents\GitHub\Class-Scribe\src\classscribe-fe\src\student\AudioPlayer.js
FN:5,(anonymous_0)
FN:13,(anonymous_1)
FN:15,(anonymous_2)
FN:16,(anonymous_3)
FN:28,(anonymous_4)
FN:29,(anonymous_5)
FN:30,(anonymous_6)
FN:31,(anonymous_7)
FNF:8
FNH:0
FNDA:0,(anonymous_0)
FNDA:0,(anonymous_1)
FNDA:0,(anonymous_2)
FNDA:0,(anonymous_3)
FNDA:0,(anonymous_4)
FNDA:0,(anonymous_5)
FNDA:0,(anonymous_6)
FNDA:0,(anonymous_7)
DA:5,1
DA:6,0
DA:7,0
DA:8,0
DA:9,0
DA:13,0
DA:14,0
DA:15,0
DA:16,0
DA:24,0
DA:28,0
DA:29,0
DA:30,0
DA:31,0
LF:14
LH:1
BRDA:14,0,0,0
BRDA:14,0,1,0
BRF:2
BRH:0
end_of_record
TN:
SF:C:\Users\Ben Brown\Documents\GitHub\Class-Scribe\src\classscribe-fe\src\student\Dashboard.js
FN:6,(anonymous_0)
FNF:1
FNH:0
FNDA:0,(anonymous_0)
DA:6,1
DA:8,0
LF:2
LH:1
BRF:0
BRH:0
end_of_record
