{"C:\\Users\\Ben Brown\\Documents\\GitHub\\Class-Scribe\\src\\classscribe-fe\\src\\App.js": {"path":"C:\\Users\\Ben Brown\\Documents\\GitHub\\Class-Scribe\\src\\classscribe-fe\\src\\App.js","statementMap":{"0":{"start":{"line":21,"column":24},"end":{"line":21,"column":48}},"1":{"start":{"line":22,"column":19},"end":{"line":22,"column":35}},"2":{"start":{"line":27,"column":12},"end":{"line":33,"column":1}},"3":{"start":{"line":28,"column":2},"end":{"line":32,"column":4}},"4":{"start":{"line":35,"column":16},"end":{"line":50,"column":1}},"5":{"start":{"line":36,"column":2},"end":{"line":49,"column":4}},"6":{"start":{"line":38,"column":47},"end":{"line":38,"column":71}},"7":{"start":{"line":54,"column":19},"end":{"line":56,"column":1}},"8":{"start":{"line":55,"column":2},"end":{"line":55,"column":45}},"9":{"start":{"line":58,"column":21},"end":{"line":71,"column":1}},"10":{"start":{"line":59,"column":2},"end":{"line":70,"column":3}},"11":{"start":{"line":63,"column":8},"end":{"line":67,"column":9}}},"fnMap":{"0":{"name":"(anonymous_0)","decl":{"start":{"line":27,"column":12},"end":{"line":27,"column":13}},"loc":{"start":{"line":27,"column":17},"end":{"line":33,"column":1}},"line":27},"1":{"name":"(anonymous_1)","decl":{"start":{"line":35,"column":16},"end":{"line":35,"column":17}},"loc":{"start":{"line":35,"column":22},"end":{"line":50,"column":1}},"line":35},"2":{"name":"(anonymous_2)","decl":{"start":{"line":38,"column":41},"end":{"line":38,"column":42}},"loc":{"start":{"line":38,"column":47},"end":{"line":38,"column":71}},"line":38},"3":{"name":"(anonymous_3)","decl":{"start":{"line":54,"column":19},"end":{"line":54,"column":20}},"loc":{"start":{"line":54,"column":24},"end":{"line":56,"column":1}},"line":54},"4":{"name":"(anonymous_4)","decl":{"start":{"line":58,"column":21},"end":{"line":58,"column":22}},"loc":{"start":{"line":58,"column":58},"end":{"line":71,"column":1}},"line":58},"5":{"name":"(anonymous_5)","decl":{"start":{"line":62,"column":16},"end":{"line":62,"column":17}},"loc":{"start":{"line":63,"column":8},"end":{"line":67,"column":9}},"line":63}},"branchMap":{"0":{"loc":{"start":{"line":63,"column":8},"end":{"line":67,"column":9}},"type":"cond-expr","locations":[{"start":{"line":64,"column":10},"end":{"line":64,"column":46}},{"start":{"line":66,"column":10},"end":{"line":66,"column":35}}],"line":63},"1":{"loc":{"start":{"line":64,"column":10},"end":{"line":64,"column":46}},"type":"binary-expr","locations":[{"start":{"line":64,"column":10},"end":{"line":64,"column":19}},{"start":{"line":64,"column":23},"end":{"line":64,"column":46}}],"line":64}},"s":{"0":8,"1":8,"2":8,"3":0,"4":8,"5":0,"6":0,"7":8,"8":0,"9":8,"10":0,"11":0},"f":{"0":0,"1":0,"2":0,"3":0,"4":0,"5":0},"b":{"0":[0,0],"1":[0,0]},"_coverageSchema":"43e27e138ebf9cfc5966b082cf9a028302ed4184","hash":"bb163cfe9947d867ca1050b59d104f69eeaddfb9"}
,"C:\\Users\\Ben Brown\\Documents\\GitHub\\Class-Scribe\\src\\classscribe-fe\\src\\index.js": {"path":"C:\\Users\\Ben Brown\\Documents\\GitHub\\Class-Scribe\\src\\classscribe-fe\\src\\index.js","statementMap":{"0":{"start":{"line":7,"column":0},"end":{"line":7,"column":58}},"1":{"start":{"line":12,"column":0},"end":{"line":12,"column":27}}},"fnMap":{},"branchMap":{},"s":{"0":0,"1":0},"f":{},"b":{},"hash":"8893a703323befb32a752223e888ec91d0b845c3"}
,"C:\\Users\\Ben Brown\\Documents\\GitHub\\Class-Scribe\\src\\classscribe-fe\\src\\serviceWorker.js": {"path":"C:\\Users\\Ben Brown\\Documents\\GitHub\\Class-Scribe\\src\\classscribe-fe\\src\\serviceWorker.js","statementMap":{"0":{"start":{"line":13,"column":20},"end":{"line":21,"column":1}},"1":{"start":{"line":24,"column":2},"end":{"line":54,"column":3}},"2":{"start":{"line":26,"column":22},"end":{"line":26,"column":75}},"3":{"start":{"line":27,"column":4},"end":{"line":32,"column":5}},"4":{"start":{"line":31,"column":6},"end":{"line":31,"column":13}},"5":{"start":{"line":34,"column":4},"end":{"line":53,"column":7}},"6":{"start":{"line":35,"column":20},"end":{"line":35,"column":65}},"7":{"start":{"line":37,"column":6},"end":{"line":52,"column":7}},"8":{"start":{"line":39,"column":8},"end":{"line":39,"column":47}},"9":{"start":{"line":43,"column":8},"end":{"line":48,"column":11}},"10":{"start":{"line":44,"column":10},"end":{"line":47,"column":12}},"11":{"start":{"line":51,"column":8},"end":{"line":51,"column":39}},"12":{"start":{"line":58,"column":2},"end":{"line":98,"column":7}},"13":{"start":{"line":61,"column":6},"end":{"line":94,"column":8}},"14":{"start":{"line":62,"column":33},"end":{"line":62,"column":56}},"15":{"start":{"line":63,"column":8},"end":{"line":65,"column":9}},"16":{"start":{"line":64,"column":10},"end":{"line":64,"column":17}},"17":{"start":{"line":66,"column":8},"end":{"line":93,"column":10}},"18":{"start":{"line":67,"column":10},"end":{"line":92,"column":11}},"19":{"start":{"line":68,"column":12},"end":{"line":91,"column":13}},"20":{"start":{"line":72,"column":14},"end":{"line":75,"column":16}},"21":{"start":{"line":78,"column":14},"end":{"line":80,"column":15}},"22":{"start":{"line":79,"column":16},"end":{"line":79,"column":46}},"23":{"start":{"line":85,"column":14},"end":{"line":85,"column":64}},"24":{"start":{"line":88,"column":14},"end":{"line":90,"column":15}},"25":{"start":{"line":89,"column":16},"end":{"line":89,"column":47}},"26":{"start":{"line":97,"column":6},"end":{"line":97,"column":72}},"27":{"start":{"line":103,"column":2},"end":{"line":126,"column":7}},"28":{"start":{"line":106,"column":26},"end":{"line":106,"column":62}},"29":{"start":{"line":107,"column":6},"end":{"line":120,"column":7}},"30":{"start":{"line":112,"column":8},"end":{"line":116,"column":11}},"31":{"start":{"line":113,"column":10},"end":{"line":115,"column":13}},"32":{"start":{"line":114,"column":12},"end":{"line":114,"column":37}},"33":{"start":{"line":119,"column":8},"end":{"line":119,"column":39}},"34":{"start":{"line":123,"column":6},"end":{"line":125,"column":8}},"35":{"start":{"line":130,"column":2},"end":{"line":134,"column":3}},"36":{"start":{"line":131,"column":4},"end":{"line":133,"column":7}},"37":{"start":{"line":132,"column":6},"end":{"line":132,"column":32}}},"fnMap":{"0":{"name":"register","decl":{"start":{"line":23,"column":16},"end":{"line":23,"column":24}},"loc":{"start":{"line":23,"column":33},"end":{"line":55,"column":1}},"line":23},"1":{"name":"(anonymous_1)","decl":{"start":{"line":34,"column":36},"end":{"line":34,"column":37}},"loc":{"start":{"line":34,"column":42},"end":{"line":53,"column":5}},"line":34},"2":{"name":"(anonymous_2)","decl":{"start":{"line":43,"column":43},"end":{"line":43,"column":44}},"loc":{"start":{"line":43,"column":49},"end":{"line":48,"column":9}},"line":43},"3":{"name":"registerValidSW","decl":{"start":{"line":57,"column":9},"end":{"line":57,"column":24}},"loc":{"start":{"line":57,"column":40},"end":{"line":99,"column":1}},"line":57},"4":{"name":"(anonymous_4)","decl":{"start":{"line":60,"column":10},"end":{"line":60,"column":11}},"loc":{"start":{"line":60,"column":26},"end":{"line":95,"column":5}},"line":60},"5":{"name":"(anonymous_5)","decl":{"start":{"line":61,"column":35},"end":{"line":61,"column":36}},"loc":{"start":{"line":61,"column":41},"end":{"line":94,"column":7}},"line":61},"6":{"name":"(anonymous_6)","decl":{"start":{"line":66,"column":41},"end":{"line":66,"column":42}},"loc":{"start":{"line":66,"column":47},"end":{"line":93,"column":9}},"line":66},"7":{"name":"(anonymous_7)","decl":{"start":{"line":96,"column":11},"end":{"line":96,"column":12}},"loc":{"start":{"line":96,"column":20},"end":{"line":98,"column":5}},"line":96},"8":{"name":"checkValidServiceWorker","decl":{"start":{"line":101,"column":9},"end":{"line":101,"column":32}},"loc":{"start":{"line":101,"column":48},"end":{"line":127,"column":1}},"line":101},"9":{"name":"(anonymous_9)","decl":{"start":{"line":104,"column":10},"end":{"line":104,"column":11}},"loc":{"start":{"line":104,"column":22},"end":{"line":121,"column":5}},"line":104},"10":{"name":"(anonymous_10)","decl":{"start":{"line":112,"column":43},"end":{"line":112,"column":44}},"loc":{"start":{"line":112,"column":59},"end":{"line":116,"column":9}},"line":112},"11":{"name":"(anonymous_11)","decl":{"start":{"line":113,"column":41},"end":{"line":113,"column":42}},"loc":{"start":{"line":113,"column":47},"end":{"line":115,"column":11}},"line":113},"12":{"name":"(anonymous_12)","decl":{"start":{"line":122,"column":11},"end":{"line":122,"column":12}},"loc":{"start":{"line":122,"column":17},"end":{"line":126,"column":5}},"line":122},"13":{"name":"unregister","decl":{"start":{"line":129,"column":16},"end":{"line":129,"column":26}},"loc":{"start":{"line":129,"column":29},"end":{"line":135,"column":1}},"line":129},"14":{"name":"(anonymous_14)","decl":{"start":{"line":131,"column":39},"end":{"line":131,"column":40}},"loc":{"start":{"line":131,"column":55},"end":{"line":133,"column":5}},"line":131}},"branchMap":{"0":{"loc":{"start":{"line":14,"column":2},"end":{"line":20,"column":5}},"type":"binary-expr","locations":[{"start":{"line":14,"column":2},"end":{"line":14,"column":42}},{"start":{"line":16,"column":4},"end":{"line":16,"column":40}},{"start":{"line":18,"column":4},"end":{"line":20,"column":5}}],"line":14},"1":{"loc":{"start":{"line":24,"column":2},"end":{"line":54,"column":3}},"type":"if","locations":[{"start":{"line":24,"column":2},"end":{"line":54,"column":3}},{"start":{"line":24,"column":2},"end":{"line":54,"column":3}}],"line":24},"2":{"loc":{"start":{"line":24,"column":6},"end":{"line":24,"column":75}},"type":"binary-expr","locations":[{"start":{"line":24,"column":6},"end":{"line":24,"column":43}},{"start":{"line":24,"column":47},"end":{"line":24,"column":75}}],"line":24},"3":{"loc":{"start":{"line":27,"column":4},"end":{"line":32,"column":5}},"type":"if","locations":[{"start":{"line":27,"column":4},"end":{"line":32,"column":5}},{"start":{"line":27,"column":4},"end":{"line":32,"column":5}}],"line":27},"4":{"loc":{"start":{"line":37,"column":6},"end":{"line":52,"column":7}},"type":"if","locations":[{"start":{"line":37,"column":6},"end":{"line":52,"column":7}},{"start":{"line":37,"column":6},"end":{"line":52,"column":7}}],"line":37},"5":{"loc":{"start":{"line":63,"column":8},"end":{"line":65,"column":9}},"type":"if","locations":[{"start":{"line":63,"column":8},"end":{"line":65,"column":9}},{"start":{"line":63,"column":8},"end":{"line":65,"column":9}}],"line":63},"6":{"loc":{"start":{"line":67,"column":10},"end":{"line":92,"column":11}},"type":"if","locations":[{"start":{"line":67,"column":10},"end":{"line":92,"column":11}},{"start":{"line":67,"column":10},"end":{"line":92,"column":11}}],"line":67},"7":{"loc":{"start":{"line":68,"column":12},"end":{"line":91,"column":13}},"type":"if","locations":[{"start":{"line":68,"column":12},"end":{"line":91,"column":13}},{"start":{"line":68,"column":12},"end":{"line":91,"column":13}}],"line":68},"8":{"loc":{"start":{"line":78,"column":14},"end":{"line":80,"column":15}},"type":"if","locations":[{"start":{"line":78,"column":14},"end":{"line":80,"column":15}},{"start":{"line":78,"column":14},"end":{"line":80,"column":15}}],"line":78},"9":{"loc":{"start":{"line":78,"column":18},"end":{"line":78,"column":43}},"type":"binary-expr","locations":[{"start":{"line":78,"column":18},"end":{"line":78,"column":24}},{"start":{"line":78,"column":28},"end":{"line":78,"column":43}}],"line":78},"10":{"loc":{"start":{"line":88,"column":14},"end":{"line":90,"column":15}},"type":"if","locations":[{"start":{"line":88,"column":14},"end":{"line":90,"column":15}},{"start":{"line":88,"column":14},"end":{"line":90,"column":15}}],"line":88},"11":{"loc":{"start":{"line":88,"column":18},"end":{"line":88,"column":44}},"type":"binary-expr","locations":[{"start":{"line":88,"column":18},"end":{"line":88,"column":24}},{"start":{"line":88,"column":28},"end":{"line":88,"column":44}}],"line":88},"12":{"loc":{"start":{"line":107,"column":6},"end":{"line":120,"column":7}},"type":"if","locations":[{"start":{"line":107,"column":6},"end":{"line":120,"column":7}},{"start":{"line":107,"column":6},"end":{"line":120,"column":7}}],"line":107},"13":{"loc":{"start":{"line":108,"column":8},"end":{"line":109,"column":73}},"type":"binary-expr","locations":[{"start":{"line":108,"column":8},"end":{"line":108,"column":31}},{"start":{"line":109,"column":9},"end":{"line":109,"column":28}},{"start":{"line":109,"column":32},"end":{"line":109,"column":72}}],"line":108},"14":{"loc":{"start":{"line":130,"column":2},"end":{"line":134,"column":3}},"type":"if","locations":[{"start":{"line":130,"column":2},"end":{"line":134,"column":3}},{"start":{"line":130,"column":2},"end":{"line":134,"column":3}}],"line":130}},"s":{"0":0,"1":0,"2":0,"3":0,"4":0,"5":0,"6":0,"7":0,"8":0,"9":0,"10":0,"11":0,"12":0,"13":0,"14":0,"15":0,"16":0,"17":0,"18":0,"19":0,"20":0,"21":0,"22":0,"23":0,"24":0,"25":0,"26":0,"27":0,"28":0,"29":0,"30":0,"31":0,"32":0,"33":0,"34":0,"35":0,"36":0,"37":0},"f":{"0":0,"1":0,"2":0,"3":0,"4":0,"5":0,"6":0,"7":0,"8":0,"9":0,"10":0,"11":0,"12":0,"13":0,"14":0},"b":{"0":[0,0,0],"1":[0,0],"2":[0,0],"3":[0,0],"4":[0,0],"5":[0,0],"6":[0,0],"7":[0,0],"8":[0,0],"9":[0,0],"10":[0,0],"11":[0,0],"12":[0,0],"13":[0,0,0],"14":[0,0]},"hash":"6d2cf300a12987448ed57b82550cda382d917192"}
,"C:\\Users\\Ben Brown\\Documents\\GitHub\\Class-Scribe\\src\\classscribe-fe\\src\\components\\404.js": {"path":"C:\\Users\\Ben Brown\\Documents\\GitHub\\Class-Scribe\\src\\classscribe-fe\\src\\components\\404.js","statementMap":{"0":{"start":{"line":4,"column":19},"end":{"line":13,"column":1}},"1":{"start":{"line":5,"column":4},"end":{"line":12,"column":5}}},"fnMap":{"0":{"name":"(anonymous_0)","decl":{"start":{"line":4,"column":19},"end":{"line":4,"column":20}},"loc":{"start":{"line":4,"column":24},"end":{"line":13,"column":1}},"line":4}},"branchMap":{},"s":{"0":8,"1":0},"f":{"0":0},"b":{},"_coverageSchema":"43e27e138ebf9cfc5966b082cf9a028302ed4184","hash":"06f827bf665815f4dce573f7d3f6dc4cf6b8dfa2"}
,"C:\\Users\\Ben Brown\\Documents\\GitHub\\Class-Scribe\\src\\classscribe-fe\\src\\components\\Navbar.js": {"path":"C:\\Users\\Ben Brown\\Documents\\GitHub\\Class-Scribe\\src\\classscribe-fe\\src\\components\\Navbar.js","statementMap":{"0":{"start":{"line":9,"column":8},"end":{"line":9,"column":21}},"1":{"start":{"line":10,"column":8},"end":{"line":12,"column":10}},"2":{"start":{"line":16,"column":8},"end":{"line":20,"column":9}},"3":{"start":{"line":17,"column":12},"end":{"line":19,"column":15}},"4":{"start":{"line":25,"column":19},"end":{"line":25,"column":23}},"5":{"start":{"line":26,"column":8},"end":{"line":35,"column":10}}},"fnMap":{"0":{"name":"(anonymous_0)","decl":{"start":{"line":8,"column":4},"end":{"line":8,"column":5}},"loc":{"start":{"line":8,"column":22},"end":{"line":13,"column":5}},"line":8},"1":{"name":"(anonymous_1)","decl":{"start":{"line":15,"column":4},"end":{"line":15,"column":5}},"loc":{"start":{"line":15,"column":30},"end":{"line":21,"column":5}},"line":15},"2":{"name":"(anonymous_2)","decl":{"start":{"line":23,"column":4},"end":{"line":23,"column":5}},"loc":{"start":{"line":23,"column":13},"end":{"line":36,"column":5}},"line":23}},"branchMap":{"0":{"loc":{"start":{"line":11,"column":22},"end":{"line":11,"column":42}},"type":"binary-expr","locations":[{"start":{"line":11,"column":22},"end":{"line":11,"column":36}},{"start":{"line":11,"column":40},"end":{"line":11,"column":42}}],"line":11},"1":{"loc":{"start":{"line":16,"column":8},"end":{"line":20,"column":9}},"type":"if","locations":[{"start":{"line":16,"column":8},"end":{"line":20,"column":9}},{"start":{"line":16,"column":8},"end":{"line":20,"column":9}}],"line":16}},"s":{"0":8,"1":8,"2":46,"3":2,"4":54,"5":54},"f":{"0":8,"1":46,"2":54},"b":{"0":[8,5],"1":[2,44]},"_coverageSchema":"43e27e138ebf9cfc5966b082cf9a028302ed4184","hash":"47746aa7b5f721f1dd676e9c02c532f26aa0d00b"}
,"C:\\Users\\Ben Brown\\Documents\\GitHub\\Class-Scribe\\src\\classscribe-fe\\src\\components\\ImageUpload\\NotebookCard.js": {"path":"C:\\Users\\Ben Brown\\Documents\\GitHub\\Class-Scribe\\src\\classscribe-fe\\src\\components\\ImageUpload\\NotebookCard.js","statementMap":{"0":{"start":{"line":31,"column":20},"end":{"line":39,"column":4}},"1":{"start":{"line":42,"column":28},"end":{"line":47,"column":3}},"2":{"start":{"line":48,"column":28},"end":{"line":53,"column":3}},"3":{"start":{"line":54,"column":27},"end":{"line":59,"column":3}},"4":{"start":{"line":61,"column":21},"end":{"line":66,"column":3}},"5":{"start":{"line":68,"column":29},"end":{"line":74,"column":3}},"6":{"start":{"line":76,"column":23},"end":{"line":80,"column":3}},"7":{"start":{"line":82,"column":26},"end":{"line":85,"column":3}},"8":{"start":{"line":87,"column":24},"end":{"line":90,"column":3}},"9":{"start":{"line":92,"column":15},"end":{"line":123,"column":3}},"10":{"start":{"line":127,"column":8},"end":{"line":127,"column":21}},"11":{"start":{"line":128,"column":8},"end":{"line":138,"column":10}},"12":{"start":{"line":140,"column":8},"end":{"line":140,"column":65}},"13":{"start":{"line":141,"column":8},"end":{"line":141,"column":57}},"14":{"start":{"line":142,"column":8},"end":{"line":142,"column":69}},"15":{"start":{"line":143,"column":8},"end":{"line":143,"column":57}},"16":{"start":{"line":144,"column":8},"end":{"line":144,"column":62}},"17":{"start":{"line":147,"column":25},"end":{"line":150,"column":5}},"18":{"start":{"line":148,"column":6},"end":{"line":148,"column":32}},"19":{"start":{"line":152,"column":22},"end":{"line":158,"column":5}},"20":{"start":{"line":153,"column":16},"end":{"line":153,"column":17}},"21":{"start":{"line":154,"column":6},"end":{"line":156,"column":7}},"22":{"start":{"line":154,"column":18},"end":{"line":154,"column":19}},"23":{"start":{"line":155,"column":8},"end":{"line":155,"column":42}},"24":{"start":{"line":157,"column":6},"end":{"line":157,"column":50}},"25":{"start":{"line":160,"column":21},"end":{"line":170,"column":5}},"26":{"start":{"line":161,"column":17},"end":{"line":161,"column":21}},"27":{"start":{"line":162,"column":6},"end":{"line":169,"column":7}},"28":{"start":{"line":163,"column":26},"end":{"line":163,"column":61}},"29":{"start":{"line":164,"column":8},"end":{"line":167,"column":13}},"30":{"start":{"line":166,"column":12},"end":{"line":166,"column":50}},"31":{"start":{"line":168,"column":8},"end":{"line":168,"column":33}},"32":{"start":{"line":173,"column":17},"end":{"line":175,"column":7}},"33":{"start":{"line":176,"column":17},"end":{"line":176,"column":21}},"34":{"start":{"line":177,"column":18},"end":{"line":177,"column":56}},"35":{"start":{"line":178,"column":6},"end":{"line":188,"column":13}},"36":{"start":{"line":180,"column":14},"end":{"line":183,"column":15}},"37":{"start":{"line":181,"column":16},"end":{"line":181,"column":62}},"38":{"start":{"line":182,"column":16},"end":{"line":182,"column":81}},"39":{"start":{"line":186,"column":14},"end":{"line":186,"column":78}},"40":{"start":{"line":187,"column":14},"end":{"line":187,"column":33}},"41":{"start":{"line":193,"column":6},"end":{"line":193,"column":23}},"42":{"start":{"line":194,"column":21},"end":{"line":198,"column":7}},"43":{"start":{"line":199,"column":6},"end":{"line":206,"column":111}},"44":{"start":{"line":200,"column":8},"end":{"line":205,"column":9}},"45":{"start":{"line":201,"column":10},"end":{"line":201,"column":39}},"46":{"start":{"line":203,"column":13},"end":{"line":205,"column":9}},"47":{"start":{"line":204,"column":10},"end":{"line":204,"column":52}},"48":{"start":{"line":206,"column":23},"end":{"line":206,"column":53}},"49":{"start":{"line":206,"column":69},"end":{"line":206,"column":109}},"50":{"start":{"line":210,"column":6},"end":{"line":210,"column":55}},"51":{"start":{"line":213,"column":22},"end":{"line":223,"column":5}},"52":{"start":{"line":214,"column":18},"end":{"line":214,"column":41}},"53":{"start":{"line":215,"column":6},"end":{"line":222,"column":7}},"54":{"start":{"line":216,"column":8},"end":{"line":216,"column":25}},"55":{"start":{"line":217,"column":8},"end":{"line":217,"column":44}},"56":{"start":{"line":220,"column":8},"end":{"line":220,"column":42}},"57":{"start":{"line":221,"column":8},"end":{"line":221,"column":44}},"58":{"start":{"line":227,"column":6},"end":{"line":229,"column":7}},"59":{"start":{"line":228,"column":8},"end":{"line":228,"column":14}},"60":{"start":{"line":230,"column":6},"end":{"line":230,"column":34}},"61":{"start":{"line":232,"column":18},"end":{"line":232,"column":47}},"62":{"start":{"line":233,"column":6},"end":{"line":233,"column":98}},"63":{"start":{"line":234,"column":6},"end":{"line":234,"column":42}},"64":{"start":{"line":236,"column":17},"end":{"line":240,"column":7}},"65":{"start":{"line":241,"column":18},"end":{"line":241,"column":46}},"66":{"start":{"line":242,"column":6},"end":{"line":251,"column":13}},"67":{"start":{"line":244,"column":14},"end":{"line":246,"column":15}},"68":{"start":{"line":249,"column":14},"end":{"line":249,"column":78}},"69":{"start":{"line":250,"column":14},"end":{"line":250,"column":33}},"70":{"start":{"line":256,"column":8},"end":{"line":262,"column":9}},"71":{"start":{"line":257,"column":12},"end":{"line":261,"column":15}},"72":{"start":{"line":266,"column":17},"end":{"line":266,"column":21}},"73":{"start":{"line":267,"column":6},"end":{"line":274,"column":7}},"74":{"start":{"line":268,"column":23},"end":{"line":268,"column":63}},"75":{"start":{"line":269,"column":8},"end":{"line":272,"column":13}},"76":{"start":{"line":271,"column":12},"end":{"line":271,"column":49}},"77":{"start":{"line":273,"column":8},"end":{"line":273,"column":65}},"78":{"start":{"line":282,"column":17},"end":{"line":282,"column":21}},"79":{"start":{"line":284,"column":6},"end":{"line":299,"column":7}},"80":{"start":{"line":285,"column":20},"end":{"line":285,"column":52}},"81":{"start":{"line":286,"column":20},"end":{"line":289,"column":9}},"82":{"start":{"line":290,"column":8},"end":{"line":298,"column":10}},"83":{"start":{"line":291,"column":10},"end":{"line":295,"column":11}},"84":{"start":{"line":292,"column":12},"end":{"line":292,"column":45}},"85":{"start":{"line":293,"column":12},"end":{"line":293,"column":45}},"86":{"start":{"line":294,"column":12},"end":{"line":294,"column":83}},"87":{"start":{"line":297,"column":10},"end":{"line":297,"column":43}},"88":{"start":{"line":303,"column":17},"end":{"line":303,"column":21}},"89":{"start":{"line":304,"column":20},"end":{"line":304,"column":54}},"90":{"start":{"line":305,"column":20},"end":{"line":308,"column":9}},"91":{"start":{"line":309,"column":8},"end":{"line":315,"column":63}},"92":{"start":{"line":310,"column":10},"end":{"line":314,"column":11}},"93":{"start":{"line":311,"column":12},"end":{"line":311,"column":52}},"94":{"start":{"line":312,"column":12},"end":{"line":312,"column":43}},"95":{"start":{"line":313,"column":12},"end":{"line":313,"column":83}},"96":{"start":{"line":315,"column":25},"end":{"line":315,"column":61}},"97":{"start":{"line":321,"column":17},"end":{"line":321,"column":21}},"98":{"start":{"line":322,"column":4},"end":{"line":471,"column":3}},"99":{"start":{"line":323,"column":22},"end":{"line":325,"column":8}},"100":{"start":{"line":324,"column":8},"end":{"line":324,"column":107}},"101":{"start":{"line":326,"column":17},"end":{"line":326,"column":21}},"102":{"start":{"line":327,"column":20},"end":{"line":343,"column":10}},"103":{"start":{"line":328,"column":8},"end":{"line":336,"column":9}},"104":{"start":{"line":329,"column":10},"end":{"line":329,"column":18}},"105":{"start":{"line":331,"column":13},"end":{"line":336,"column":9}},"106":{"start":{"line":332,"column":10},"end":{"line":332,"column":19}},"107":{"start":{"line":335,"column":10},"end":{"line":335,"column":18}},"108":{"start":{"line":338,"column":23},"end":{"line":338,"column":116}},"109":{"start":{"line":339,"column":28},"end":{"line":339,"column":86}},"110":{"start":{"line":340,"column":8},"end":{"line":342,"column":10}},"111":{"start":{"line":344,"column":6},"end":{"line":467,"column":17}},"112":{"start":{"line":347,"column":137},"end":{"line":347,"column":214}},"113":{"start":{"line":352,"column":177},"end":{"line":352,"column":205}},"114":{"start":{"line":353,"column":165},"end":{"line":353,"column":189}},"115":{"start":{"line":365,"column":96},"end":{"line":365,"column":137}},"116":{"start":{"line":369,"column":22},"end":{"line":369,"column":68}},"117":{"start":{"line":371,"column":22},"end":{"line":371,"column":68}},"118":{"start":{"line":375,"column":106},"end":{"line":375,"column":173}},"119":{"start":{"line":378,"column":92},"end":{"line":378,"column":159}},"120":{"start":{"line":381,"column":93},"end":{"line":381,"column":160}},"121":{"start":{"line":384,"column":110},"end":{"line":384,"column":177}},"122":{"start":{"line":387,"column":93},"end":{"line":387,"column":160}},"123":{"start":{"line":390,"column":92},"end":{"line":390,"column":159}},"124":{"start":{"line":399,"column":110},"end":{"line":399,"column":150}},"125":{"start":{"line":402,"column":96},"end":{"line":402,"column":135}},"126":{"start":{"line":410,"column":24},"end":{"line":424,"column":30}},"127":{"start":{"line":422,"column":73},"end":{"line":422,"column":89}},"128":{"start":{"line":422,"column":90},"end":{"line":422,"column":120}},"129":{"start":{"line":422,"column":106},"end":{"line":422,"column":113}},"130":{"start":{"line":437,"column":43},"end":{"line":437,"column":78}},"131":{"start":{"line":446,"column":41},"end":{"line":446,"column":76}},"132":{"start":{"line":470,"column":6},"end":{"line":470,"column":24}}},"fnMap":{"0":{"name":"(anonymous_0)","decl":{"start":{"line":126,"column":4},"end":{"line":126,"column":5}},"loc":{"start":{"line":126,"column":22},"end":{"line":145,"column":5}},"line":126},"1":{"name":"(anonymous_1)","decl":{"start":{"line":147,"column":25},"end":{"line":147,"column":26}},"loc":{"start":{"line":147,"column":39},"end":{"line":150,"column":5}},"line":147},"2":{"name":"(anonymous_2)","decl":{"start":{"line":152,"column":22},"end":{"line":152,"column":23}},"loc":{"start":{"line":152,"column":32},"end":{"line":158,"column":5}},"line":152},"3":{"name":"(anonymous_3)","decl":{"start":{"line":160,"column":21},"end":{"line":160,"column":22}},"loc":{"start":{"line":160,"column":29},"end":{"line":170,"column":5}},"line":160},"4":{"name":"(anonymous_4)","decl":{"start":{"line":165,"column":17},"end":{"line":165,"column":18}},"loc":{"start":{"line":165,"column":34},"end":{"line":167,"column":11}},"line":165},"5":{"name":"(anonymous_5)","decl":{"start":{"line":172,"column":4},"end":{"line":172,"column":5}},"loc":{"start":{"line":172,"column":29},"end":{"line":190,"column":5}},"line":172},"6":{"name":"(anonymous_6)","decl":{"start":{"line":179,"column":16},"end":{"line":179,"column":17}},"loc":{"start":{"line":179,"column":36},"end":{"line":184,"column":11}},"line":179},"7":{"name":"(anonymous_7)","decl":{"start":{"line":185,"column":17},"end":{"line":185,"column":18}},"loc":{"start":{"line":185,"column":34},"end":{"line":188,"column":11}},"line":185},"8":{"name":"(anonymous_8)","decl":{"start":{"line":192,"column":4},"end":{"line":192,"column":5}},"loc":{"start":{"line":192,"column":36},"end":{"line":207,"column":5}},"line":192},"9":{"name":"(anonymous_9)","decl":{"start":{"line":199,"column":59},"end":{"line":199,"column":60}},"loc":{"start":{"line":199,"column":72},"end":{"line":206,"column":7}},"line":199},"10":{"name":"(anonymous_10)","decl":{"start":{"line":206,"column":14},"end":{"line":206,"column":15}},"loc":{"start":{"line":206,"column":23},"end":{"line":206,"column":53}},"line":206},"11":{"name":"(anonymous_11)","decl":{"start":{"line":206,"column":61},"end":{"line":206,"column":62}},"loc":{"start":{"line":206,"column":68},"end":{"line":206,"column":110}},"line":206},"12":{"name":"(anonymous_12)","decl":{"start":{"line":209,"column":4},"end":{"line":209,"column":5}},"loc":{"start":{"line":209,"column":27},"end":{"line":211,"column":5}},"line":209},"13":{"name":"(anonymous_13)","decl":{"start":{"line":213,"column":22},"end":{"line":213,"column":23}},"loc":{"start":{"line":213,"column":37},"end":{"line":223,"column":5}},"line":213},"14":{"name":"(anonymous_14)","decl":{"start":{"line":226,"column":4},"end":{"line":226,"column":5}},"loc":{"start":{"line":226,"column":29},"end":{"line":253,"column":5}},"line":226},"15":{"name":"(anonymous_15)","decl":{"start":{"line":243,"column":16},"end":{"line":243,"column":17}},"loc":{"start":{"line":243,"column":36},"end":{"line":247,"column":11}},"line":243},"16":{"name":"(anonymous_16)","decl":{"start":{"line":248,"column":17},"end":{"line":248,"column":18}},"loc":{"start":{"line":248,"column":34},"end":{"line":251,"column":11}},"line":248},"17":{"name":"(anonymous_17)","decl":{"start":{"line":255,"column":4},"end":{"line":255,"column":5}},"loc":{"start":{"line":255,"column":37},"end":{"line":263,"column":5}},"line":255},"18":{"name":"(anonymous_18)","decl":{"start":{"line":265,"column":4},"end":{"line":265,"column":5}},"loc":{"start":{"line":265,"column":25},"end":{"line":275,"column":5}},"line":265},"19":{"name":"(anonymous_19)","decl":{"start":{"line":270,"column":17},"end":{"line":270,"column":18}},"loc":{"start":{"line":270,"column":34},"end":{"line":272,"column":11}},"line":270},"20":{"name":"(anonymous_20)","decl":{"start":{"line":281,"column":4},"end":{"line":281,"column":5}},"loc":{"start":{"line":281,"column":20},"end":{"line":300,"column":5}},"line":281},"21":{"name":"(anonymous_21)","decl":{"start":{"line":290,"column":42},"end":{"line":290,"column":43}},"loc":{"start":{"line":290,"column":61},"end":{"line":296,"column":9}},"line":290},"22":{"name":"(anonymous_22)","decl":{"start":{"line":296,"column":17},"end":{"line":296,"column":18}},"loc":{"start":{"line":296,"column":24},"end":{"line":298,"column":9}},"line":296},"23":{"name":"(anonymous_23)","decl":{"start":{"line":302,"column":4},"end":{"line":302,"column":5}},"loc":{"start":{"line":302,"column":34},"end":{"line":318,"column":5}},"line":302},"24":{"name":"(anonymous_24)","decl":{"start":{"line":309,"column":42},"end":{"line":309,"column":43}},"loc":{"start":{"line":309,"column":61},"end":{"line":315,"column":9}},"line":309},"25":{"name":"(anonymous_25)","decl":{"start":{"line":315,"column":17},"end":{"line":315,"column":18}},"loc":{"start":{"line":315,"column":24},"end":{"line":315,"column":62}},"line":315},"26":{"name":"(anonymous_26)","decl":{"start":{"line":320,"column":4},"end":{"line":320,"column":5}},"loc":{"start":{"line":320,"column":12},"end":{"line":472,"column":1}},"line":320},"27":{"name":"(anonymous_27)","decl":{"start":{"line":323,"column":56},"end":{"line":323,"column":57}},"loc":{"start":{"line":323,"column":70},"end":{"line":325,"column":7}},"line":323},"28":{"name":"(anonymous_28)","decl":{"start":{"line":327,"column":62},"end":{"line":327,"column":63}},"loc":{"start":{"line":327,"column":76},"end":{"line":337,"column":7}},"line":327},"29":{"name":"(anonymous_29)","decl":{"start":{"line":337,"column":13},"end":{"line":337,"column":14}},"loc":{"start":{"line":337,"column":26},"end":{"line":343,"column":9}},"line":337},"30":{"name":"(anonymous_30)","decl":{"start":{"line":347,"column":119},"end":{"line":347,"column":120}},"loc":{"start":{"line":347,"column":135},"end":{"line":347,"column":215}},"line":347},"31":{"name":"(anonymous_31)","decl":{"start":{"line":352,"column":168},"end":{"line":352,"column":169}},"loc":{"start":{"line":352,"column":177},"end":{"line":352,"column":205}},"line":352},"32":{"name":"(anonymous_32)","decl":{"start":{"line":353,"column":154},"end":{"line":353,"column":155}},"loc":{"start":{"line":353,"column":165},"end":{"line":353,"column":189}},"line":353},"33":{"name":"(anonymous_33)","decl":{"start":{"line":365,"column":85},"end":{"line":365,"column":86}},"loc":{"start":{"line":365,"column":96},"end":{"line":365,"column":137}},"line":365},"34":{"name":"(anonymous_34)","decl":{"start":{"line":368,"column":65},"end":{"line":368,"column":66}},"loc":{"start":{"line":368,"column":79},"end":{"line":370,"column":21}},"line":368},"35":{"name":"(anonymous_35)","decl":{"start":{"line":370,"column":82},"end":{"line":370,"column":83}},"loc":{"start":{"line":370,"column":96},"end":{"line":372,"column":21}},"line":370},"36":{"name":"(anonymous_36)","decl":{"start":{"line":375,"column":95},"end":{"line":375,"column":96}},"loc":{"start":{"line":375,"column":106},"end":{"line":375,"column":173}},"line":375},"37":{"name":"(anonymous_37)","decl":{"start":{"line":378,"column":81},"end":{"line":378,"column":82}},"loc":{"start":{"line":378,"column":92},"end":{"line":378,"column":159}},"line":378},"38":{"name":"(anonymous_38)","decl":{"start":{"line":381,"column":82},"end":{"line":381,"column":83}},"loc":{"start":{"line":381,"column":93},"end":{"line":381,"column":160}},"line":381},"39":{"name":"(anonymous_39)","decl":{"start":{"line":384,"column":99},"end":{"line":384,"column":100}},"loc":{"start":{"line":384,"column":110},"end":{"line":384,"column":177}},"line":384},"40":{"name":"(anonymous_40)","decl":{"start":{"line":387,"column":82},"end":{"line":387,"column":83}},"loc":{"start":{"line":387,"column":93},"end":{"line":387,"column":160}},"line":387},"41":{"name":"(anonymous_41)","decl":{"start":{"line":390,"column":81},"end":{"line":390,"column":82}},"loc":{"start":{"line":390,"column":92},"end":{"line":390,"column":159}},"line":390},"42":{"name":"(anonymous_42)","decl":{"start":{"line":399,"column":99},"end":{"line":399,"column":100}},"loc":{"start":{"line":399,"column":110},"end":{"line":399,"column":150}},"line":399},"43":{"name":"(anonymous_43)","decl":{"start":{"line":402,"column":85},"end":{"line":402,"column":86}},"loc":{"start":{"line":402,"column":96},"end":{"line":402,"column":135}},"line":402},"44":{"name":"(anonymous_44)","decl":{"start":{"line":409,"column":25},"end":{"line":409,"column":26}},"loc":{"start":{"line":410,"column":24},"end":{"line":424,"column":30}},"line":410},"45":{"name":"(anonymous_45)","decl":{"start":{"line":422,"column":63},"end":{"line":422,"column":64}},"loc":{"start":{"line":422,"column":72},"end":{"line":422,"column":121}},"line":422},"46":{"name":"(anonymous_46)","decl":{"start":{"line":422,"column":101},"end":{"line":422,"column":102}},"loc":{"start":{"line":422,"column":105},"end":{"line":422,"column":114}},"line":422},"47":{"name":"(anonymous_47)","decl":{"start":{"line":437,"column":37},"end":{"line":437,"column":38}},"loc":{"start":{"line":437,"column":43},"end":{"line":437,"column":78}},"line":437},"48":{"name":"(anonymous_48)","decl":{"start":{"line":446,"column":35},"end":{"line":446,"column":36}},"loc":{"start":{"line":446,"column":41},"end":{"line":446,"column":76}},"line":446}},"branchMap":{"0":{"loc":{"start":{"line":136,"column":21},"end":{"line":136,"column":72}},"type":"cond-expr","locations":[{"start":{"line":136,"column":46},"end":{"line":136,"column":64}},{"start":{"line":136,"column":67},"end":{"line":136,"column":72}}],"line":136},"1":{"loc":{"start":{"line":162,"column":6},"end":{"line":169,"column":7}},"type":"if","locations":[{"start":{"line":162,"column":6},"end":{"line":169,"column":7}},{"start":{"line":162,"column":6},"end":{"line":169,"column":7}}],"line":162},"2":{"loc":{"start":{"line":180,"column":14},"end":{"line":183,"column":15}},"type":"if","locations":[{"start":{"line":180,"column":14},"end":{"line":183,"column":15}},{"start":{"line":180,"column":14},"end":{"line":183,"column":15}}],"line":180},"3":{"loc":{"start":{"line":200,"column":8},"end":{"line":205,"column":9}},"type":"if","locations":[{"start":{"line":200,"column":8},"end":{"line":205,"column":9}},{"start":{"line":200,"column":8},"end":{"line":205,"column":9}}],"line":200},"4":{"loc":{"start":{"line":203,"column":13},"end":{"line":205,"column":9}},"type":"if","locations":[{"start":{"line":203,"column":13},"end":{"line":205,"column":9}},{"start":{"line":203,"column":13},"end":{"line":205,"column":9}}],"line":203},"5":{"loc":{"start":{"line":215,"column":6},"end":{"line":222,"column":7}},"type":"if","locations":[{"start":{"line":215,"column":6},"end":{"line":222,"column":7}},{"start":{"line":215,"column":6},"end":{"line":222,"column":7}}],"line":215},"6":{"loc":{"start":{"line":227,"column":6},"end":{"line":229,"column":7}},"type":"if","locations":[{"start":{"line":227,"column":6},"end":{"line":229,"column":7}},{"start":{"line":227,"column":6},"end":{"line":229,"column":7}}],"line":227},"7":{"loc":{"start":{"line":244,"column":14},"end":{"line":246,"column":15}},"type":"if","locations":[{"start":{"line":244,"column":14},"end":{"line":246,"column":15}},{"start":{"line":244,"column":14},"end":{"line":246,"column":15}}],"line":244},"8":{"loc":{"start":{"line":256,"column":8},"end":{"line":262,"column":9}},"type":"if","locations":[{"start":{"line":256,"column":8},"end":{"line":262,"column":9}},{"start":{"line":256,"column":8},"end":{"line":262,"column":9}}],"line":256},"9":{"loc":{"start":{"line":267,"column":6},"end":{"line":274,"column":7}},"type":"if","locations":[{"start":{"line":267,"column":6},"end":{"line":274,"column":7}},{"start":{"line":267,"column":6},"end":{"line":274,"column":7}}],"line":267},"10":{"loc":{"start":{"line":284,"column":6},"end":{"line":299,"column":7}},"type":"if","locations":[{"start":{"line":284,"column":6},"end":{"line":299,"column":7}},{"start":{"line":284,"column":6},"end":{"line":299,"column":7}}],"line":284},"11":{"loc":{"start":{"line":291,"column":10},"end":{"line":295,"column":11}},"type":"if","locations":[{"start":{"line":291,"column":10},"end":{"line":295,"column":11}},{"start":{"line":291,"column":10},"end":{"line":295,"column":11}}],"line":291},"12":{"loc":{"start":{"line":310,"column":10},"end":{"line":314,"column":11}},"type":"if","locations":[{"start":{"line":310,"column":10},"end":{"line":314,"column":11}},{"start":{"line":310,"column":10},"end":{"line":314,"column":11}}],"line":310},"13":{"loc":{"start":{"line":322,"column":4},"end":{"line":471,"column":3}},"type":"if","locations":[{"start":{"line":322,"column":4},"end":{"line":471,"column":3}},{"start":{"line":322,"column":4},"end":{"line":471,"column":3}}],"line":322},"14":{"loc":{"start":{"line":328,"column":8},"end":{"line":336,"column":9}},"type":"if","locations":[{"start":{"line":328,"column":8},"end":{"line":336,"column":9}},{"start":{"line":328,"column":8},"end":{"line":336,"column":9}}],"line":328},"15":{"loc":{"start":{"line":331,"column":13},"end":{"line":336,"column":9}},"type":"if","locations":[{"start":{"line":331,"column":13},"end":{"line":336,"column":9}},{"start":{"line":331,"column":13},"end":{"line":336,"column":9}}],"line":331},"16":{"loc":{"start":{"line":338,"column":23},"end":{"line":338,"column":116}},"type":"cond-expr","locations":[{"start":{"line":338,"column":63},"end":{"line":338,"column":108}},{"start":{"line":338,"column":111},"end":{"line":338,"column":116}}],"line":338},"17":{"loc":{"start":{"line":339,"column":28},"end":{"line":339,"column":86}},"type":"cond-expr","locations":[{"start":{"line":339,"column":56},"end":{"line":339,"column":82}},{"start":{"line":339,"column":85},"end":{"line":339,"column":86}}],"line":339},"18":{"loc":{"start":{"line":348,"column":17},"end":{"line":458,"column":26}},"type":"cond-expr","locations":[{"start":{"line":349,"column":16},"end":{"line":356,"column":24}},{"start":{"line":357,"column":18},"end":{"line":458,"column":26}}],"line":348},"19":{"loc":{"start":{"line":364,"column":21},"end":{"line":427,"column":26}},"type":"cond-expr","locations":[{"start":{"line":364,"column":113},"end":{"line":396,"column":26}},{"start":{"line":397,"column":20},"end":{"line":427,"column":26}}],"line":364},"20":{"loc":{"start":{"line":364,"column":21},"end":{"line":364,"column":110}},"type":"binary-expr","locations":[{"start":{"line":364,"column":21},"end":{"line":364,"column":51}},{"start":{"line":364,"column":55},"end":{"line":364,"column":76}},{"start":{"line":364,"column":80},"end":{"line":364,"column":110}}],"line":364},"21":{"loc":{"start":{"line":368,"column":21},"end":{"line":392,"column":39}},"type":"cond-expr","locations":[{"start":{"line":370,"column":38},"end":{"line":386,"column":39}},{"start":{"line":387,"column":20},"end":{"line":392,"column":39}}],"line":368},"22":{"loc":{"start":{"line":370,"column":38},"end":{"line":386,"column":39}},"type":"cond-expr","locations":[{"start":{"line":374,"column":20},"end":{"line":380,"column":40}},{"start":{"line":381,"column":20},"end":{"line":386,"column":39}}],"line":370},"23":{"loc":{"start":{"line":429,"column":21},"end":{"line":455,"column":28}},"type":"cond-expr","locations":[{"start":{"line":430,"column":22},"end":{"line":448,"column":28}},{"start":{"line":449,"column":22},"end":{"line":455,"column":28}}],"line":429},"24":{"loc":{"start":{"line":429,"column":21},"end":{"line":429,"column":101}},"type":"binary-expr","locations":[{"start":{"line":429,"column":21},"end":{"line":429,"column":51}},{"start":{"line":429,"column":55},"end":{"line":429,"column":101}}],"line":429},"25":{"loc":{"start":{"line":430,"column":22},"end":{"line":448,"column":28}},"type":"cond-expr","locations":[{"start":{"line":431,"column":24},"end":{"line":439,"column":30}},{"start":{"line":440,"column":24},"end":{"line":448,"column":28}}],"line":430},"26":{"loc":{"start":{"line":449,"column":22},"end":{"line":455,"column":28}},"type":"binary-expr","locations":[{"start":{"line":449,"column":22},"end":{"line":449,"column":48}},{"start":{"line":450,"column":22},"end":{"line":455,"column":28}}],"line":449},"27":{"loc":{"start":{"line":464,"column":21},"end":{"line":464,"column":125}},"type":"cond-expr","locations":[{"start":{"line":464,"column":102},"end":{"line":464,"column":111}},{"start":{"line":464,"column":114},"end":{"line":464,"column":125}}],"line":464}},"s":{"0":8,"1":8,"2":8,"3":8,"4":8,"5":8,"6":8,"7":8,"8":8,"9":8,"10":16,"11":16,"12":16,"13":16,"14":16,"15":16,"16":16,"17":16,"18":1,"19":16,"20":159,"21":159,"22":159,"23":159,"24":159,"25":16,"26":3,"27":3,"28":2,"29":2,"30":1,"31":2,"32":2,"33":2,"34":2,"35":2,"36":1,"37":1,"38":1,"39":2,"40":2,"41":9,"42":9,"43":9,"44":2,"45":1,"46":1,"47":1,"48":2,"49":9,"50":2,"51":16,"52":3,"53":3,"54":2,"55":2,"56":1,"57":1,"58":3,"59":1,"60":2,"61":2,"62":2,"63":2,"64":2,"65":2,"66":2,"67":1,"68":1,"69":1,"70":47,"71":8,"72":4,"73":4,"74":2,"75":2,"76":1,"77":2,"78":3,"79":3,"80":2,"81":2,"82":2,"83":1,"84":1,"85":1,"86":1,"87":1,"88":2,"89":2,"90":2,"91":2,"92":1,"93":1,"94":1,"95":1,"96":1,"97":63,"98":63,"99":55,"100":136,"101":55,"102":55,"103":28,"104":1,"105":27,"106":9,"107":18,"108":49,"109":49,"110":49,"111":55,"112":2,"113":2,"114":2,"115":1,"116":43,"117":22,"118":1,"119":2,"120":1,"121":2,"122":1,"123":2,"124":1,"125":1,"126":1,"127":1,"128":1,"129":1,"130":1,"131":1,"132":8},"f":{"0":16,"1":1,"2":159,"3":3,"4":1,"5":2,"6":1,"7":2,"8":9,"9":2,"10":2,"11":9,"12":2,"13":3,"14":3,"15":1,"16":1,"17":47,"18":4,"19":1,"20":3,"21":1,"22":1,"23":2,"24":1,"25":1,"26":63,"27":136,"28":28,"29":49,"30":2,"31":2,"32":2,"33":1,"34":43,"35":22,"36":1,"37":2,"38":1,"39":2,"40":1,"41":2,"42":1,"43":1,"44":1,"45":1,"46":1,"47":1,"48":1},"b":{"0":[11,5],"1":[2,1],"2":[1,0],"3":[1,1],"4":[1,0],"5":[2,1],"6":[1,2],"7":[1,0],"8":[8,39],"9":[2,2],"10":[2,1],"11":[1,0],"12":[1,0],"13":[55,8],"14":[1,27],"15":[9,18],"16":[49,0],"17":[49,0],"18":[3,52],"19":[17,35],"20":[52,18,17],"21":[8,9],"22":[4,4],"23":[3,49],"24":[52,18],"25":[2,1],"26":[49,1],"27":[51,4]},"_coverageSchema":"43e27e138ebf9cfc5966b082cf9a028302ed4184","hash":"2e4ff9062c89992524b2436385b7572702a2336b"}
,"C:\\Users\\Ben Brown\\Documents\\GitHub\\Class-Scribe\\src\\classscribe-fe\\src\\components\\ImageUpload\\PageCard.js": {"path":"C:\\Users\\Ben Brown\\Documents\\GitHub\\Class-Scribe\\src\\classscribe-fe\\src\\components\\ImageUpload\\PageCard.js","statementMap":{"0":{"start":{"line":13,"column":18},"end":{"line":23,"column":3}},"1":{"start":{"line":25,"column":21},"end":{"line":35,"column":1}},"2":{"start":{"line":39,"column":8},"end":{"line":39,"column":21}},"3":{"start":{"line":40,"column":8},"end":{"line":45,"column":10}},"4":{"start":{"line":49,"column":15},"end":{"line":58,"column":5}},"5":{"start":{"line":50,"column":8},"end":{"line":57,"column":9}},"6":{"start":{"line":51,"column":28},"end":{"line":51,"column":66}},"7":{"start":{"line":52,"column":12},"end":{"line":55,"column":15}},"8":{"start":{"line":54,"column":16},"end":{"line":54,"column":54}},"9":{"start":{"line":56,"column":12},"end":{"line":56,"column":37}},"10":{"start":{"line":60,"column":24},"end":{"line":62,"column":5}},"11":{"start":{"line":61,"column":8},"end":{"line":61,"column":84}},"12":{"start":{"line":65,"column":15},"end":{"line":65,"column":19}},"13":{"start":{"line":66,"column":4},"end":{"line":68,"column":5}},"14":{"start":{"line":67,"column":8},"end":{"line":67,"column":27}},"15":{"start":{"line":69,"column":20},"end":{"line":69,"column":67}},"16":{"start":{"line":70,"column":4},"end":{"line":94,"column":5}},"17":{"start":{"line":71,"column":6},"end":{"line":90,"column":13}},"18":{"start":{"line":73,"column":94},"end":{"line":73,"column":165}},"19":{"start":{"line":78,"column":90},"end":{"line":78,"column":123}},"20":{"start":{"line":82,"column":88},"end":{"line":82,"column":130}},"21":{"start":{"line":93,"column":8},"end":{"line":93,"column":26}}},"fnMap":{"0":{"name":"(anonymous_0)","decl":{"start":{"line":38,"column":4},"end":{"line":38,"column":5}},"loc":{"start":{"line":38,"column":22},"end":{"line":46,"column":5}},"line":38},"1":{"name":"(anonymous_1)","decl":{"start":{"line":49,"column":15},"end":{"line":49,"column":16}},"loc":{"start":{"line":49,"column":23},"end":{"line":58,"column":5}},"line":49},"2":{"name":"(anonymous_2)","decl":{"start":{"line":53,"column":19},"end":{"line":53,"column":20}},"loc":{"start":{"line":53,"column":36},"end":{"line":55,"column":13}},"line":53},"3":{"name":"(anonymous_3)","decl":{"start":{"line":60,"column":24},"end":{"line":60,"column":25}},"loc":{"start":{"line":60,"column":32},"end":{"line":62,"column":5}},"line":60},"4":{"name":"(anonymous_4)","decl":{"start":{"line":64,"column":4},"end":{"line":64,"column":5}},"loc":{"start":{"line":64,"column":12},"end":{"line":95,"column":1}},"line":64},"5":{"name":"(anonymous_5)","decl":{"start":{"line":73,"column":83},"end":{"line":73,"column":84}},"loc":{"start":{"line":73,"column":94},"end":{"line":73,"column":165}},"line":73},"6":{"name":"(anonymous_6)","decl":{"start":{"line":78,"column":84},"end":{"line":78,"column":85}},"loc":{"start":{"line":78,"column":90},"end":{"line":78,"column":123}},"line":78},"7":{"name":"(anonymous_7)","decl":{"start":{"line":82,"column":82},"end":{"line":82,"column":83}},"loc":{"start":{"line":82,"column":88},"end":{"line":82,"column":130}},"line":82}},"branchMap":{"0":{"loc":{"start":{"line":50,"column":8},"end":{"line":57,"column":9}},"type":"if","locations":[{"start":{"line":50,"column":8},"end":{"line":57,"column":9}},{"start":{"line":50,"column":8},"end":{"line":57,"column":9}}],"line":50},"1":{"loc":{"start":{"line":66,"column":4},"end":{"line":68,"column":5}},"type":"if","locations":[{"start":{"line":66,"column":4},"end":{"line":68,"column":5}},{"start":{"line":66,"column":4},"end":{"line":68,"column":5}}],"line":66},"2":{"loc":{"start":{"line":70,"column":4},"end":{"line":94,"column":5}},"type":"if","locations":[{"start":{"line":70,"column":4},"end":{"line":94,"column":5}},{"start":{"line":70,"column":4},"end":{"line":94,"column":5}}],"line":70},"3":{"loc":{"start":{"line":77,"column":21},"end":{"line":80,"column":37}},"type":"binary-expr","locations":[{"start":{"line":77,"column":21},"end":{"line":77,"column":30}},{"start":{"line":77,"column":34},"end":{"line":77,"column":60}},{"start":{"line":78,"column":24},"end":{"line":80,"column":37}}],"line":77}},"s":{"0":8,"1":8,"2":20,"3":20,"4":20,"5":3,"6":3,"7":3,"8":1,"9":3,"10":20,"11":2,"12":56,"13":56,"14":4,"15":52,"16":52,"17":51,"18":1,"19":1,"20":1,"21":1},"f":{"0":20,"1":3,"2":1,"3":2,"4":56,"5":1,"6":1,"7":1},"b":{"0":[3,0],"1":[4,52],"2":[51,1],"3":[51,51,34]},"_coverageSchema":"43e27e138ebf9cfc5966b082cf9a028302ed4184","hash":"f2e8314f6905081b59278a6a79d1e8818d9d8650"}
,"C:\\Users\\Ben Brown\\Documents\\GitHub\\Class-Scribe\\src\\classscribe-fe\\src\\components\\ImageUpload\\PublicCard.js": {"path":"C:\\Users\\Ben Brown\\Documents\\GitHub\\Class-Scribe\\src\\classscribe-fe\\src\\components\\ImageUpload\\PublicCard.js","statementMap":{"0":{"start":{"line":11,"column":22},"end":{"line":13,"column":1}},"1":{"start":{"line":15,"column":18},"end":{"line":18,"column":1}},"2":{"start":{"line":20,"column":13},"end":{"line":43,"column":1}},"3":{"start":{"line":47,"column":8},"end":{"line":47,"column":21}},"4":{"start":{"line":48,"column":8},"end":{"line":57,"column":10}},"5":{"start":{"line":66,"column":15},"end":{"line":66,"column":19}},"6":{"start":{"line":67,"column":20},"end":{"line":67,"column":22}},"7":{"start":{"line":68,"column":4},"end":{"line":73,"column":5}},"8":{"start":{"line":69,"column":6},"end":{"line":69,"column":43}},"9":{"start":{"line":72,"column":6},"end":{"line":72,"column":44}},"10":{"start":{"line":74,"column":4},"end":{"line":74,"column":38}},"11":{"start":{"line":75,"column":6},"end":{"line":94,"column":13}},"12":{"start":{"line":76,"column":231},"end":{"line":76,"column":272}},"13":{"start":{"line":76,"column":273},"end":{"line":76,"column":307}}},"fnMap":{"0":{"name":"(anonymous_0)","decl":{"start":{"line":46,"column":4},"end":{"line":46,"column":5}},"loc":{"start":{"line":46,"column":22},"end":{"line":58,"column":5}},"line":46},"1":{"name":"(anonymous_1)","decl":{"start":{"line":65,"column":4},"end":{"line":65,"column":5}},"loc":{"start":{"line":65,"column":12},"end":{"line":95,"column":5}},"line":65},"2":{"name":"(anonymous_2)","decl":{"start":{"line":76,"column":221},"end":{"line":76,"column":222}},"loc":{"start":{"line":76,"column":230},"end":{"line":76,"column":308}},"line":76}},"branchMap":{"0":{"loc":{"start":{"line":68,"column":4},"end":{"line":73,"column":5}},"type":"if","locations":[{"start":{"line":68,"column":4},"end":{"line":73,"column":5}},{"start":{"line":68,"column":4},"end":{"line":73,"column":5}}],"line":68}},"s":{"0":8,"1":8,"2":8,"3":2,"4":2,"5":4,"6":4,"7":4,"8":1,"9":3,"10":4,"11":4,"12":1,"13":1},"f":{"0":2,"1":4,"2":1},"b":{"0":[1,3]},"_coverageSchema":"43e27e138ebf9cfc5966b082cf9a028302ed4184","hash":"9098841d02e555671d6c0f5541b53002d4478618"}
,"C:\\Users\\Ben Brown\\Documents\\GitHub\\Class-Scribe\\src\\classscribe-fe\\src\\components\\ImageUpload\\index.js": {"path":"C:\\Users\\Ben Brown\\Documents\\GitHub\\Class-Scribe\\src\\classscribe-fe\\src\\components\\ImageUpload\\index.js","statementMap":{"0":{"start":{"line":29,"column":17},"end":{"line":39,"column":1}},"1":{"start":{"line":41,"column":17},"end":{"line":46,"column":1}},"2":{"start":{"line":48,"column":19},"end":{"line":51,"column":1}},"3":{"start":{"line":53,"column":24},"end":{"line":67,"column":1}},"4":{"start":{"line":69,"column":19},"end":{"line":71,"column":1}},"5":{"start":{"line":72,"column":17},"end":{"line":84,"column":1}},"6":{"start":{"line":86,"column":17},"end":{"line":102,"column":1}},"7":{"start":{"line":105,"column":18},"end":{"line":113,"column":2}},"8":{"start":{"line":115,"column":32},"end":{"line":117,"column":2}},"9":{"start":{"line":119,"column":22},"end":{"line":122,"column":2}},"10":{"start":{"line":124,"column":21},"end":{"line":128,"column":2}},"11":{"start":{"line":132,"column":4},"end":{"line":132,"column":17}},"12":{"start":{"line":133,"column":4},"end":{"line":153,"column":6}},"13":{"start":{"line":154,"column":4},"end":{"line":154,"column":63}},"14":{"start":{"line":155,"column":4},"end":{"line":155,"column":51}},"15":{"start":{"line":156,"column":4},"end":{"line":156,"column":49}},"16":{"start":{"line":157,"column":4},"end":{"line":157,"column":47}},"17":{"start":{"line":158,"column":4},"end":{"line":158,"column":61}},"18":{"start":{"line":159,"column":4},"end":{"line":159,"column":59}},"19":{"start":{"line":160,"column":4},"end":{"line":160,"column":47}},"20":{"start":{"line":161,"column":4},"end":{"line":161,"column":59}},"21":{"start":{"line":162,"column":4},"end":{"line":162,"column":45}},"22":{"start":{"line":163,"column":4},"end":{"line":163,"column":49}},"23":{"start":{"line":164,"column":4},"end":{"line":164,"column":49}},"24":{"start":{"line":165,"column":4},"end":{"line":165,"column":70}},"25":{"start":{"line":168,"column":15},"end":{"line":180,"column":3}},"26":{"start":{"line":169,"column":20},"end":{"line":169,"column":22}},"27":{"start":{"line":170,"column":4},"end":{"line":172,"column":5}},"28":{"start":{"line":170,"column":16},"end":{"line":170,"column":41}},"29":{"start":{"line":171,"column":6},"end":{"line":171,"column":71}},"30":{"start":{"line":173,"column":14},"end":{"line":176,"column":5}},"31":{"start":{"line":177,"column":4},"end":{"line":179,"column":6}},"32":{"start":{"line":178,"column":6},"end":{"line":178,"column":29}},"33":{"start":{"line":183,"column":6},"end":{"line":186,"column":7}},"34":{"start":{"line":184,"column":6},"end":{"line":184,"column":28}},"35":{"start":{"line":185,"column":6},"end":{"line":185,"column":36}},"36":{"start":{"line":190,"column":4},"end":{"line":192,"column":5}},"37":{"start":{"line":191,"column":6},"end":{"line":191,"column":18}},"38":{"start":{"line":193,"column":4},"end":{"line":193,"column":15}},"39":{"start":{"line":197,"column":16},"end":{"line":197,"column":110}},"40":{"start":{"line":198,"column":4},"end":{"line":204,"column":7}},"41":{"start":{"line":199,"column":21},"end":{"line":199,"column":29}},"42":{"start":{"line":200,"column":8},"end":{"line":203,"column":11}},"43":{"start":{"line":208,"column":4},"end":{"line":208,"column":80}},"44":{"start":{"line":209,"column":16},"end":{"line":209,"column":110}},"45":{"start":{"line":210,"column":4},"end":{"line":216,"column":7}},"46":{"start":{"line":211,"column":21},"end":{"line":211,"column":29}},"47":{"start":{"line":212,"column":8},"end":{"line":215,"column":11}},"48":{"start":{"line":221,"column":16},"end":{"line":221,"column":110}},"49":{"start":{"line":222,"column":4},"end":{"line":234,"column":5}},"50":{"start":{"line":224,"column":21},"end":{"line":224,"column":29}},"51":{"start":{"line":226,"column":8},"end":{"line":233,"column":10}},"52":{"start":{"line":230,"column":10},"end":{"line":232,"column":11}},"53":{"start":{"line":231,"column":12},"end":{"line":231,"column":35}},"54":{"start":{"line":239,"column":4},"end":{"line":273,"column":2}},"55":{"start":{"line":240,"column":4},"end":{"line":270,"column":5}},"56":{"start":{"line":241,"column":19},"end":{"line":241,"column":32}},"57":{"start":{"line":242,"column":6},"end":{"line":269,"column":81}},"58":{"start":{"line":243,"column":8},"end":{"line":243,"column":42}},"59":{"start":{"line":244,"column":6},"end":{"line":268,"column":5}},"60":{"start":{"line":245,"column":19},"end":{"line":245,"column":21}},"61":{"start":{"line":246,"column":19},"end":{"line":246,"column":21}},"62":{"start":{"line":247,"column":6},"end":{"line":249,"column":9}},"63":{"start":{"line":247,"column":18},"end":{"line":247,"column":19}},"64":{"start":{"line":248,"column":10},"end":{"line":248,"column":54}},"65":{"start":{"line":250,"column":8},"end":{"line":253,"column":11}},"66":{"start":{"line":254,"column":8},"end":{"line":256,"column":11}},"67":{"start":{"line":257,"column":10},"end":{"line":261,"column":11}},"68":{"start":{"line":258,"column":12},"end":{"line":260,"column":13}},"69":{"start":{"line":258,"column":25},"end":{"line":258,"column":26}},"70":{"start":{"line":259,"column":14},"end":{"line":259,"column":90}},"71":{"start":{"line":262,"column":6},"end":{"line":267,"column":8}},"72":{"start":{"line":269,"column":4},"end":{"line":269,"column":80}},"73":{"start":{"line":272,"column":2},"end":{"line":272,"column":18}},"74":{"start":{"line":278,"column":18},"end":{"line":282,"column":3}},"75":{"start":{"line":279,"column":16},"end":{"line":279,"column":32}},"76":{"start":{"line":280,"column":4},"end":{"line":280,"column":65}},"77":{"start":{"line":281,"column":4},"end":{"line":281,"column":33}},"78":{"start":{"line":284,"column":19},"end":{"line":324,"column":3}},"79":{"start":{"line":285,"column":15},"end":{"line":285,"column":19}},"80":{"start":{"line":286,"column":4},"end":{"line":323,"column":5}},"81":{"start":{"line":298,"column":12},"end":{"line":300,"column":13}},"82":{"start":{"line":299,"column":14},"end":{"line":299,"column":20}},"83":{"start":{"line":301,"column":12},"end":{"line":301,"column":48}},"84":{"start":{"line":302,"column":12},"end":{"line":302,"column":30}},"85":{"start":{"line":313,"column":14},"end":{"line":315,"column":15}},"86":{"start":{"line":314,"column":16},"end":{"line":314,"column":22}},"87":{"start":{"line":316,"column":14},"end":{"line":316,"column":49}},"88":{"start":{"line":317,"column":14},"end":{"line":317,"column":32}},"89":{"start":{"line":326,"column":14},"end":{"line":342,"column":3}},"90":{"start":{"line":327,"column":23},"end":{"line":327,"column":46}},"91":{"start":{"line":328,"column":22},"end":{"line":328,"column":43}},"92":{"start":{"line":329,"column":20},"end":{"line":329,"column":40}},"93":{"start":{"line":330,"column":24},"end":{"line":330,"column":47}},"94":{"start":{"line":331,"column":22},"end":{"line":331,"column":43}},"95":{"start":{"line":332,"column":21},"end":{"line":332,"column":41}},"96":{"start":{"line":333,"column":4},"end":{"line":341,"column":5}},"97":{"start":{"line":346,"column":21},"end":{"line":366,"column":3}},"98":{"start":{"line":347,"column":23},"end":{"line":347,"column":41}},"99":{"start":{"line":348,"column":21},"end":{"line":348,"column":46}},"100":{"start":{"line":349,"column":23},"end":{"line":349,"column":53}},"101":{"start":{"line":350,"column":4},"end":{"line":350,"column":52}},"102":{"start":{"line":351,"column":4},"end":{"line":351,"column":48}},"103":{"start":{"line":352,"column":4},"end":{"line":352,"column":44}},"104":{"start":{"line":353,"column":4},"end":{"line":356,"column":5}},"105":{"start":{"line":354,"column":6},"end":{"line":354,"column":42}},"106":{"start":{"line":355,"column":6},"end":{"line":355,"column":39}},"107":{"start":{"line":357,"column":4},"end":{"line":360,"column":5}},"108":{"start":{"line":358,"column":6},"end":{"line":358,"column":40}},"109":{"start":{"line":359,"column":6},"end":{"line":359,"column":37}},"110":{"start":{"line":361,"column":4},"end":{"line":364,"column":5}},"111":{"start":{"line":362,"column":6},"end":{"line":362,"column":39}},"112":{"start":{"line":363,"column":6},"end":{"line":363,"column":33}},"113":{"start":{"line":365,"column":4},"end":{"line":365,"column":18}},"114":{"start":{"line":372,"column":19},"end":{"line":392,"column":3}},"115":{"start":{"line":373,"column":23},"end":{"line":373,"column":44}},"116":{"start":{"line":374,"column":21},"end":{"line":374,"column":49}},"117":{"start":{"line":375,"column":23},"end":{"line":375,"column":56}},"118":{"start":{"line":376,"column":4},"end":{"line":376,"column":52}},"119":{"start":{"line":377,"column":4},"end":{"line":377,"column":48}},"120":{"start":{"line":378,"column":4},"end":{"line":378,"column":44}},"121":{"start":{"line":379,"column":4},"end":{"line":382,"column":5}},"122":{"start":{"line":380,"column":6},"end":{"line":380,"column":42}},"123":{"start":{"line":381,"column":6},"end":{"line":381,"column":39}},"124":{"start":{"line":383,"column":4},"end":{"line":386,"column":5}},"125":{"start":{"line":384,"column":6},"end":{"line":384,"column":40}},"126":{"start":{"line":385,"column":6},"end":{"line":385,"column":37}},"127":{"start":{"line":387,"column":4},"end":{"line":390,"column":5}},"128":{"start":{"line":388,"column":6},"end":{"line":388,"column":39}},"129":{"start":{"line":389,"column":6},"end":{"line":389,"column":33}},"130":{"start":{"line":391,"column":4},"end":{"line":391,"column":18}},"131":{"start":{"line":394,"column":27},"end":{"line":399,"column":3}},"132":{"start":{"line":395,"column":18},"end":{"line":395,"column":53}},"133":{"start":{"line":396,"column":4},"end":{"line":396,"column":64}},"134":{"start":{"line":397,"column":4},"end":{"line":397,"column":64}},"135":{"start":{"line":398,"column":4},"end":{"line":398,"column":18}},"136":{"start":{"line":403,"column":21},"end":{"line":403,"column":23}},"137":{"start":{"line":404,"column":21},"end":{"line":404,"column":73}},"138":{"start":{"line":405,"column":12},"end":{"line":405,"column":16}},"139":{"start":{"line":406,"column":4},"end":{"line":411,"column":5}},"140":{"start":{"line":407,"column":6},"end":{"line":410,"column":8}},"141":{"start":{"line":408,"column":23},"end":{"line":408,"column":44}},"142":{"start":{"line":409,"column":8},"end":{"line":409,"column":36}},"143":{"start":{"line":412,"column":25},"end":{"line":412,"column":56}},"144":{"start":{"line":413,"column":21},"end":{"line":413,"column":70}},"145":{"start":{"line":414,"column":4},"end":{"line":416,"column":5}},"146":{"start":{"line":415,"column":6},"end":{"line":415,"column":91}},"147":{"start":{"line":420,"column":12},"end":{"line":420,"column":16}},"148":{"start":{"line":421,"column":16},"end":{"line":423,"column":6}},"149":{"start":{"line":422,"column":6},"end":{"line":422,"column":47}},"150":{"start":{"line":424,"column":4},"end":{"line":424,"column":17}},"151":{"start":{"line":428,"column":4},"end":{"line":430,"column":5}},"152":{"start":{"line":429,"column":6},"end":{"line":429,"column":15}},"153":{"start":{"line":431,"column":4},"end":{"line":433,"column":5}},"154":{"start":{"line":432,"column":6},"end":{"line":432,"column":16}},"155":{"start":{"line":434,"column":4},"end":{"line":452,"column":5}},"156":{"start":{"line":435,"column":6},"end":{"line":437,"column":7}},"157":{"start":{"line":436,"column":8},"end":{"line":436,"column":17}},"158":{"start":{"line":438,"column":6},"end":{"line":440,"column":7}},"159":{"start":{"line":439,"column":8},"end":{"line":439,"column":18}},"160":{"start":{"line":441,"column":6},"end":{"line":451,"column":7}},"161":{"start":{"line":442,"column":8},"end":{"line":444,"column":9}},"162":{"start":{"line":443,"column":10},"end":{"line":443,"column":19}},"163":{"start":{"line":445,"column":8},"end":{"line":447,"column":9}},"164":{"start":{"line":446,"column":10},"end":{"line":446,"column":20}},"165":{"start":{"line":448,"column":8},"end":{"line":450,"column":9}},"166":{"start":{"line":449,"column":10},"end":{"line":449,"column":18}},"167":{"start":{"line":457,"column":18},"end":{"line":457,"column":27}},"168":{"start":{"line":458,"column":18},"end":{"line":458,"column":27}},"169":{"start":{"line":459,"column":22},"end":{"line":459,"column":49}},"170":{"start":{"line":460,"column":21},"end":{"line":460,"column":23}},"171":{"start":{"line":461,"column":21},"end":{"line":461,"column":73}},"172":{"start":{"line":462,"column":12},"end":{"line":462,"column":16}},"173":{"start":{"line":463,"column":19},"end":{"line":463,"column":43}},"174":{"start":{"line":464,"column":25},"end":{"line":464,"column":56}},"175":{"start":{"line":466,"column":21},"end":{"line":466,"column":70}},"176":{"start":{"line":467,"column":4},"end":{"line":467,"column":62}},"177":{"start":{"line":468,"column":4},"end":{"line":495,"column":5}},"178":{"start":{"line":468,"column":16},"end":{"line":468,"column":33}},"179":{"start":{"line":469,"column":6},"end":{"line":477,"column":5}},"180":{"start":{"line":471,"column":6},"end":{"line":474,"column":8}},"181":{"start":{"line":472,"column":23},"end":{"line":472,"column":44}},"182":{"start":{"line":473,"column":8},"end":{"line":473,"column":36}},"183":{"start":{"line":476,"column":6},"end":{"line":476,"column":80}},"184":{"start":{"line":476,"column":44},"end":{"line":476,"column":78}},"185":{"start":{"line":478,"column":6},"end":{"line":486,"column":7}},"186":{"start":{"line":478,"column":18},"end":{"line":478,"column":19}},"187":{"start":{"line":479,"column":8},"end":{"line":485,"column":9}},"188":{"start":{"line":480,"column":10},"end":{"line":480,"column":15}},"189":{"start":{"line":483,"column":10},"end":{"line":483,"column":21}},"190":{"start":{"line":484,"column":10},"end":{"line":484,"column":21}},"191":{"start":{"line":487,"column":6},"end":{"line":494,"column":7}},"192":{"start":{"line":488,"column":8},"end":{"line":491,"column":10}},"193":{"start":{"line":492,"column":8},"end":{"line":492,"column":38}},"194":{"start":{"line":493,"column":8},"end":{"line":493,"column":13}},"195":{"start":{"line":496,"column":4},"end":{"line":501,"column":5}},"196":{"start":{"line":497,"column":6},"end":{"line":500,"column":8}},"197":{"start":{"line":506,"column":2},"end":{"line":516,"column":4}},"198":{"start":{"line":508,"column":4},"end":{"line":511,"column":5}},"199":{"start":{"line":509,"column":19},"end":{"line":509,"column":32}},"200":{"start":{"line":510,"column":6},"end":{"line":510,"column":42}},"201":{"start":{"line":515,"column":4},"end":{"line":515,"column":20}},"202":{"start":{"line":520,"column":17},"end":{"line":520,"column":33}},"203":{"start":{"line":521,"column":4},"end":{"line":523,"column":5}},"204":{"start":{"line":522,"column":6},"end":{"line":522,"column":37}},"205":{"start":{"line":524,"column":4},"end":{"line":526,"column":5}},"206":{"start":{"line":525,"column":6},"end":{"line":525,"column":12}},"207":{"start":{"line":529,"column":4},"end":{"line":533,"column":7}},"208":{"start":{"line":535,"column":13},"end":{"line":535,"column":15}},"209":{"start":{"line":536,"column":6},"end":{"line":540,"column":7}},"210":{"start":{"line":537,"column":8},"end":{"line":539,"column":9}},"211":{"start":{"line":537,"column":20},"end":{"line":537,"column":21}},"212":{"start":{"line":538,"column":8},"end":{"line":538,"column":75}},"213":{"start":{"line":542,"column":2},"end":{"line":542,"column":34}},"214":{"start":{"line":543,"column":2},"end":{"line":543,"column":47}},"215":{"start":{"line":547,"column":17},"end":{"line":547,"column":33}},"216":{"start":{"line":548,"column":4},"end":{"line":550,"column":5}},"217":{"start":{"line":549,"column":6},"end":{"line":549,"column":37}},"218":{"start":{"line":551,"column":4},"end":{"line":560,"column":5}},"219":{"start":{"line":552,"column":6},"end":{"line":558,"column":8}},"220":{"start":{"line":559,"column":6},"end":{"line":559,"column":12}},"221":{"start":{"line":561,"column":4},"end":{"line":570,"column":5}},"222":{"start":{"line":562,"column":6},"end":{"line":568,"column":8}},"223":{"start":{"line":569,"column":6},"end":{"line":569,"column":12}},"224":{"start":{"line":571,"column":4},"end":{"line":576,"column":7}},"225":{"start":{"line":577,"column":13},"end":{"line":577,"column":15}},"226":{"start":{"line":578,"column":13},"end":{"line":578,"column":15}},"227":{"start":{"line":579,"column":4},"end":{"line":588,"column":5}},"228":{"start":{"line":580,"column":4},"end":{"line":582,"column":5}},"229":{"start":{"line":580,"column":16},"end":{"line":580,"column":17}},"230":{"start":{"line":581,"column":6},"end":{"line":581,"column":38}},"231":{"start":{"line":583,"column":4},"end":{"line":587,"column":7}},"232":{"start":{"line":584,"column":8},"end":{"line":586,"column":9}},"233":{"start":{"line":584,"column":20},"end":{"line":584,"column":21}},"234":{"start":{"line":585,"column":10},"end":{"line":585,"column":59}},"235":{"start":{"line":589,"column":2},"end":{"line":591,"column":3}},"236":{"start":{"line":590,"column":4},"end":{"line":590,"column":66}},"237":{"start":{"line":592,"column":2},"end":{"line":592,"column":68}},"238":{"start":{"line":595,"column":14},"end":{"line":601,"column":3}},"239":{"start":{"line":596,"column":14},"end":{"line":596,"column":36}},"240":{"start":{"line":597,"column":4},"end":{"line":599,"column":5}},"241":{"start":{"line":598,"column":6},"end":{"line":598,"column":55}},"242":{"start":{"line":600,"column":4},"end":{"line":600,"column":26}},"243":{"start":{"line":603,"column":20},"end":{"line":605,"column":3}},"244":{"start":{"line":604,"column":4},"end":{"line":604,"column":31}},"245":{"start":{"line":608,"column":4},"end":{"line":610,"column":5}},"246":{"start":{"line":609,"column":6},"end":{"line":609,"column":47}},"247":{"start":{"line":613,"column":19},"end":{"line":624,"column":3}},"248":{"start":{"line":614,"column":21},"end":{"line":614,"column":23}},"249":{"start":{"line":615,"column":4},"end":{"line":621,"column":5}},"250":{"start":{"line":615,"column":17},"end":{"line":615,"column":18}},"251":{"start":{"line":616,"column":6},"end":{"line":620,"column":8}},"252":{"start":{"line":623,"column":4},"end":{"line":623,"column":22}},"253":{"start":{"line":628,"column":17},"end":{"line":628,"column":21}},"254":{"start":{"line":629,"column":16},"end":{"line":629,"column":32}},"255":{"start":{"line":630,"column":4},"end":{"line":643,"column":9}},"256":{"start":{"line":631,"column":6},"end":{"line":639,"column":11}},"257":{"start":{"line":632,"column":23},"end":{"line":635,"column":10}},"258":{"start":{"line":633,"column":22},"end":{"line":633,"column":23}},"259":{"start":{"line":634,"column":10},"end":{"line":634,"column":214}},"260":{"start":{"line":634,"column":80},"end":{"line":634,"column":97}},"261":{"start":{"line":634,"column":125},"end":{"line":634,"column":153}},"262":{"start":{"line":637,"column":23},"end":{"line":639,"column":10}},"263":{"start":{"line":638,"column":10},"end":{"line":638,"column":162}},"264":{"start":{"line":638,"column":79},"end":{"line":638,"column":107}},"265":{"start":{"line":642,"column":10},"end":{"line":642,"column":57}},"266":{"start":{"line":644,"column":4},"end":{"line":651,"column":9}},"267":{"start":{"line":645,"column":6},"end":{"line":650,"column":12}},"268":{"start":{"line":653,"column":4},"end":{"line":679,"column":6}},"269":{"start":{"line":663,"column":166},"end":{"line":663,"column":204}},"270":{"start":{"line":672,"column":50},"end":{"line":672,"column":68}},"271":{"start":{"line":673,"column":46},"end":{"line":673,"column":63}}},"fnMap":{"0":{"name":"(anonymous_0)","decl":{"start":{"line":131,"column":2},"end":{"line":131,"column":3}},"loc":{"start":{"line":131,"column":21},"end":{"line":166,"column":3}},"line":131},"1":{"name":"(anonymous_1)","decl":{"start":{"line":168,"column":15},"end":{"line":168,"column":16}},"loc":{"start":{"line":168,"column":26},"end":{"line":180,"column":3}},"line":168},"2":{"name":"(anonymous_2)","decl":{"start":{"line":177,"column":68},"end":{"line":177,"column":69}},"loc":{"start":{"line":177,"column":77},"end":{"line":179,"column":5}},"line":177},"3":{"name":"(anonymous_3)","decl":{"start":{"line":182,"column":2},"end":{"line":182,"column":3}},"loc":{"start":{"line":182,"column":28},"end":{"line":187,"column":3}},"line":182},"4":{"name":"(anonymous_4)","decl":{"start":{"line":189,"column":2},"end":{"line":189,"column":3}},"loc":{"start":{"line":189,"column":45},"end":{"line":194,"column":3}},"line":189},"5":{"name":"(anonymous_5)","decl":{"start":{"line":196,"column":2},"end":{"line":196,"column":3}},"loc":{"start":{"line":196,"column":20},"end":{"line":205,"column":3}},"line":196},"6":{"name":"(anonymous_6)","decl":{"start":{"line":207,"column":2},"end":{"line":207,"column":3}},"loc":{"start":{"line":207,"column":31},"end":{"line":217,"column":3}},"line":207},"7":{"name":"(anonymous_7)","decl":{"start":{"line":219,"column":2},"end":{"line":219,"column":3}},"loc":{"start":{"line":219,"column":18},"end":{"line":235,"column":3}},"line":219},"8":{"name":"(anonymous_8)","decl":{"start":{"line":229,"column":11},"end":{"line":229,"column":12}},"loc":{"start":{"line":229,"column":20},"end":{"line":233,"column":9}},"line":229},"9":{"name":"(anonymous_9)","decl":{"start":{"line":237,"column":0},"end":{"line":237,"column":1}},"loc":{"start":{"line":238,"column":2},"end":{"line":274,"column":3}},"line":238},"10":{"name":"(anonymous_10)","decl":{"start":{"line":239,"column":77},"end":{"line":239,"column":78}},"loc":{"start":{"line":239,"column":90},"end":{"line":271,"column":1}},"line":239},"11":{"name":"(anonymous_11)","decl":{"start":{"line":271,"column":9},"end":{"line":271,"column":10}},"loc":{"start":{"line":271,"column":16},"end":{"line":273,"column":1}},"line":271},"12":{"name":"(anonymous_12)","decl":{"start":{"line":278,"column":18},"end":{"line":278,"column":19}},"loc":{"start":{"line":278,"column":31},"end":{"line":282,"column":3}},"line":278},"13":{"name":"(anonymous_13)","decl":{"start":{"line":284,"column":19},"end":{"line":284,"column":20}},"loc":{"start":{"line":284,"column":25},"end":{"line":324,"column":3}},"line":284},"14":{"name":"(anonymous_14)","decl":{"start":{"line":297,"column":19},"end":{"line":297,"column":20}},"loc":{"start":{"line":297,"column":40},"end":{"line":302,"column":31}},"line":297},"15":{"name":"(anonymous_15)","decl":{"start":{"line":312,"column":21},"end":{"line":312,"column":22}},"loc":{"start":{"line":312,"column":42},"end":{"line":317,"column":33}},"line":312},"16":{"name":"(anonymous_16)","decl":{"start":{"line":326,"column":14},"end":{"line":326,"column":15}},"loc":{"start":{"line":326,"column":30},"end":{"line":342,"column":3}},"line":326},"17":{"name":"(anonymous_17)","decl":{"start":{"line":346,"column":21},"end":{"line":346,"column":22}},"loc":{"start":{"line":346,"column":43},"end":{"line":366,"column":3}},"line":346},"18":{"name":"(anonymous_18)","decl":{"start":{"line":372,"column":19},"end":{"line":372,"column":20}},"loc":{"start":{"line":372,"column":44},"end":{"line":392,"column":3}},"line":372},"19":{"name":"(anonymous_19)","decl":{"start":{"line":394,"column":27},"end":{"line":394,"column":28}},"loc":{"start":{"line":394,"column":51},"end":{"line":399,"column":3}},"line":394},"20":{"name":"(anonymous_20)","decl":{"start":{"line":402,"column":2},"end":{"line":402,"column":3}},"loc":{"start":{"line":402,"column":14},"end":{"line":417,"column":3}},"line":402},"21":{"name":"(anonymous_21)","decl":{"start":{"line":407,"column":94},"end":{"line":407,"column":95}},"loc":{"start":{"line":407,"column":105},"end":{"line":410,"column":7}},"line":407},"22":{"name":"(anonymous_22)","decl":{"start":{"line":419,"column":2},"end":{"line":419,"column":3}},"loc":{"start":{"line":419,"column":21},"end":{"line":425,"column":3}},"line":419},"23":{"name":"(anonymous_23)","decl":{"start":{"line":421,"column":67},"end":{"line":421,"column":68}},"loc":{"start":{"line":421,"column":81},"end":{"line":423,"column":5}},"line":421},"24":{"name":"(anonymous_24)","decl":{"start":{"line":427,"column":2},"end":{"line":427,"column":3}},"loc":{"start":{"line":427,"column":23},"end":{"line":453,"column":3}},"line":427},"25":{"name":"(anonymous_25)","decl":{"start":{"line":456,"column":2},"end":{"line":456,"column":3}},"loc":{"start":{"line":456,"column":21},"end":{"line":503,"column":3}},"line":456},"26":{"name":"(anonymous_26)","decl":{"start":{"line":471,"column":45},"end":{"line":471,"column":46}},"loc":{"start":{"line":471,"column":56},"end":{"line":474,"column":7}},"line":471},"27":{"name":"(anonymous_27)","decl":{"start":{"line":476,"column":35},"end":{"line":476,"column":36}},"loc":{"start":{"line":476,"column":43},"end":{"line":476,"column":79}},"line":476},"28":{"name":"(anonymous_28)","decl":{"start":{"line":505,"column":0},"end":{"line":505,"column":1}},"loc":{"start":{"line":505,"column":33},"end":{"line":517,"column":1}},"line":505},"29":{"name":"(anonymous_29)","decl":{"start":{"line":506,"column":113},"end":{"line":506,"column":114}},"loc":{"start":{"line":506,"column":121},"end":{"line":514,"column":3}},"line":506},"30":{"name":"(anonymous_30)","decl":{"start":{"line":514,"column":11},"end":{"line":514,"column":12}},"loc":{"start":{"line":514,"column":18},"end":{"line":516,"column":3}},"line":514},"31":{"name":"(anonymous_31)","decl":{"start":{"line":518,"column":2},"end":{"line":518,"column":3}},"loc":{"start":{"line":518,"column":25},"end":{"line":544,"column":3}},"line":518},"32":{"name":"(anonymous_32)","decl":{"start":{"line":546,"column":2},"end":{"line":546,"column":3}},"loc":{"start":{"line":546,"column":26},"end":{"line":593,"column":3}},"line":546},"33":{"name":"(anonymous_33)","decl":{"start":{"line":595,"column":14},"end":{"line":595,"column":15}},"loc":{"start":{"line":595,"column":29},"end":{"line":601,"column":3}},"line":595},"34":{"name":"(anonymous_34)","decl":{"start":{"line":603,"column":20},"end":{"line":603,"column":21}},"loc":{"start":{"line":603,"column":30},"end":{"line":605,"column":3}},"line":603},"35":{"name":"(anonymous_35)","decl":{"start":{"line":607,"column":2},"end":{"line":607,"column":3}},"loc":{"start":{"line":607,"column":25},"end":{"line":611,"column":3}},"line":607},"36":{"name":"(anonymous_36)","decl":{"start":{"line":613,"column":19},"end":{"line":613,"column":20}},"loc":{"start":{"line":613,"column":25},"end":{"line":624,"column":3}},"line":613},"37":{"name":"(anonymous_37)","decl":{"start":{"line":627,"column":2},"end":{"line":627,"column":3}},"loc":{"start":{"line":627,"column":11},"end":{"line":680,"column":3}},"line":627},"38":{"name":"(anonymous_38)","decl":{"start":{"line":632,"column":50},"end":{"line":632,"column":51}},"loc":{"start":{"line":632,"column":67},"end":{"line":635,"column":9}},"line":632},"39":{"name":"(anonymous_39)","decl":{"start":{"line":634,"column":71},"end":{"line":634,"column":72}},"loc":{"start":{"line":634,"column":80},"end":{"line":634,"column":97}},"line":634},"40":{"name":"(anonymous_40)","decl":{"start":{"line":634,"column":115},"end":{"line":634,"column":116}},"loc":{"start":{"line":634,"column":124},"end":{"line":634,"column":154}},"line":634},"41":{"name":"(anonymous_41)","decl":{"start":{"line":637,"column":44},"end":{"line":637,"column":45}},"loc":{"start":{"line":637,"column":61},"end":{"line":639,"column":9}},"line":637},"42":{"name":"(anonymous_42)","decl":{"start":{"line":638,"column":69},"end":{"line":638,"column":70}},"loc":{"start":{"line":638,"column":78},"end":{"line":638,"column":108}},"line":638},"43":{"name":"(anonymous_43)","decl":{"start":{"line":663,"column":156},"end":{"line":663,"column":157}},"loc":{"start":{"line":663,"column":165},"end":{"line":663,"column":205}},"line":663},"44":{"name":"(anonymous_44)","decl":{"start":{"line":672,"column":41},"end":{"line":672,"column":42}},"loc":{"start":{"line":672,"column":50},"end":{"line":672,"column":68}},"line":672},"45":{"name":"(anonymous_45)","decl":{"start":{"line":673,"column":37},"end":{"line":673,"column":38}},"loc":{"start":{"line":673,"column":46},"end":{"line":673,"column":63}},"line":673}},"branchMap":{"0":{"loc":{"start":{"line":183,"column":6},"end":{"line":186,"column":7}},"type":"if","locations":[{"start":{"line":183,"column":6},"end":{"line":186,"column":7}},{"start":{"line":183,"column":6},"end":{"line":186,"column":7}}],"line":183},"1":{"loc":{"start":{"line":190,"column":4},"end":{"line":192,"column":5}},"type":"if","locations":[{"start":{"line":190,"column":4},"end":{"line":192,"column":5}},{"start":{"line":190,"column":4},"end":{"line":192,"column":5}}],"line":190},"2":{"loc":{"start":{"line":198,"column":4},"end":{"line":204,"column":7}},"type":"if","locations":[{"start":{"line":198,"column":4},"end":{"line":204,"column":7}},{"start":{"line":198,"column":4},"end":{"line":204,"column":7}}],"line":198},"3":{"loc":{"start":{"line":210,"column":4},"end":{"line":216,"column":7}},"type":"if","locations":[{"start":{"line":210,"column":4},"end":{"line":216,"column":7}},{"start":{"line":210,"column":4},"end":{"line":216,"column":7}}],"line":210},"4":{"loc":{"start":{"line":222,"column":4},"end":{"line":234,"column":5}},"type":"if","locations":[{"start":{"line":222,"column":4},"end":{"line":234,"column":5}},{"start":{"line":222,"column":4},"end":{"line":234,"column":5}}],"line":222},"5":{"loc":{"start":{"line":230,"column":10},"end":{"line":232,"column":11}},"type":"if","locations":[{"start":{"line":230,"column":10},"end":{"line":232,"column":11}},{"start":{"line":230,"column":10},"end":{"line":232,"column":11}}],"line":230},"6":{"loc":{"start":{"line":230,"column":13},"end":{"line":230,"column":83}},"type":"binary-expr","locations":[{"start":{"line":230,"column":13}
[...]
,"end":{"line":70,"column":49}},"loc":{"start":{"line":70,"column":64},"end":{"line":82,"column":9}},"line":70},"12":{"name":"componentDidUpdate","decl":{"start":{"line":85,"column":24},"end":{"line":85,"column":42}},"loc":{"start":{"line":85,"column":54},"end":{"line":93,"column":9}},"line":85},"13":{"name":"componentWillUnmount","decl":{"start":{"line":96,"column":24},"end":{"line":96,"column":44}},"loc":{"start":{"line":96,"column":47},"end":{"line":98,"column":9}},"line":96},"14":{"name":"setupThumbs","decl":{"start":{"line":101,"column":24},"end":{"line":101,"column":35}},"loc":{"start":{"line":101,"column":38},"end":{"line":111,"column":9}},"line":101},"15":{"name":"destroyThumbs","decl":{"start":{"line":114,"column":24},"end":{"line":114,"column":37}},"loc":{"start":{"line":114,"column":40},"end":{"line":118,"column":9}},"line":114},"16":{"name":"getImages","decl":{"start":{"line":121,"column":24},"end":{"line":121,"column":33}},"loc":{"start":{"line":121,"column":36},"end":{"line":148,"column":9}},"line":121},"17":{"name":"(anonymous_17)","decl":{"start":{"line":122,"column":66},"end":{"line":122,"column":67}},"loc":{"start":{"line":122,"column":89},"end":{"line":137,"column":13}},"line":122},"18":{"name":"(anonymous_18)","decl":{"start":{"line":127,"column":78},"end":{"line":127,"column":79}},"loc":{"start":{"line":127,"column":98},"end":{"line":129,"column":21}},"line":127},"19":{"name":"(anonymous_19)","decl":{"start":{"line":139,"column":30},"end":{"line":139,"column":31}},"loc":{"start":{"line":139,"column":47},"end":{"line":141,"column":13}},"line":139},"20":{"name":"getFirstItem","decl":{"start":{"line":151,"column":24},"end":{"line":151,"column":36}},"loc":{"start":{"line":151,"column":51},"end":{"line":167,"column":9}},"line":151},"21":{"name":"renderItems","decl":{"start":{"line":170,"column":24},"end":{"line":170,"column":35}},"loc":{"start":{"line":170,"column":38},"end":{"line":199,"column":9}},"line":170},"22":{"name":"(anonymous_22)","decl":{"start":{"line":173,"column":41},"end":{"line":173,"column":42}},"loc":{"start":{"line":173,"column":63},"end":{"line":198,"column":13}},"line":173},"23":{"name":"ref","decl":{"start":{"line":178,"column":34},"end":{"line":178,"column":37}},"loc":{"start":{"line":178,"column":41},"end":{"line":180,"column":21}},"line":178},"24":{"name":"render","decl":{"start":{"line":202,"column":24},"end":{"line":202,"column":30}},"loc":{"start":{"line":202,"column":33},"end":{"line":259,"column":9}},"line":202},"25":{"name":"_initialiseProps","decl":{"start":{"line":283,"column":32},"end":{"line":283,"column":48}},"loc":{"start":{"line":283,"column":51},"end":{"line":395,"column":1}},"line":283},"26":{"name":"(anonymous_26)","decl":{"start":{"line":286,"column":30},"end":{"line":286,"column":31}},"loc":{"start":{"line":286,"column":46},"end":{"line":288,"column":5}},"line":286},"27":{"name":"(anonymous_27)","decl":{"start":{"line":290,"column":27},"end":{"line":290,"column":28}},"loc":{"start":{"line":290,"column":43},"end":{"line":292,"column":5}},"line":290},"28":{"name":"(anonymous_28)","decl":{"start":{"line":294,"column":24},"end":{"line":294,"column":25}},"loc":{"start":{"line":294,"column":47},"end":{"line":299,"column":5}},"line":294},"29":{"name":"(anonymous_29)","decl":{"start":{"line":301,"column":23},"end":{"line":301,"column":24}},"loc":{"start":{"line":301,"column":35},"end":{"line":321,"column":5}},"line":301},"30":{"name":"(anonymous_30)","decl":{"start":{"line":312,"column":24},"end":{"line":312,"column":25}},"loc":{"start":{"line":312,"column":49},"end":{"line":320,"column":9}},"line":312},"31":{"name":"(anonymous_31)","decl":{"start":{"line":323,"column":25},"end":{"line":323,"column":26}},"loc":{"start":{"line":323,"column":37},"end":{"line":326,"column":5}},"line":323},"32":{"name":"(anonymous_32)","decl":{"start":{"line":328,"column":27},"end":{"line":328,"column":28}},"loc":{"start":{"line":328,"column":53},"end":{"line":336,"column":5}},"line":328},"33":{"name":"(anonymous_33)","decl":{"start":{"line":338,"column":24},"end":{"line":338,"column":25}},"loc":{"start":{"line":338,"column":36},"end":{"line":342,"column":5}},"line":338},"34":{"name":"(anonymous_34)","decl":{"start":{"line":344,"column":22},"end":{"line":344,"column":23}},"loc":{"start":{"line":344,"column":34},"end":{"line":348,"column":5}},"line":344},"35":{"name":"(anonymous_35)","decl":{"start":{"line":350,"column":23},"end":{"line":350,"column":24}},"loc":{"start":{"line":350,"column":41},"end":{"line":375,"column":5}},"line":350},"36":{"name":"(anonymous_36)","decl":{"start":{"line":371,"column":113},"end":{"line":371,"column":114}},"loc":{"start":{"line":371,"column":129},"end":{"line":373,"column":13}},"line":371},"37":{"name":"(anonymous_37)","decl":{"start":{"line":377,"column":22},"end":{"line":377,"column":23}},"loc":{"start":{"line":377,"column":43},"end":{"line":379,"column":5}},"line":377},"38":{"name":"(anonymous_38)","decl":{"start":{"line":381,"column":21},"end":{"line":381,"column":22}},"loc":{"start":{"line":381,"column":42},"end":{"line":383,"column":5}},"line":381},"39":{"name":"(anonymous_39)","decl":{"start":{"line":385,"column":18},"end":{"line":385,"column":19}},"loc":{"start":{"line":385,"column":38},"end":{"line":394,"column":5}},"line":385}},"branchMap":{"0":{"loc":{"start":{"line":6,"column":15},"end":{"line":6,"column":256}},"type":"binary-expr","locations":[{"start":{"line":6,"column":15},"end":{"line":6,"column":28}},{"start":{"line":6,"column":32},"end":{"line":6,"column":256}}],"line":6},"1":{"loc":{"start":{"line":6,"column":150},"end":{"line":6,"column":235}},"type":"if","locations":[{"start":{"line":6,"column":150},"end":{"line":6,"column":235}},{"start":{"line":6,"column":150},"end":{"line":6,"column":235}}],"line":6},"2":{"loc":{"start":{"line":8,"column":168},"end":{"line":8,"column":198}},"type":"binary-expr","locations":[{"start":{"line":8,"column":168},"end":{"line":8,"column":189}},{"start":{"line":8,"column":193},"end":{"line":8,"column":198}}],"line":8},"3":{"loc":{"start":{"line":8,"column":232},"end":{"line":8,"column":286}},"type":"if","locations":[{"start":{"line":8,"column":232},"end":{"line":8,"column":286}},{"start":{"line":8,"column":232},"end":{"line":8,"column":286}}],"line":8},"4":{"loc":{"start":{"line":8,"column":407},"end":{"line":8,"column":475}},"type":"if","locations":[{"start":{"line":8,"column":407},"end":{"line":8,"column":475}},{"start":{"line":8,"column":407},"end":{"line":8,"column":475}}],"line":8},"5":{"loc":{"start":{"line":8,"column":476},"end":{"line":8,"column":536}},"type":"if","locations":[{"start":{"line":8,"column":476},"end":{"line":8,"column":536}},{"start":{"line":8,"column":476},"end":{"line":8,"column":536}}],"line":8},"6":{"loc":{"start":{"line":32,"column":46},"end":{"line":32,"column":92}},"type":"cond-expr","locations":[{"start":{"line":32,"column":70},"end":{"line":32,"column":73}},{"start":{"line":32,"column":76},"end":{"line":32,"column":92}}],"line":32},"7":{"loc":{"start":{"line":32,"column":46},"end":{"line":32,"column":67}},"type":"binary-expr","locations":[{"start":{"line":32,"column":46},"end":{"line":32,"column":49}},{"start":{"line":32,"column":53},"end":{"line":32,"column":67}}],"line":32},"8":{"loc":{"start":{"line":34,"column":50},"end":{"line":34,"column":151}},"type":"if","locations":[{"start":{"line":34,"column":50},"end":{"line":34,"column":151}},{"start":{"line":34,"column":50},"end":{"line":34,"column":151}}],"line":34},"9":{"loc":{"start":{"line":36,"column":50},"end":{"line":36,"column":151}},"type":"if","locations":[{"start":{"line":36,"column":50},"end":{"line":36,"column":151}},{"start":{"line":36,"column":50},"end":{"line":36,"column":151}}],"line":36},"10":{"loc":{"start":{"line":36,"column":159},"end":{"line":36,"column":237}},"type":"cond-expr","locations":[{"start":{"line":36,"column":226},"end":{"line":36,"column":230}},{"start":{"line":36,"column":233},"end":{"line":36,"column":237}}],"line":36},"11":{"loc":{"start":{"line":36,"column":159},"end":{"line":36,"column":223}},"type":"binary-expr","locations":[{"start":{"line":36,"column":159},"end":{"line":36,"column":163}},{"start":{"line":36,"column":168},"end":{"line":36,"column":192}},{"start":{"line":36,"column":196},"end":{"line":36,"column":222}}],"line":36},"12":{"loc":{"start":{"line":38,"column":43},"end":{"line":38,"column":208}},"type":"if","locations":[{"start":{"line":38,"column":43},"end":{"line":38,"column":208}},{"start":{"line":38,"column":43},"end":{"line":38,"column":208}}],"line":38},"13":{"loc":{"start":{"line":38,"column":47},"end":{"line":38,"column":102}},"type":"binary-expr","locations":[{"start":{"line":38,"column":47},"end":{"line":38,"column":79}},{"start":{"line":38,"column":83},"end":{"line":38,"column":102}}],"line":38},"14":{"loc":{"start":{"line":38,"column":244},"end":{"line":38,"column":278}},"type":"binary-expr","locations":[{"start":{"line":38,"column":244},"end":{"line":38,"column":254}},{"start":{"line":38,"column":258},"end":{"line":38,"column":278}}],"line":38},"15":{"loc":{"start":{"line":38,"column":374},"end":{"line":38,"column":492}},"type":"if","locations":[{"start":{"line":38,"column":374},"end":{"line":38,"column":492}},{"start":{"line":38,"column":374},"end":{"line":38,"column":492}}],"line":38},"16":{"loc":{"start":{"line":38,"column":390},"end":{"line":38,"column":491}},"type":"cond-expr","locations":[{"start":{"line":38,"column":414},"end":{"line":38,"column":457}},{"start":{"line":38,"column":460},"end":{"line":38,"column":491}}],"line":38},"17":{"loc":{"start":{"line":46,"column":54},"end":{"line":46,"column":103}},"type":"binary-expr","locations":[{"start":{"line":46,"column":54},"end":{"line":46,"column":70}},{"start":{"line":46,"column":74},"end":{"line":46,"column":103}}],"line":46},"18":{"loc":{"start":{"line":71,"column":12},"end":{"line":76,"column":13}},"type":"if","locations":[{"start":{"line":71,"column":12},"end":{"line":76,"column":13}},{"start":{"line":71,"column":12},"end":{"line":76,"column":13}}],"line":71},"19":{"loc":{"start":{"line":77,"column":12},"end":{"line":81,"column":13}},"type":"if","locations":[{"start":{"line":77,"column":12},"end":{"line":81,"column":13}},{"start":{"line":77,"column":12},"end":{"line":81,"column":13}}],"line":77},"20":{"loc":{"start":{"line":86,"column":12},"end":{"line":88,"column":13}},"type":"if","locations":[{"start":{"line":86,"column":12},"end":{"line":88,"column":13}},{"start":{"line":86,"column":12},"end":{"line":88,"column":13}}],"line":86},"21":{"loc":{"start":{"line":126,"column":16},"end":{"line":130,"column":17}},"type":"if","locations":[{"start":{"line":126,"column":16},"end":{"line":130,"column":17}},{"start":{"line":126,"column":16},"end":{"line":130,"column":17}}],"line":126},"22":{"loc":{"start":{"line":132,"column":16},"end":{"line":134,"column":17}},"type":"if","locations":[{"start":{"line":132,"column":16},"end":{"line":134,"column":17}},{"start":{"line":132,"column":16},"end":{"line":134,"column":17}}],"line":132},"23":{"loc":{"start":{"line":132,"column":20},"end":{"line":132,"column":44}},"type":"binary-expr","locations":[{"start":{"line":132,"column":20},"end":{"line":132,"column":24}},{"start":{"line":132,"column":28},"end":{"line":132,"column":44}}],"line":132},"24":{"loc":{"start":{"line":139,"column":12},"end":{"line":145,"column":13}},"type":"if","locations":[{"start":{"line":139,"column":12},"end":{"line":145,"column":13}},{"start":{"line":139,"column":12},"end":{"line":145,"column":13}}],"line":139},"25":{"loc":{"start":{"line":154,"column":12},"end":{"line":156,"column":13}},"type":"if","locations":[{"start":{"line":154,"column":12},"end":{"line":156,"column":13}},{"start":{"line":154,"column":12},"end":{"line":156,"column":13}}],"line":154},"26":{"loc":{"start":{"line":158,"column":12},"end":{"line":160,"column":13}},"type":"if","locations":[{"start":{"line":158,"column":12},"end":{"line":160,"column":13}},{"start":{"line":158,"column":12},"end":{"line":160,"column":13}}],"line":158},"27":{"loc":{"start":{"line":162,"column":12},"end":{"line":164,"column":13}},"type":"if","locations":[{"start":{"line":162,"column":12},"end":{"line":164,"column":13}},{"start":{"line":162,"column":12},"end":{"line":164,"column":13}}],"line":162},"28":{"loc":{"start":{"line":174,"column":65},"end":{"line":174,"column":125}},"type":"binary-expr","locations":[{"start":{"line":174,"column":65},"end":{"line":174,"column":100}},{"start":{"line":174,"column":104},"end":{"line":174,"column":125}}],"line":174},"29":{"loc":{"start":{"line":187,"column":16},"end":{"line":191,"column":17}},"type":"if","locations":[{"start":{"line":187,"column":16},"end":{"line":191,"column":17}},{"start":{"line":187,"column":16},"end":{"line":191,"column":17}}],"line":187},"30":{"loc":{"start":{"line":203,"column":12},"end":{"line":205,"column":13}},"type":"if","locations":[{"start":{"line":203,"column":12},"end":{"line":205,"column":13}},{"start":{"line":203,"column":12},"end":{"line":205,"column":13}}],"line":203},"31":{"loc":{"start":{"line":208,"column":26},"end":{"line":208,"column":75}},"type":"binary-expr","locations":[{"start":{"line":208,"column":26},"end":{"line":208,"column":47}},{"start":{"line":208,"column":51},"end":{"line":208,"column":75}}],"line":208},"32":{"loc":{"start":{"line":210,"column":26},"end":{"line":210,"column":97}},"type":"binary-expr","locations":[{"start":{"line":210,"column":26},"end":{"line":210,"column":47}},{"start":{"line":210,"column":51},"end":{"line":210,"column":97}}],"line":210},"33":{"loc":{"start":{"line":295,"column":8},"end":{"line":297,"column":9}},"type":"if","locations":[{"start":{"line":295,"column":8},"end":{"line":297,"column":9}},{"start":{"line":295,"column":8},"end":{"line":297,"column":9}}],"line":295},"34":{"loc":{"start":{"line":302,"column":8},"end":{"line":304,"column":9}},"type":"if","locations":[{"start":{"line":302,"column":8},"end":{"line":304,"column":9}},{"start":{"line":302,"column":8},"end":{"line":304,"column":9}}],"line":302},"35":{"loc":{"start":{"line":302,"column":12},"end":{"line":302,"column":61}},"type":"binary-expr","locations":[{"start":{"line":302,"column":12},"end":{"line":302,"column":34}},{"start":{"line":302,"column":38},"end":{"line":302,"column":61}}],"line":302},"36":{"loc":{"start":{"line":308,"column":23},"end":{"line":308,"column":123}},"type":"cond-expr","locations":[{"start":{"line":308,"column":49},"end":{"line":308,"column":72}},{"start":{"line":308,"column":75},"end":{"line":308,"column":123}}],"line":308},"37":{"loc":{"start":{"line":316,"column":27},"end":{"line":316,"column":83}},"type":"cond-expr","locations":[{"start":{"line":316,"column":40},"end":{"line":316,"column":79}},{"start":{"line":316,"column":82},"end":{"line":316,"column":83}}],"line":316},"38":{"loc":{"start":{"line":329,"column":8},"end":{"line":335,"column":9}},"type":"if","locations":[{"start":{"line":329,"column":8},"end":{"line":335,"column":9}},{"start":{"line":329,"column":8},"end":{"line":335,"column":9}}],"line":329},"39":{"loc":{"start":{"line":329,"column":12},"end":{"line":329,"column":43}},"type":"binary-expr","locations":[{"start":{"line":329,"column":12},"end":{"line":329,"column":22}},{"start":{"line":329,"column":26},"end":{"line":329,"column":43}}],"line":329},"40":{"loc":{"start":{"line":332,"column":12},"end":{"line":334,"column":13}},"type":"if","locations":[{"start":{"line":332,"column":12},"end":{"line":334,"column":13}},{"start":{"line":332,"column":12},"end":{"line":334,"column":13}}],"line":332},"41":{"loc":{"start":{"line":357,"column":8},"end":{"line":359,"column":9}},"type":"if","locations":[{"start":{"line":357,"column":8},"end":{"line":359,"column":9}},{"start":{"line":357,"column":8},"end":{"line":359,"column":9}}],"line":357},"42":{"loc":{"start":{"line":357,"column":12},"end":{"line":357,"column":58}},"type":"binary-expr","locations":[{"start":{"line":357,"column":12},"end":{"line":357,"column":44}},{"start":{"line":357,"column":48},"end":{"line":357,"column":58}}],"line":357},"43":{"loc":{"start":{"line":362,"column":8},"end":{"line":364,"column":9}},"type":"if","locations":[{"start":{"line":362,"column":8},"end":{"line":364,"column":9}},{"start":{"line":362,"column":8},"end":{"line":364,"column":9}}],"line":362},"44":{"loc":{"start":{"line":362,"column":12},"end":{"line":362,"column":62}},"type":"binary-expr","locations":[{"start":{"line":362,"column":12},"end":{"line":362,"column":48}},{"start":{"line":362,"column":52},"end":{"line":362,"column":62}}],"line":362},"45":{"loc":{"start":{"line":370,"column":8},"end":{"line":374,"column":9}},"type":"if","locations":[{"start":{"line":370,"column":8},"end":{"line":374,"column":9}},{"start":{"line":370,"column":8},"end":{"line":374,"column":9}}],"line":370},"46":{"loc":{"start":{"line":378,"column":48},"end":{"line":378,"column":93}},"type":"cond-expr","locations":[{"start":{"line":378,"column":80},"end":{"line":378,"column":89}},{"start":{"line":378,"column":92},"end":{"line":378,"column":93}}],"line":378},"47":{"loc":{"start":{"line":382,"column":48},"end":{"line":382,"column":93}},"type":"cond-expr","locations":[{"start":{"line":382,"column":80},"end":{"line":382,"column":89}},{"start":{"line":382,"column":92},"end":{"line":382,"column":93}}],"line":382},"48":{"loc":{"start":{"line":387,"column":19},"end":{"line":387,"column":46}},"type":"cond-expr","locations":[{"start":{"line":387,"column":34},"end":{"line":387,"column":35}},{"start":{"line":387,"column":38},"end":{"line":387,"column":46}}],"line":387},"49":{"loc":{"start":{"line":389,"column":19},"end":{"line":389,"column":83}},"type":"cond-expr","locations":[{"start":{"line":389,"column":53},"end":{"line":389,"column":72}},{"start":{"line":389,"column":75},"end":{"line":389,"column":83}}],"line":389}},"s":{"0":8,"1":8,"2":0,"3":0,"4":0,"5":0,"6":0,"7":0,"8":0,"9":8,"10":8,"11":8,"12":80,"13":80,"14":80,"15":80,"16":80,"17":80,"18":8,"19":8,"20":8,"21":8,"22":0,"23":8,"24":8,"25":8,"26":8,"27":8,"28":8,"29":8,"30":8,"31":8,"32":8,"33":8,"34":8,"35":40,"36":0,"37":0,"38":0,"39":0,"40":0,"41":8,"42":0,"43":8,"44":8,"45":8,"46":8,"47":8,"48":0,"49":0,"50":0,"51":0,"52":0,"53":8,"54":0,"55":0,"56":0,"57":0,"58":0,"59":0,"60":0,"61":0,"62":0,"63":0,"64":0,"65":0,"66":0,"67":0,"68":0,"69":0,"70":0,"71":0,"72":0,"73":0,"74":0,"75":0,"76":0,"77":0,"78":0,"79":0,"80":0,"81":0,"82":0,"83":0,"84":0,"85":0,"86":0,"87":0,"88":0,"89":0,"90":0,"91":0,"92":0,"93":0,"94":0,"95":0,"96":0,"97":0,"98":0,"99":0,"100":0,"101":0,"102":0,"103":0,"104":0,"105":0,"106":0,"107":8,"108":8,"109":8,"110":8,"111":8,"112":0,"113":0,"114":0,"115":0,"116":0,"117":0,"118":0,"119":0,"120":0,"121":0,"122":0,"123":0,"124":0,"125":0,"126":0,"127":0,"128":0,"129":0,"130":0,"131":0,"132":0,"133":0,"134":0,"135":0,"136":0,"137":0,"138":0,"139":0,"140":0,"141":0,"142":0,"143":0,"144":0,"145":0,"146":0,"147":0,"148":0,"149":0,"150":0,"151":0,"152":0,"153":0,"154":0,"155":0,"156":0,"157":0,"158":0,"159":0,"160":0,"161":0,"162":0,"163":0,"164":0,"165":8},"f":{"0":0,"1":8,"2":8,"3":8,"4":40,"5":0,"6":0,"7":8,"8":8,"9":0,"10":0,"11":0,"12":0,"13":0,"14":0,"15":0,"16":0,"17":0,"18":0,"19":0,"20":0,"21":0,"22":0,"23":0,"24":0,"25":0,"26":0,"27":0,"28":0,"29":0,"30":0,"31":0,"32":0,"33":0,"34":0,"35":0,"36":0,"37":0,"38":0,"39":0},"b":{"0":[8,0],"1":[0,0],"2":[80,80],"3":[80,0],"4":[8,0],"5":[0,8],"6":[24,16],"7":[40,40],"8":[0,0],"9":[0,0],"10":[0,0],"11":[0,0,0],"12":[0,8],"13":[8,0],"14":[8,8],"15":[8,0],"16":[8,0],"17":[0,0],"18":[0,0],"19":[0,0],"20":[0,0],"21":[0,0],"22":[0,0],"23":[0,0],"24":[0,0],"25":[0,0],"26":[0,0],"27":[0,0],"28":[0,0],"29":[0,0],"30":[0,0],"31":[0,0],"32":[0,0],"33":[0,0],"34":[0,0],"35":[0,0],"36":[0,0],"37":[0,0],"38":[0,0],"39":[0,0],"40":[0,0],"41":[0,0],"42":[0,0],"43":[0,0],"44":[0,0],"45":[0,0],"46":[0,0],"47":[0,0],"48":[0,0],"49":[0,0]},"_coverageSchema":"43e27e138ebf9cfc5966b082cf9a028302ed4184","hash":"274963cdc8483644cd64e371dfa8f98a1c307da1"}
}
