TN:
SF:C:\Users\Ben Brown\Documents\GitHub\Class-Scribe\src\classscribe-fe\src\App.js
FN:27,(anonymous_0)
FN:35,(anonymous_1)
FN:38,(anonymous_2)
FN:54,(anonymous_3)
FN:58,(anonymous_4)
FN:62,(anonymous_5)
FNF:6
FNH:0
FNDA:0,(anonymous_0)
FNDA:0,(anonymous_1)
FNDA:0,(anonymous_2)
FNDA:0,(anonymous_3)
FNDA:0,(anonymous_4)
FNDA:0,(anonymous_5)
DA:21,8
DA:22,8
DA:27,8
DA:28,0
DA:35,8
DA:36,0
DA:38,0
DA:54,8
DA:55,0
DA:58,8
DA:59,0
DA:63,0
LF:12
LH:6
BRDA:63,0,0,0
BRDA:63,0,1,0
BRDA:64,1,0,0
BRDA:64,1,1,0
BRF:4
BRH:0
end_of_record
TN:
SF:C:\Users\Ben Brown\Documents\GitHub\Class-Scribe\src\classscribe-fe\src\index.js
FNF:0
FNH:0
DA:7,0
DA:12,0
LF:2
LH:0
BRF:0
BRH:0
end_of_record
TN:
SF:C:\Users\Ben Brown\Documents\GitHub\Class-Scribe\src\classscribe-fe\src\serviceWorker.js
FN:23,register
FN:34,(anonymous_1)
FN:43,(anonymous_2)
FN:57,registerValidSW
FN:60,(anonymous_4)
FN:61,(anonymous_5)
FN:66,(anonymous_6)
FN:96,(anonymous_7)
FN:101,checkValidServiceWorker
FN:104,(anonymous_9)
FN:112,(anonymous_10)
FN:113,(anonymous_11)
FN:122,(anonymous_12)
FN:129,unregister
FN:131,(anonymous_14)
FNF:15
FNH:0
FNDA:0,register
FNDA:0,(anonymous_1)
FNDA:0,(anonymous_2)
FNDA:0,registerValidSW
FNDA:0,(anonymous_4)
FNDA:0,(anonymous_5)
FNDA:0,(anonymous_6)
FNDA:0,(anonymous_7)
FNDA:0,checkValidServiceWorker
FNDA:0,(anonymous_9)
FNDA:0,(anonymous_10)
FNDA:0,(anonymous_11)
FNDA:0,(anonymous_12)
FNDA:0,unregister
FNDA:0,(anonymous_14)
DA:13,0
DA:24,0
DA:26,0
DA:27,0
DA:31,0
DA:34,0
DA:35,0
DA:37,0
DA:39,0
DA:43,0
DA:44,0
DA:51,0
DA:58,0
DA:61,0
DA:62,0
DA:63,0
DA:64,0
DA:66,0
DA:67,0
DA:68,0
DA:72,0
DA:78,0
DA:79,0
DA:85,0
DA:88,0
DA:89,0
DA:97,0
DA:103,0
DA:106,0
DA:107,0
DA:112,0
DA:113,0
DA:114,0
DA:119,0
DA:123,0
DA:130,0
DA:131,0
DA:132,0
LF:38
LH:0
BRDA:14,0,0,0
BRDA:14,0,1,0
BRDA:14,0,2,0
BRDA:24,1,0,0
BRDA:24,1,1,0
BRDA:24,2,0,0
BRDA:24,2,1,0
BRDA:27,3,0,0
BRDA:27,3,1,0
BRDA:37,4,0,0
BRDA:37,4,1,0
BRDA:63,5,0,0
BRDA:63,5,1,0
BRDA:67,6,0,0
BRDA:67,6,1,0
BRDA:68,7,0,0
BRDA:68,7,1,0
BRDA:78,8,0,0
BRDA:78,8,1,0
BRDA:78,9,0,0
BRDA:78,9,1,0
BRDA:88,10,0,0
BRDA:88,10,1,0
BRDA:88,11,0,0
BRDA:88,11,1,0
BRDA:107,12,0,0
BRDA:107,12,1,0
BRDA:108,13,0,0
BRDA:108,13,1,0
BRDA:108,13,2,0
BRDA:130,14,0,0
BRDA:130,14,1,0
BRF:32
BRH:0
end_of_record
TN:
SF:C:\Users\Ben Brown\Documents\GitHub\Class-Scribe\src\classscribe-fe\src\components\404.js
FN:4,(anonymous_0)
FNF:1
FNH:0
FNDA:0,(anonymous_0)
DA:4,8
DA:5,0
LF:2
LH:1
BRF:0
BRH:0
end_of_record
TN:
SF:C:\Users\Ben Brown\Documents\GitHub\Class-Scribe\src\classscribe-fe\src\components\Navbar.js
FN:8,(anonymous_0)
FN:15,(anonymous_1)
FN:23,(anonymous_2)
FNF:3
FNH:3
FNDA:8,(anonymous_0)
FNDA:46,(anonymous_1)
FNDA:54,(anonymous_2)
DA:9,8
DA:10,8
DA:16,46
DA:17,2
DA:25,54
DA:26,54
LF:6
LH:6
BRDA:11,0,0,8
BRDA:11,0,1,5
BRDA:16,1,0,2
BRDA:16,1,1,44
BRF:4
BRH:4
end_of_record
TN:
SF:C:\Users\Ben Brown\Documents\GitHub\Class-Scribe\src\classscribe-fe\src\components\ImageUpload\NotebookCard.js
FN:126,(anonymous_0)
FN:147,(anonymous_1)
FN:152,(anonymous_2)
FN:160,(anonymous_3)
FN:165,(anonymous_4)
FN:172,(anonymous_5)
FN:179,(anonymous_6)
FN:185,(anonymous_7)
FN:192,(anonymous_8)
FN:199,(anonymous_9)
FN:206,(anonymous_10)
FN:206,(anonymous_11)
FN:209,(anonymous_12)
FN:213,(anonymous_13)
FN:226,(anonymous_14)
FN:243,(anonymous_15)
FN:248,(anonymous_16)
FN:255,(anonymous_17)
FN:265,(anonymous_18)
FN:270,(anonymous_19)
FN:281,(anonymous_20)
FN:290,(anonymous_21)
FN:296,(anonymous_22)
FN:302,(anonymous_23)
FN:309,(anonymous_24)
FN:315,(anonymous_25)
FN:320,(anonymous_26)
FN:323,(anonymous_27)
FN:327,(anonymous_28)
FN:337,(anonymous_29)
FN:347,(anonymous_30)
FN:352,(anonymous_31)
FN:353,(anonymous_32)
FN:365,(anonymous_33)
FN:368,(anonymous_34)
FN:370,(anonymous_35)
FN:375,(anonymous_36)
FN:378,(anonymous_37)
FN:381,(anonymous_38)
FN:384,(anonymous_39)
FN:387,(anonymous_40)
FN:390,(anonymous_41)
FN:399,(anonymous_42)
FN:402,(anonymous_43)
FN:409,(anonymous_44)
FN:422,(anonymous_45)
FN:422,(anonymous_46)
FN:437,(anonymous_47)
FN:446,(anonymous_48)
FNF:49
FNH:49
FNDA:16,(anonymous_0)
FNDA:1,(anonymous_1)
FNDA:159,(anonymous_2)
FNDA:3,(anonymous_3)
FNDA:1,(anonymous_4)
FNDA:2,(anonymous_5)
FNDA:1,(anonymous_6)
FNDA:2,(anonymous_7)
FNDA:9,(anonymous_8)
FNDA:2,(anonymous_9)
FNDA:2,(anonymous_10)
FNDA:9,(anonymous_11)
FNDA:2,(anonymous_12)
FNDA:3,(anonymous_13)
FNDA:3,(anonymous_14)
FNDA:1,(anonymous_15)
FNDA:1,(anonymous_16)
FNDA:47,(anonymous_17)
FNDA:4,(anonymous_18)
FNDA:1,(anonymous_19)
FNDA:3,(anonymous_20)
FNDA:1,(anonymous_21)
FNDA:1,(anonymous_22)
FNDA:2,(anonymous_23)
FNDA:1,(anonymous_24)
FNDA:1,(anonymous_25)
FNDA:63,(anonymous_26)
FNDA:136,(anonymous_27)
FNDA:28,(anonymous_28)
FNDA:49,(anonymous_29)
FNDA:2,(anonymous_30)
FNDA:2,(anonymous_31)
FNDA:2,(anonymous_32)
FNDA:1,(anonymous_33)
FNDA:43,(anonymous_34)
FNDA:22,(anonymous_35)
FNDA:1,(anonymous_36)
FNDA:2,(anonymous_37)
FNDA:1,(anonymous_38)
FNDA:2,(anonymous_39)
FNDA:1,(anonymous_40)
FNDA:2,(anonymous_41)
FNDA:1,(anonymous_42)
FNDA:1,(anonymous_43)
FNDA:1,(anonymous_44)
FNDA:1,(anonymous_45)
FNDA:1,(anonymous_46)
FNDA:1,(anonymous_47)
FNDA:1,(anonymous_48)
DA:31,8
DA:42,8
DA:48,8
DA:54,8
DA:61,8
DA:68,8
DA:76,8
DA:82,8
DA:87,8
DA:92,8
DA:127,16
DA:128,16
DA:140,16
DA:141,16
DA:142,16
DA:143,16
DA:144,16
DA:147,16
DA:148,1
DA:152,16
DA:153,159
DA:154,159
DA:155,159
DA:157,159
DA:160,16
DA:161,3
DA:162,3
DA:163,2
DA:164,2
DA:166,1
DA:168,2
DA:173,2
DA:176,2
DA:177,2
DA:178,2
DA:180,1
DA:181,1
DA:182,1
DA:186,2
DA:187,2
DA:193,9
DA:194,9
DA:199,9
DA:200,2
DA:201,1
DA:203,1
DA:204,1
DA:206,9
DA:210,2
DA:213,16
DA:214,3
DA:215,3
DA:216,2
DA:217,2
DA:220,1
DA:221,1
DA:227,3
DA:228,1
DA:230,2
DA:232,2
DA:233,2
DA:234,2
DA:236,2
DA:241,2
DA:242,2
DA:244,1
DA:249,1
DA:250,1
DA:256,47
DA:257,8
DA:266,4
DA:267,4
DA:268,2
DA:269,2
DA:271,1
DA:273,2
DA:282,3
DA:284,3
DA:285,2
DA:286,2
DA:290,2
DA:291,1
DA:292,1
DA:293,1
DA:294,1
DA:297,1
DA:303,2
DA:304,2
DA:305,2
DA:309,2
DA:310,1
DA:311,1
DA:312,1
DA:313,1
DA:315,1
DA:321,63
DA:322,63
DA:323,55
DA:324,136
DA:326,55
DA:327,55
DA:328,28
DA:329,1
DA:331,27
DA:332,9
DA:335,18
DA:338,49
DA:339,49
DA:340,49
DA:344,55
DA:347,2
DA:352,2
DA:353,2
DA:365,1
DA:369,43
DA:371,22
DA:375,1
DA:378,2
DA:381,1
DA:384,2
DA:387,1
DA:390,2
DA:399,1
DA:402,1
DA:410,1
DA:422,1
DA:437,1
DA:446,1
DA:470,8
LF:129
LH:129
BRDA:136,0,0,11
BRDA:136,0,1,5
BRDA:162,1,0,2
BRDA:162,1,1,1
BRDA:180,2,0,1
BRDA:180,2,1,0
BRDA:200,3,0,1
BRDA:200,3,1,1
BRDA:203,4,0,1
BRDA:203,4,1,0
BRDA:215,5,0,2
BRDA:215,5,1,1
BRDA:227,6,0,1
BRDA:227,6,1,2
BRDA:244,7,0,1
BRDA:244,7,1,0
BRDA:256,8,0,8
BRDA:256,8,1,39
BRDA:267,9,0,2
BRDA:267,9,1,2
BRDA:284,10,0,2
BRDA:284,10,1,1
BRDA:291,11,0,1
BRDA:291,11,1,0
BRDA:310,12,0,1
BRDA:310,12,1,0
BRDA:322,13,0,55
BRDA:322,13,1,8
BRDA:328,14,0,1
BRDA:328,14,1,27
BRDA:331,15,0,9
BRDA:331,15,1,18
BRDA:338,16,0,49
BRDA:338,16,1,0
BRDA:339,17,0,49
BRDA:339,17,1,0
BRDA:348,18,0,3
BRDA:348,18,1,52
BRDA:364,19,0,17
BRDA:364,19,1,35
BRDA:364,20,0,52
BRDA:364,20,1,18
BRDA:364,20,2,17
BRDA:368,21,0,8
BRDA:368,21,1,9
BRDA:370,22,0,4
BRDA:370,22,1,4
BRDA:429,23,0,3
BRDA:429,23,1,49
BRDA:429,24,0,52
BRDA:429,24,1,18
BRDA:430,25,0,2
BRDA:430,25,1,1
BRDA:449,26,0,49
BRDA:449,26,1,1
BRDA:464,27,0,51
BRDA:464,27,1,4
BRF:57
BRH:50
end_of_record
TN:
SF:C:\Users\Ben Brown\Documents\GitHub\Class-Scribe\src\classscribe-fe\src\components\ImageUpload\PageCard.js
FN:38,(anonymous_0)
FN:49,(anonymous_1)
FN:53,(anonymous_2)
FN:60,(anonymous_3)
FN:64,(anonymous_4)
FN:73,(anonymous_5)
FN:78,(anonymous_6)
FN:82,(anonymous_7)
FNF:8
FNH:8
FNDA:20,(anonymous_0)
FNDA:3,(anonymous_1)
FNDA:1,(anonymous_2)
FNDA:2,(anonymous_3)
FNDA:56,(anonymous_4)
FNDA:1,(anonymous_5)
FNDA:1,(anonymous_6)
FNDA:1,(anonymous_7)
DA:13,8
DA:25,8
DA:39,20
DA:40,20
DA:49,20
DA:50,3
DA:51,3
DA:52,3
DA:54,1
DA:56,3
DA:60,20
DA:61,2
DA:65,56
DA:66,56
DA:67,4
DA:69,52
DA:70,52
DA:71,51
DA:73,1
DA:78,1
DA:82,1
DA:93,1
LF:22
LH:22
BRDA:50,0,0,3
BRDA:50,0,1,0
BRDA:66,1,0,4
BRDA:66,1,1,52
BRDA:70,2,0,51
BRDA:70,2,1,1
BRDA:77,3,0,51
BRDA:77,3,1,51
BRDA:77,3,2,34
BRF:9
BRH:8
end_of_record
TN:
SF:C:\Users\Ben Brown\Documents\GitHub\Class-Scribe\src\classscribe-fe\src\components\ImageUpload\PublicCard.js
FN:46,(anonymous_0)
FN:65,(anonymous_1)
FN:76,(anonymous_2)
FNF:3
FNH:3
FNDA:2,(anonymous_0)
FNDA:4,(anonymous_1)
FNDA:1,(anonymous_2)
DA:11,8
DA:15,8
DA:20,8
DA:47,2
DA:48,2
DA:66,4
DA:67,4
DA:68,4
DA:69,1
DA:72,3
DA:74,4
DA:75,4
DA:76,1
LF:13
LH:13
BRDA:68,0,0,1
BRDA:68,0,1,3
BRF:2
BRH:2
end_of_record
TN:
SF:C:\Users\Ben Brown\Documents\GitHub\Class-Scribe\src\classscribe-fe\src\components\ImageUpload\index.js
FN:131,(anonymous_0)
FN:168,(anonymous_1)
FN:177,(anonymous_2)
FN:182,(anonymous_3)
FN:189,(anonymous_4)
FN:196,(anonymous_5)
FN:207,(anonymous_6)
FN:219,(anonymous_7)
FN:229,(anonymous_8)
FN:237,(anonymous_9)
FN:239,(anonymous_10)
FN:271,(anonymous_11)
FN:278,(anonymous_12)
FN:284,(anonymous_13)
FN:297,(anonymous_14)
FN:312,(anonymous_15)
FN:326,(anonymous_16)
FN:346,(anonymous_17)
FN:372,(anonymous_18)
FN:394,(anonymous_19)
FN:402,(anonymous_20)
FN:407,(anonymous_21)
FN:419,(anonymous_22)
FN:421,(anonymous_23)
FN:427,(anonymous_24)
FN:456,(anonymous_25)
FN:471,(anonymous_26)
FN:476,(anonymous_27)
FN:505,(anonymous_28)
FN:506,(anonymous_29)
FN:514,(anonymous_30)
FN:518,(anonymous_31)
FN:546,(anonymous_32)
FN:595,(anonymous_33)
FN:603,(anonymous_34)
FN:607,(anonymous_35)
FN:613,(anonymous_36)
FN:627,(anonymous_37)
FN:632,(anonymous_38)
FN:634,(anonymous_39)
FN:634,(anonymous_40)
FN:637,(anonymous_41)
FN:638,(anonymous_42)
FN:663,(anonymous_43)
FN:672,(anonymous_44)
FN:673,(anonymous_45)
FNF:46
FNH:44
FNDA:9,(anonymous_0)
FNDA:2,(anonymous_1)
FNDA:0,(anonymous_2)
FNDA:12,(anonymous_3)
FNDA:79,(anonymous_4)
FNDA:2,(anonymous_5)
FNDA:3,(anonymous_6)
FNDA:12,(anonymous_7)
FNDA:11,(anonymous_8)
FNDA:10,(anonymous_9)
FNDA:6,(anonymous_10)
FNDA:4,(anonymous_11)
FNDA:1,(anonymous_12)
FNDA:30,(anonymous_13)
FNDA:2,(anonymous_14)
FNDA:2,(anonymous_15)
FNDA:22,(anonymous_16)
FNDA:5,(anonymous_17)
FNDA:4,(anonymous_18)
FNDA:13,(anonymous_19)
FNDA:1,(anonymous_20)
FNDA:1,(anonymous_21)
FNDA:3,(anonymous_22)
FNDA:14,(anonymous_23)
FNDA:31,(anonymous_24)
FNDA:3,(anonymous_25)
FNDA:17,(anonymous_26)
FNDA:12,(anonymous_27)
FNDA:8,(anonymous_28)
FNDA:3,(anonymous_29)
FNDA:5,(anonymous_30)
FNDA:5,(anonymous_31)
FNDA:4,(anonymous_32)
FNDA:54,(anonymous_33)
FNDA:2,(anonymous_34)
FNDA:1,(anonymous_35)
FNDA:28,(anonymous_36)
FNDA:80,(anonymous_37)
FNDA:38,(anonymous_38)
FNDA:1,(anonymous_39)
FNDA:2,(anonymous_40)
FNDA:35,(anonymous_41)
FNDA:0,(anonymous_42)
FNDA:2,(anonymous_43)
FNDA:1,(anonymous_44)
FNDA:1,(anonymous_45)
DA:29,8
DA:41,8
DA:48,8
DA:53,8
DA:69,8
DA:72,8
DA:86,8
DA:105,8
DA:115,8
DA:119,8
DA:124,8
DA:132,9
DA:133,9
DA:154,9
DA:155,9
DA:156,9
DA:157,9
DA:158,9
DA:159,9
DA:160,9
DA:161,9
DA:162,9
DA:163,9
DA:164,9
DA:165,9
DA:168,9
DA:169,2
DA:170,2
DA:171,4
DA:173,2
DA:177,2
DA:178,0
DA:183,12
DA:184,12
DA:185,11
DA:190,79
DA:191,8
DA:193,71
DA:197,2
DA:198,2
DA:199,2
DA:200,2
DA:208,3
DA:209,3
DA:210,3
DA:211,3
DA:212,3
DA:221,12
DA:222,11
DA:224,11
DA:226,11
DA:230,11
DA:231,10
DA:239,10
DA:240,6
DA:241,6
DA:242,6
DA:243,4
DA:244,4
DA:245,4
DA:246,4
DA:247,4
DA:248,12
DA:250,4
DA:254,4
DA:257,4
DA:258,4
DA:259,12
DA:262,4
DA:269,4
DA:272,4
DA:278,9
DA:279,1
DA:280,1
DA:281,1
DA:284,9
DA:285,30
DA:286,30
DA:298,2
DA:299,1
DA:301,1
DA:302,1
DA:313,2
DA:314,1
DA:316,1
DA:317,1
DA:326,9
DA:327,22
DA:328,22
DA:329,22
DA:330,22
DA:331,22
DA:332,22
DA:333,22
DA:346,9
DA:347,5
DA:348,5
DA:349,5
DA:350,5
DA:351,5
DA:352,5
DA:353,5
DA:354,1
DA:355,1
DA:357,5
DA:358,1
DA:359,1
DA:361,5
DA:362,1
DA:363,1
DA:365,5
DA:372,9
DA:373,4
DA:374,4
DA:375,4
DA:376,4
DA:377,4
DA:378,4
DA:379,4
DA:380,1
DA:381,1
DA:383,4
DA:384,1
DA:385,1
DA:387,4
DA:388,1
DA:389,1
DA:391,4
DA:394,9
DA:395,13
DA:396,13
DA:397,13
DA:398,13
DA:403,1
DA:404,1
DA:405,1
DA:406,1
DA:407,1
DA:408,1
DA:409,1
DA:412,1
DA:413,1
DA:414,1
DA:415,1
DA:420,3
DA:421,3
DA:422,14
DA:424,3
DA:428,31
DA:429,8
DA:431,23
DA:432,1
DA:434,22
DA:435,22
DA:436,4
DA:438,18
DA:439,3
DA:441,15
DA:442,15
DA:443,12
DA:445,3
DA:446,2
DA:448,1
DA:449,1
DA:457,3
DA:458,3
DA:459,3
DA:460,3
DA:461,3
DA:462,3
DA:463,3
DA:464,3
DA:466,3
DA:467,3
DA:468,3
DA:469,12
DA:471,12
DA:472,17
DA:473,17
DA:476,12
DA:478,12
DA:479,12
DA:480,10
DA:483,2
DA:484,2
DA:487,12
DA:488,2
DA:492,2
DA:493,2
DA:496,3
DA:497,1
DA:506,8
DA:508,3
DA:509,3
DA:510,3
DA:515,5
DA:520,5
DA:521,5
DA:522,3
DA:524,5
DA:525,2
DA:529,3
DA:535,3
DA:536,3
DA:537,2
DA:538,2
DA:542,3
DA:543,3
DA:547,4
DA:548,4
DA:549,3
DA:551,4
DA:552,1
DA:559,1
DA:561,3
DA:562,1
DA:569,1
DA:571,2
DA:577,2
DA:578,2
DA:579,2
DA:580,2
DA:581,4
DA:583,2
DA:584,2
DA:585,6
DA:589,2
DA:590,1
DA:592,2
DA:595,9
DA:596,54
DA:597,54
DA:598,9
DA:600,54
DA:603,9
DA:604,2
DA:608,1
DA:609,1
DA:613,9
DA:614,28
DA:615,28
DA:616,54
DA:623,28
DA:628,80
DA:629,80
DA:630,80
DA:631,79
DA:632,24
DA:633,38
DA:634,38
DA:637,55
DA:638,35
DA:642,1
DA:644,79
DA:645,10
DA:653,69
DA:663,2
DA:672,1
DA:673,1
LF:259
LH:258
BRDA:183,0,0,12
BRDA:183,0,1,0
BRDA:190,1,0,8
BRDA:190,1,1,71
BRDA:198,2,0,2
BRDA:198,2,1,0
BRDA:210,3,0,3
BRDA:210,3,1,0
BRDA:222,4,0,11
BRDA:222,4,1,0
BRDA:230,5,0,10
BRDA:230,5,1,1
BRDA:230,6,0,11
BRDA:230,6,1,1
BRDA:240,7,0,6
BRDA:240,7,1,0
BRDA:242,8,0,4
BRDA:242,8,1,2
BRDA:242,9,0,6
BRDA:242,9,1,6
BRDA:244,10,0,4
BRDA:244,10,1,0
BRDA:257,11,0,4
BRDA:257,11,1,0
BRDA:298,12,0,1
BRDA:298,12,1,1
BRDA:313,13,0,1
BRDA:313,13,1,1
BRDA:353,14,0,1
BRDA:353,14,1,4
BRDA:357,15,0,1
BRDA:357,15,1,4
BRDA:361,16,0,1
BRDA:361,16,1,4
BRDA:379,17,0,1
BRDA:379,17,1,3
BRDA:383,18,0,1
BRDA:383,18,1,3
BRDA:387,19,0,1
BRDA:387,19,1,3
BRDA:406,20,0,1
BRDA:406,20,1,0
BRDA:414,21,0,1
BRDA:414,21,1,0
BRDA:414,22,0,1
BRDA:414,22,1,1
BRDA:414,22,2,1
BRDA:428,23,0,8
BRDA:428,23,1,23
BRDA:431,24,0,1
BRDA:431,24,1,22
BRDA:434,25,0,22
BRDA:434,25,1,0
BRDA:435,26,0,4
BRDA:435,26,1,18
BRDA:438,27,0,3
BRDA:438,27,1,15
BRDA:441,28,0,15
BRDA:441,28,1,0
BRDA:442,29,0,12
BRDA:442,29,1,3
BRDA:445,30,0,2
BRDA:445,30,1,1
BRDA:448,31,0,1
BRDA:448,31,1,0
BRDA:469,32,0,12
BRDA:469,32,1,0
BRDA:479,33,0,10
BRDA:479,33,1,2
BRDA:487,34,0,2
BRDA:487,34,1,10
BRDA:487,35,0,12
BRDA:487,35,1,2
BRDA:496,36,0,1
BRDA:496,36,1,2
BRDA:496,37,0,3
BRDA:496,37,1,2
BRDA:508,38,0,3
BRDA:508,38,1,0
BRDA:521,39,0,3
BRDA:521,39,1,2
BRDA:524,40,0,2
BRDA:524,40,1,3
BRDA:531,41,0,2
BRDA:531,41,1,1
BRDA:532,42,0,2
BRDA:532,42,1,1
BRDA:536,43,0,2
BRDA:536,43,1,1
BRDA:536,44,0,3
BRDA:536,44,1,2
BRDA:548,45,0,3
BRDA:548,45,1,1
BRDA:551,46,0,1
BRDA:551,46,1,3
BRDA:561,47,0,1
BRDA:561,47,1,2
BRDA:561,48,0,3
BRDA:561,48,1,2
BRDA:574,49,0,2
BRDA:574,49,1,0
BRDA:574,50,0,2
BRDA:574,50,1,2
BRDA:575,51,0,2
BRDA:575,51,1,0
BRDA:575,52,0,2
BRDA:575,52,1,2
BRDA:579,53,0,2
BRDA:579,53,1,0
BRDA:583,54,0,2
BRDA:583,54,1,0
BRDA:589,55,0,1
BRDA:589,55,1,1
BRDA:597,56,0,9
BRDA:597,56,1,45
BRDA:608,57,0,1
BRDA:608,57,1,0
BRDA:630,58,0,79
BRDA:630,58,1,1
BRDA:631,59,0,24
BRDA:631,59,1,55
BRDA:631,60,0,79
BRDA:631,60,1,28
BRDA:644,61,0,10
BRDA:644,61,1,69
BRDA:644,62,0,79
BRDA:644,62,1,10
BRDA:647,63,0,10
BRDA:647,63,1,10
BRDA:656,64,0,69
BRDA:656,64,1,69
BRDA:663,65,0,28
BRDA:663,65,1,41
BRDA:663,66,0,69
BRDA:663,66,1,43
BRDA:668,67,0,31
BRDA:668,67,1,38
BRDA:668,68,0,69
BRDA:668,68,1,43
BRDA:671,69,0,43
BRDA:671,69,1,26
BRDA:671,70,0,69
BRDA:671,70,1,43
BRDA:671,71,0,29
BRDA:671,71,1,14
BRF:145
BRH:126
end_of_record
TN:
SF:C:\Users\Ben Brown\Documents\GitHub\Class-Scribe\src\classscribe-fe\src\components\ImageUpload\toggle.js
FN:7,(anonymous_0)
FN:14,(anonymous_1)
FN:19,(anonymous_2)
FNF:3
FNH:3
FNDA:7,(anonymous_0)
FNDA:28,(anonymous_1)
FNDA:1,(anonymous_2)
DA:8,7
DA:9,7
DA:15,28
DA:19,1
LF:4
LH:4
BRF:0
BRH:0
end_of_record
TN:
SF:C:\Users\Ben Brown\Documents\GitHub\Class-Scribe\src\classscribe-fe\src\components\customAdmin\ClassEvent.js
FN:18,(anonymous_0)
FNF:1
FNH:1
FNDA:1,(anonymous_0)
DA:4,8
DA:24,1
DA:25,1
DA:37,8
LF:4
LH:4
BRF:0
BRH:0
end_of_record
TN:
SF:C:\Users\Ben Brown\Documents\GitHub\Class-Scribe\src\classscribe-fe\src\components\customAdmin\ClassModal.js
FN:15,(anonymous_0)
FN:40,(anonymous_1)
FN:76,(anonymous_2)
FN:81,(anonymous_3)
FN:96,(anonymous_4)
FN:100,(anonymous_5)
FN:153,(anonymous_6)
FN:168,(anonymous_7)
FN:173,(anonymous_8)
FN:184,(anonymous_9)
FN:195,(anonymous_10)
FN:205,(anonymous_11)
FN:216,(anonymous_12)
FN:226,(anonymous_13)
FN:240,(anonymous_14)
FN:252,(anonymous_15)
FN:264,(anonymous_16)
FN:276,(anonymous_17)
FN:288,(anonymous_18)
FN:304,(anonymous_19)
FN:315,(anonymous_20)
FN:320,(anonymous_21)
FNF:22
FNH:21
FNDA:4,(anonymous_0)
FNDA:598,(anonymous_1)
FNDA:4,(anonymous_2)
FNDA:4,(anonymous_3)
FNDA:0,(anonymous_4)
FNDA:10,(anonymous_5)
FNDA:2,(anonymous_6)
FNDA:2,(anonymous_7)
FNDA:78,(anonymous_8)
FNDA:9,(anonymous_9)
FNDA:9,(anonymous_10)
FNDA:9,(anonymous_11)
FNDA:9,(anonymous_12)
FNDA:9,(anonymous_13)
FNDA:1,(anonymous_14)
FNDA:1,(anonymous_15)
FNDA:1,(anonymous_16)
FNDA:1,(anonymous_17)
FNDA:1,(anonymous_18)
FNDA:9,(anonymous_19)
FNDA:9,(anonymous_20)
FNDA:10,(anonymous_21)
DA:12,8
DA:16,4
DA:17,4
DA:34,4
DA:35,4
DA:40,4
DA:41,598
DA:47,598
DA:57,598
DA:58,6
DA:59,6
DA:60,6
DA:61,6
DA:64,592
DA:65,246
DA:66,246
DA:67,240
DA:68,240
DA:71,346
DA:72,346
DA:76,4
DA:77,4
DA:78,4
DA:79,4
DA:80,4
DA:82,4
DA:96,4
DA:97,0
DA:100,4
DA:101,10
DA:102,10
DA:103,10
DA:104,10
DA:105,1
DA:106,1
DA:108,9
DA:109,9
DA:110,1
DA:111,1
DA:113,8
DA:114,8
DA:115,1
DA:116,1
DA:118,7
DA:119,7
DA:120,1
DA:121,1
DA:123,6
DA:124,1
DA:125,1
DA:127,5
DA:128,5
DA:129,1
DA:130,1
DA:132,4
DA:133,4
DA:134,1
DA:135,1
DA:137,3
DA:138,3
DA:139,1
DA:140,1
DA:143,2
DA:144,0
DA:145,0
DA:148,2
DA:149,2
DA:152,2
DA:154,2
DA:155,1
DA:158,1
DA:160,2
DA:169,2
DA:174,78
DA:184,9
DA:195,9
DA:205,9
DA:216,9
DA:226,9
DA:240,1
DA:252,1
DA:264,1
DA:276,1
DA:288,1
DA:304,9
DA:315,9
DA:320,10
LF:87
LH:84
BRDA:18,0,0,4
BRDA:18,0,1,0
BRDA:20,1,0,4
BRDA:20,1,1,0
BRDA:20,1,2,0
BRDA:21,2,0,4
BRDA:21,2,1,0
BRDA:21,2,2,0
BRDA:22,3,0,4
BRDA:22,3,1,4
BRDA:22,3,2,0
BRDA:23,4,0,4
BRDA:23,4,1,4
BRDA:23,4,2,4
BRDA:24,5,0,4
BRDA:24,5,1,0
BRDA:24,5,2,0
BRDA:25,6,0,4
BRDA:25,6,1,0
BRDA:25,6,2,0
BRDA:27,7,0,4
BRDA:27,7,1,4
BRDA:28,8,0,4
BRDA:28,8,1,4
BRDA:29,9,0,4
BRDA:29,9,1,4
BRDA:30,10,0,4
BRDA:30,10,1,4
BRDA:31,11,0,4
BRDA:31,11,1,4
BRDA:57,12,0,6
BRDA:57,12,1,592
BRDA:64,13,0,246
BRDA:64,13,1,346
BRDA:64,14,0,592
BRDA:64,14,1,509
BRDA:64,14,2,427
BRDA:68,15,0,240
BRDA:68,15,1,240
BRDA:72,16,0,346
BRDA:72,16,1,314
BRDA:78,17,0,4
BRDA:78,17,1,0
BRDA:90,18,0,4
BRDA:90,18,1,0
BRDA:104,19,0,1
BRDA:104,19,1,9
BRDA:109,20,0,1
BRDA:109,20,1,8
BRDA:114,21,0,1
BRDA:114,21,1,7
BRDA:119,22,0,1
BRDA:119,22,1,6
BRDA:123,23,0,1
BRDA:123,23,1,5
BRDA:128,24,0,1
BRDA:128,24,1,4
BRDA:133,25,0,1
BRDA:133,25,1,3
BRDA:138,26,0,1
BRDA:138,26,1,2
BRDA:143,27,0,0
BRDA:143,27,1,2
BRDA:154,28,0,1
BRDA:154,28,1,1
BRDA:185,29,0,78
BRDA:185,29,1,7
BRDA:196,30,0,78
BRDA:196,30,1,7
BRDA:206,31,0,78
BRDA:206,31,1,7
BRDA:217,32,0,78
BRDA:217,32,1,7
BRDA:227,33,0,78
BRDA:227,33,1,7
BRDA:242,34,0,0
BRDA:242,34,1,1
BRDA:254,35,0,1
BRDA:254,35,1,0
BRDA:266,36,0,0
BRDA:266,36,1,1
BRDA:278,37,0,1
BRDA:278,37,1,0
BRDA:290,38,0,0
BRDA:290,38,1,1
BRDA:305,39,0,78
BRDA:305,39,1,7
BRDA:316,40,0,78
BRDA:316,40,1,8
BRF:89
BRH:71
end_of_record
TN:
SF:C:\Users\Ben Brown\Documents\GitHub\Class-Scribe\src\classscribe-fe\src\components\customAdmin\viewAll.js
FN:30,(anonymous_0)
FN:53,(anonymous_1)
FN:56,(anonymous_2)
FN:62,(anonymous_3)
FN:67,(anonymous_4)
FN:73,(anonymous_5)
FN:78,(anonymous_6)
FN:82,(anonymous_7)
FN:88,(anonymous_8)
FN:95,(anonymous_9)
FN:101,(anonymous_10)
FN:105,(anonymous_11)
FN:110,(anonymous_12)
FN:115,(anonymous_13)
FN:120,(anonymous_14)
FN:125,(anonymous_15)
FN:130,(anonymous_16)
FN:135,(anonymous_17)
FN:140,(anonymous_18)
FN:145,(anonymous_19)
FN:168,(anonymous_20)
FN:180,(anonymous_21)
FN:203,(anonymous_22)
FN:208,(anonymous_23)
FN:210,(anonymous_24)
FN:217,(anonymous_25)
FN:222,(anonymous_26)
FN:230,(anonymous_27)
FN:235,(anonymous_28)
FN:243,(anonymous_29)
FN:256,(anonymous_30)
FN:265,(anonymous_31)
FN:274,(anonymous_32)
FN:282,(anonymous_33)
FNF:34
FNH:29
FNDA:2,(anonymous_0)
FNDA:4,(anonymous_1)
FNDA:2,(anonymous_2)
FNDA:3,(anonymous_3)
FNDA:2,(anonymous_4)
FNDA:2,(anonymous_5)
FNDA:2,(anonymous_6)
FNDA:2,(anonymous_7)
FNDA:2,(anonymous_8)
FNDA:2,(anonymous_9)
FNDA:6,(anonymous_10)
FNDA:4,(anonymous_11)
FNDA:2,(anonymous_12)
FNDA:8,(anonymous_13)
FNDA:0,(anonymous_14)
FNDA:8,(anonymous_15)
FNDA:6,(anonymous_16)
FNDA:4,(anonymous_17)
FNDA:2,(anonymous_18)
FNDA:6,(anonymous_19)
FNDA:7,(anonymous_20)
FNDA:4,(anonymous_21)
FNDA:2,(anonymous_22)
FNDA:1,(anonymous_23)
FNDA:1,(anonymous_24)
FNDA:1,(anonymous_25)
FNDA:1,(anonymous_26)
FNDA:1,(anonymous_27)
FNDA:1,(anonymous_28)
FNDA:19,(anonymous_29)
FNDA:0,(anonymous_30)
FNDA:0,(anonymous_31)
FNDA:0,(anonymous_32)
FNDA:0,(anonymous_33)
DA:19,8
DA:31,2
DA:32,2
DA:45,2
DA:46,2
DA:47,2
DA:48,2
DA:49,2
DA:50,2
DA:53,2
DA:54,4
DA:55,4
DA:57,2
DA:58,2
DA:59,2
DA:63,3
DA:67,2
DA:68,2
DA:74,2
DA:78,2
DA:79,2
DA:83,2
DA:88,2
DA:89,2
DA:96,2
DA:101,2
DA:102,6
DA:103,6
DA:104,6
DA:106,4
DA:111,2
DA:115,2
DA:116,8
DA:117,8
DA:118,8
DA:119,8
DA:121,0
DA:126,8
DA:130,2
DA:131,6
DA:132,6
DA:133,6
DA:134,6
DA:136,4
DA:141,2
DA:145,2
DA:146,6
DA:147,6
DA:148,6
DA:149,6
DA:150,6
DA:151,6
DA:152,6
DA:153,6
DA:154,18
DA:160,18
DA:165,6
DA:168,2
DA:169,7
DA:170,1
DA:172,6
DA:173,6
DA:174,6
DA:175,6
DA:176,6
DA:177,6
DA:178,6
DA:179,6
DA:181,4
DA:182,4
DA:183,4
DA:184,4
DA:187,4
DA:188,4
DA:189,12
DA:190,12
DA:191,12
DA:192,12
DA:193,12
DA:194,12
DA:198,4
DA:204,2
DA:208,2
DA:209,1
DA:210,1
DA:211,1
DA:212,1
DA:213,1
DA:217,2
DA:218,1
DA:223,1
DA:224,1
DA:225,1
DA:226,1
DA:230,2
DA:231,1
DA:236,1
DA:237,1
DA:238,1
DA:239,1
DA:244,19
DA:245,1
DA:256,0
DA:265,0
DA:274,0
DA:282,0
DA:303,18
LF:107
LH:102
BRDA:57,0,0,2
BRDA:57,0,1,0
BRDA:116,1,0,8
BRDA:116,1,1,4
BRDA:131,2,0,6
BRDA:131,2,1,4
BRDA:169,3,0,1
BRDA:169,3,1,6
BRDA:183,4,0,4
BRDA:183,4,1,0
BRDA:211,5,0,1
BRDA:211,5,1,0
BRDA:244,6,0,1
BRDA:244,6,1,18
BRDA:244,7,0,19
BRDA:244,7,1,1
BRDA:256,8,0,1
BRDA:256,8,1,1
BRDA:265,9,0,1
BRDA:265,9,1,1
BRDA:274,10,0,1
BRDA:274,10,1,1
BRF:22
BRH:19
end_of_record
TN:
SF:C:\Users\Ben Brown\Documents\GitHub\Class-Scribe\src\classscribe-fe\src\login_registration\CardIDRegistration.js
FN:11,(anonymous_0)
FN:15,(anonymous_1)
FN:25,(anonymous_2)
FN:27,(anonymous_3)
FN:44,(anonymous_4)
FN:47,(anonymous_5)
FNF:6
FNH:0
FNDA:0,(anonymous_0)
FNDA:0,(anonymous_1)
FNDA:0,(anonymous_2)
FNDA:0,(anonymous_3)
FNDA:0,(anonymous_4)
FNDA:0,(anonymous_5)
DA:11,8
DA:12,0
DA:13,0
DA:14,0
DA:16,0
DA:17,0
DA:19,0
DA:25,8
DA:26,0
DA:27,0
DA:28,0
DA:34,0
DA:44,0
DA:47,0
LF:14
LH:2
BRDA:16,0,0,0
BRDA:16,0,1,0
BRF:2
BRH:0
end_of_record
TN:
SF:C:\Users\Ben Brown\Documents\GitHub\Class-Scribe\src\classscribe-fe\src\login_registration\EmailVerification.js
FN:7,(anonymous_0)
FN:14,(anonymous_1)
FNF:2
FNH:0
FNDA:0,(anonymous_0)
FNDA:0,(anonymous_1)
DA:5,8
DA:7,8
DA:8,0
DA:9,0
DA:10,0
DA:11,0
DA:14,8
DA:15,0
DA:16,0
LF:9
LH:3
BRF:0
BRH:0
end_of_record
TN:
SF:C:\Users\Ben Brown\Documents\GitHub\Class-Scribe\src\classscribe-fe\src\login_registration\Login.js
FN:16,(anonymous_0)
FN:23,(anonymous_1)
FN:30,(anonymous_2)
FN:53,(anonymous_3)
FN:58,(anonymous_4)
FN:69,(anonymous_5)
FN:76,(anonymous_6)
FN:79,(anonymous_7)
FNF:8
FNH:0
FNDA:0,(anonymous_0)
FNDA:0,(anonymous_1)
FNDA:0,(anonymous_2)
FNDA:0,(anonymous_3)
FNDA:0,(anonymous_4)
FNDA:0,(anonymous_5)
FNDA:0,(anonymous_6)
FNDA:0,(anonymous_7)
DA:13,8
DA:17,0
DA:18,0
DA:23,0
DA:24,0
DA:28,0
DA:29,0
DA:31,0
DA:32,0
DA:33,0
DA:34,0
DA:35,0
DA:36,0
DA:38,0
DA:39,0
DA:41,0
DA:42,0
DA:44,0
DA:45,0
DA:49,0
DA:54,0
DA:55,0
DA:61,0
DA:69,0
DA:76,0
DA:79,0
DA:87,8
LF:27
LH:2
BRDA:35,0,0,0
BRDA:35,0,1,0
BRDA:38,1,0,0
BRDA:38,1,1,0
BRDA:41,2,0,0
BRDA:41,2,1,0
BRDA:54,3,0,0
BRDA:54,3,1,0
BRF:8
BRH:0
end_of_record
TN:
SF:C:\Users\Ben Brown\Documents\GitHub\Class-Scribe\src\classscribe-fe\src\login_registration\Loginscreen.js
FN:11,(anonymous_0)
FN:23,(anonymous_1)
FN:29,(anonymous_2)
FN:36,(anonymous_3)
FN:45,(anonymous_4)
FNF:5
FNH:0
FNDA:0,(anonymous_0)
FNDA:0,(anonymous_1)
FNDA:0,(anonymous_2)
FNDA:0,(anonymous_3)
FNDA:0,(anonymous_4)
DA:8,8
DA:12,0
DA:13,0
DA:23,0
DA:24,0
DA:25,0
DA:26,0
DA:30,0
DA:31,0
DA:32,0
DA:37,0
DA:45,0
DA:55,8
LF:13
LH:2
BRF:0
BRH:0
end_of_record
TN:
SF:C:\Users\Ben Brown\Documents\GitHub\Class-Scribe\src\classscribe-fe\src\login_registration\LogoutButton.js
FN:10,(anonymous_0)
FN:11,(anonymous_1)
FN:18,(anonymous_2)
FNF:3
FNH:1
FNDA:54,(anonymous_0)
FNDA:0,(anonymous_1)
FNDA:0,(anonymous_2)
DA:10,8
DA:11,54
DA:18,8
DA:19,0
DA:20,0
DA:21,0
DA:22,0
DA:23,0
DA:24,0
LF:9
LH:3
BRF:0
BRH:0
end_of_record
TN:
SF:C:\Users\Ben Brown\Documents\GitHub\Class-Scribe\src\classscribe-fe\src\login_registration\Register.js
FN:18,(anonymous_0)
FN:31,(anonymous_1)
FN:42,(anonymous_2)
FN:63,(anonymous_3)
FN:78,(anonymous_4)
FN:87,(anonymous_5)
FN:91,(anonymous_6)
FN:102,(anonymous_7)
FN:108,(anonymous_8)
FN:115,(anonymous_9)
FN:123,(anonymous_10)
FN:131,(anonymous_11)
FN:154,(anonymous_12)
FNF:13
FNH:0
FNDA:0,(anonymous_0)
FNDA:0,(anonymous_1)
FNDA:0,(anonymous_2)
FNDA:0,(anonymous_3)
FNDA:0,(anonymous_4)
FNDA:0,(anonymous_5)
FNDA:0,(anonymous_6)
FNDA:0,(anonymous_7)
FNDA:0,(anonymous_8)
FNDA:0,(anonymous_9)
FNDA:0,(anonymous_10)
FNDA:0,(anonymous_11)
FNDA:0,(anonymous_12)
DA:13,8
DA:19,0
DA:20,0
DA:32,0
DA:42,0
DA:43,0
DA:44,0
DA:46,0
DA:47,0
DA:58,0
DA:59,0
DA:60,0
DA:62,0
DA:64,0
DA:65,0
DA:66,0
DA:67,0
DA:68,0
DA:70,0
DA:78,0
DA:79,0
DA:80,0
DA:82,0
DA:84,0
DA:87,0
DA:88,0
DA:92,0
DA:102,0
DA:108,0
DA:115,0
DA:123,0
DA:131,0
DA:154,0
DA:163,8
LF:34
LH:2
BRDA:43,0,0,0
BRDA:43,0,1,0
BRDA:59,1,0,0
BRDA:59,1,1,0
BRDA:64,2,0,0
BRDA:64,2,1,0
BRDA:79,3,0,0
BRDA:79,3,1,0
BRDA:126,4,0,0
BRDA:126,4,1,0
BRF:10
BRH:0
end_of_record
TN:
SF:C:\Users\Ben Brown\Documents\GitHub\Class-Scribe\src\classscribe-fe\src\login_registration\WelcomeScreen.js
FN:9,(anonymous_0)
FNF:1
FNH:0
FNDA:0,(anonymous_0)
DA:5,8
DA:10,0
DA:11,0
DA:19,0
DA:20,0
DA:29,0
LF:6
LH:1
BRDA:10,0,0,0
BRDA:10,0,1,0
BRDA:19,1,0,0
BRDA:19,1,1,0
BRF:4
BRH:0
end_of_record
TN:
SF:C:\Users\Ben Brown\Documents\GitHub\Class-Scribe\src\classscribe-fe\src\student\AudioPlayer.js
FN:6,(anonymous_0)
FN:9,(anonymous_1)
FN:12,(anonymous_2)
FN:13,(anonymous_3)
FN:20,(anonymous_4)
FN:21,(anonymous_5)
FN:23,(anonymous_6)
FN:27,(anonymous_7)
FN:30,(anonymous_8)
FNF:9
FNH:3
FNDA:15,(anonymous_0)
FNDA:15,(anonymous_1)
FNDA:0,(anonymous_2)
FNDA:0,(anonymous_3)
FNDA:0,(anonymous_4)
FNDA:0,(anonymous_5)
FNDA:0,(anonymous_6)
FNDA:30,(anonymous_7)
FNDA:0,(anonymous_8)
DA:6,8
DA:7,15
DA:8,15
DA:9,15
DA:10,15
DA:12,0
DA:13,0
DA:16,15
DA:20,0
DA:21,0
DA:23,0
DA:27,30
DA:30,0
LF:13
LH:7
BRDA:10,0,0,0
BRDA:10,0,1,15
BRF:2
BRH:1
end_of_record
TN:
SF:C:\Users\Ben Brown\Documents\GitHub\Class-Scribe\src\classscribe-fe\src\student\Dashboard.js
FN:6,(anonymous_0)
FNF:1
FNH:0
FNDA:0,(anonymous_0)
DA:6,8
DA:8,0
LF:2
LH:1
BRF:0
BRH:0
end_of_record
TN:
SF:C:\Users\Ben Brown\Documents\GitHub\Class-Scribe\src\classscribe-fe\src\student\react-responsive-carousel\lib\CSSTranslate.js
FN:6,(anonymous_0)
FNF:1
FNH:1
FNDA:15,(anonymous_0)
DA:2,8
DA:6,8
DA:7,15
DA:8,15
DA:10,15
DA:12,15
LF:6
LH:6
BRDA:7,0,0,15
BRDA:7,0,1,0
BRF:2
BRH:1
end_of_record
TN:
SF:C:\Users\Ben Brown\Documents\GitHub\Class-Scribe\src\classscribe-fe\src\student\react-responsive-carousel\lib\cssClasses.js
FN:11,_interopRequireDefault
FN:14,CAROUSEL
FN:21,WRAPPER
FN:30,SLIDER
FN:38,ITEM
FN:46,ARROW_PREV
FN:53,ARROW_NEXT
FN:60,DOT
FNF:8
FNH:8
FNDA:8,_interopRequireDefault
FNDA:15,CAROUSEL
FNDA:15,WRAPPER
FNDA:15,SLIDER
FNDA:90,ITEM
FNDA:15,ARROW_PREV
FNDA:15,ARROW_NEXT
FNDA:45,DOT
DA:3,8
DA:7,8
DA:9,8
DA:11,8
DA:13,8
DA:15,15
DA:22,15
DA:31,15
DA:39,90
DA:47,15
DA:54,15
DA:61,45
LF:12
LH:12
BRDA:11,0,0,0
BRDA:11,0,1,8
BRDA:11,1,0,8
BRDA:11,1,1,8
BRF:4
BRH:3
end_of_record
TN:
SF:C:\Users\Ben Brown\Documents\GitHub\Class-Scribe\src\classscribe-fe\src\student\react-responsive-carousel\lib\customPropTypes.js
FN:5,unit
FNF:1
FNH:1
FNDA:28,unit
DA:2,8
DA:5,8
DA:6,28
DA:7,0
LF:4
LH:3
BRDA:6,0,0,0
BRDA:6,0,1,28
BRF:2
BRH:1
end_of_record
TN:
SF:C:\Users\Ben Brown\Documents\GitHub\Class-Scribe\src\classscribe-fe\src\student\react-responsive-carousel\lib\dimensions.js
FN:5,outerWidth
FNF:1
FNH:0
FNDA:0,outerWidth
DA:2,8
DA:5,8
DA:6,0
DA:7,0
DA:9,0
DA:10,0
LF:6
LH:2
BRF:0
BRH:0
end_of_record
TN:
SF:C:\Users\Ben Brown\Documents\GitHub\Class-Scribe\src\classscribe-fe\src\student\react-responsive-carousel\lib\has3d.js
FN:2,has3d
FNF:1
FNH:0
FNDA:0,has3d
DA:2,0
DA:3,0
DA:4,0
DA:7,0
DA:9,0
DA:18,0
DA:20,0
DA:21,0
DA:22,0
DA:23,0
DA:27,0
DA:29,0
LF:12
LH:0
BRDA:3,0,0,0
BRDA:3,0,1,0
BRDA:3,1,0,0
BRDA:3,1,1,0
BRDA:21,2,0,0
BRDA:21,2,1,0
BRDA:29,3,0,0
BRDA:29,3,1,0
BRDA:29,3,2,0
BRF:9
BRH:0
end_of_record
TN:
SF:C:\Users\Ben Brown\Documents\GitHub\Class-Scribe\src\classscribe-fe\src\student\react-responsive-carousel\lib\index.js
FN:15,_interopRequireDefault
FNF:1
FNH:1
FNDA:16,_interopRequireDefault
DA:2,8
DA:5,8
DA:7,8
DA:9,8
DA:11,8
DA:13,8
DA:15,16
DA:17,8
DA:18,8
LF:9
LH:9
BRDA:15,0,0,16
BRDA:15,0,1,0
BRDA:15,1,0,16
BRDA:15,1,1,16
BRF:4
BRH:3
end_of_record
TN:
SF:C:\Users\Ben Brown\Documents\GitHub\Class-Scribe\src\classscribe-fe\src\student\react-responsive-carousel\lib\object-assign.js
FN:7,(anonymous_0)
FNF:1
FNH:0
FNDA:0,(anonymous_0)
DA:2,0
DA:5,0
DA:7,0
DA:8,0
DA:9,0
DA:12,0
DA:13,0
DA:14,0
DA:15,0
DA:16,0
DA:17,0
DA:18,0
DA:23,0
LF:13
LH:0
BRDA:8,0,0,0
BRDA:8,0,1,0
BRDA:8,1,0,0
BRDA:8,1,1,0
BRDA:15,2,0,0
BRDA:15,2,1,0
BRDA:15,3,0,0
BRDA:15,3,1,0
BRDA:17,4,0,0
BRDA:17,4,1,0
BRF:10
BRH:0
end_of_record
TN:
SF:C:\Users\Ben Brown\Documents\GitHub\Class-Scribe\src\classscribe-fe\src\student\react-responsive-carousel\lib\components\Carousel.js
FN:6,(anonymous_0)
FN:8,(anonymous_1)
FN:8,defineProperties
FN:8,(anonymous_3)
FN:42,_interopRequireWildcard
FN:44,_interopRequireDefault
FN:46,_classCallCheck
FN:48,_possibleConstructorReturn
FN:50,_inherits
FN:52,noop
FN:54,defaultStatusFormatter
FN:58,(anonymous_11)
FN:61,Carousel
FN:66,(anonymous_13)
FN:70,(anonymous_14)
FN:74,(anonymous_15)
FN:78,(anonymous_16)
FN:82,(anonymous_17)
FN:89,(anonymous_18)
FN:95,(anonymous_19)
FN:100,(anonymous_20)
FN:108,(anonymous_21)
FN:113,(anonymous_22)
FN:118,(anonymous_23)
FN:123,(anonymous_24)
FN:144,(anonymous_25)
FN:153,(anonymous_26)
FN:164,(anonymous_27)
FN:169,(anonymous_28)
FN:191,(anonymous_29)
FN:199,(anonymous_30)
FN:207,(anonymous_31)
FN:215,(anonymous_32)
FN:224,(anonymous_33)
FN:272,(anonymous_34)
FN:274,(anonymous_35)
FN:287,(anonymous_36)
FN:292,(anonymous_37)
FN:300,(anonymous_38)
FN:308,(anonymous_39)
FN:326,(anonymous_40)
FN:356,(anonymous_41)
FN:360,(anonymous_42)
FN:364,(anonymous_43)
FN:368,(anonymous_44)
FN:372,(anonymous_45)
FN:383,(anonymous_46)
FN:388,(anonymous_47)
FN:395,(anonymous_48)
FN:403,onImageLoad
FN:430,componentDidMount
FN:439,componentWillReceiveProps
FN:450,(anonymous_52)
FN:461,componentDidUpdate
FN:472,componentWillUnmount
FN:477,setupCarousel
FN:498,destroyCarousel
FN:506,setupAutoPlay
FN:517,destroyAutoPlay
FN:528,bindEvents
FN:541,unbindEvents
FN:557,getPosition
FN:580,renderItems
FN:583,(anonymous_63)
FN:585,ref
FN:608,renderControls
FN:618,(anonymous_66)
FN:625,renderStatus
FN:638,renderThumbs
FN:651,render
FN:836,onSwipeStart
FN:837,onSwipeEnd
FN:838,onSwipeMove
FNF:73
FNH:37
FNDA:0,(anonymous_0)
FNDA:8,(anonymous_1)
FNDA:8,defineProperties
FNDA:8,(anonymous_3)
FNDA:8,_interopRequireWildcard
FNDA:56,_interopRequireDefault
FNDA:2,_classCallCheck
FNDA:2,_possibleConstructorReturn
FNDA:8,_inherits
FNDA:0,noop
FNDA:15,defaultStatusFormatter
FNDA:8,(anonymous_11)
FNDA:2,Carousel
FNDA:0,(anonymous_13)
FNDA:4,(anonymous_14)
FNDA:4,(anonymous_15)
FNDA:4,(anonymous_16)
FNDA:90,(anonymous_17)
FNDA:0,(anonymous_18)
FNDA:0,(anonymous_19)
FNDA:2,(anonymous_20)
FNDA:0,(anonymous_21)
FNDA:0,(anonymous_22)
FNDA:0,(anonymous_23)
FNDA:0,(anonymous_24)
FNDA:2,(anonymous_25)
FNDA:0,(anonymous_26)
FNDA:2,(anonymous_27)
FNDA:0,(anonymous_28)
FNDA:0,(anonymous_29)
FNDA:0,(anonymous_30)
FNDA:0,(anonymous_31)
FNDA:0,(anonymous_32)
FNDA:0,(anonymous_33)
FNDA:0,(anonymous_34)
FNDA:0,(anonymous_35)
FNDA:0,(anonymous_36)
FNDA:0,(anonymous_37)
FNDA:0,(anonymous_38)
FNDA:0,(anonymous_39)
FNDA:0,(anonymous_40)
FNDA:0,(anonymous_41)
FNDA:0,(anonymous_42)
FNDA:0,(anonymous_43)
FNDA:0,(anonymous_44)
FNDA:0,(anonymous_45)
FNDA:0,(anonymous_46)
FNDA:4,(anonymous_47)
FNDA:0,(anonymous_48)
FNDA:0,onImageLoad
FNDA:2,componentDidMount
FNDA:11,componentWillReceiveProps
FNDA:0,(anonymous_52)
FNDA:13,componentDidUpdate
FNDA:2,componentWillUnmount
FNDA:2,setupCarousel
FNDA:2,destroyCarousel
FNDA:0,setupAutoPlay
FNDA:2,destroyAutoPlay
FNDA:2,bindEvents
FNDA:2,unbindEvents
FNDA:15,getPosition
FNDA:30,renderItems
FNDA:90,(anonymous_63)
FNDA:90,ref
FNDA:15,renderControls
FNDA:45,(anonymous_66)
FNDA:15,renderStatus
FNDA:15,renderThumbs
FNDA:15,render
FNDA:0,onSwipeStart
FNDA:0,onSwipeEnd
FNDA:0,onSwipeMove
DA:2,8
DA:6,8
DA:8,128
DA:10,8
DA:12,8
DA:14,8
DA:16,8
DA:18,8
DA:20,8
DA:22,8
DA:24,8
DA:26,8
DA:28,8
DA:30,8
DA:32,8
DA:34,8
DA:36,8
DA:38,8
DA:40,8
DA:42,8
DA:44,56
DA:46,2
DA:48,2
DA:50,8
DA:52,8
DA:54,8
DA:55,15
DA:58,8
DA:59,8
DA:62,2
DA:64,2
DA:66,2
DA:67,0
DA:70,2
DA:71,4
DA:74,2
DA:75,4
DA:78,2
DA:79,4
DA:82,2
DA:83,90
DA:84,2
DA:86,90
DA:89,2
DA:90,0
DA:91,0
DA:94,0
DA:95,0
DA:96,0
DA:100,2
DA:101,2
DA:102,2
DA:105,0
DA:108,2
DA:109,0
DA:110,0
DA:113,2
DA:114,0
DA:115,0
DA:118,2
DA:119,0
DA:120,0
DA:123,2
DA:124,0
DA:126,0
DA:127,0
DA:134,0
DA:135,0
DA:137,0
DA:138,0
DA:139,0
DA:140,0
DA:144,2
DA:145,2
DA:146,2
DA:149,0
DA:150,0
DA:151,0
DA:153,0
DA:154,0
DA:159,0
DA:160,0
DA:164,2
DA:165,2
DA:166,2
DA:169,2
DA:170,0
DA:171,0
DA:174,0
DA:175,0
DA:179,0
DA:182,0
DA:184,0
DA:185,0
DA:191,2
DA:192,0
DA:193,0
DA:196,0
DA:199,2
DA:200,0
DA:202,0
DA:207,2
DA:208,0
DA:211,0
DA:212,0
DA:215,2
DA:216,0
DA:220,0
DA:221,0
DA:224,2
DA:225,0
DA:226,0
DA:227,0
DA:229,0
DA:231,0
DA:232,0
DA:234,0
DA:235,0
DA:238,0
DA:239,0
DA:243,0
DA:244,0
DA:247,0
DA:248,0
DA:251,0
DA:252,0
DA:253,0
DA:254,0
DA:257,0
DA:258,0
DA:261,0
DA:263,0
DA:264,0
DA:269,0
DA:272,2
DA:273,0
DA:274,0
DA:275,0
DA:277,0
DA:282,0
DA:287,2
DA:288,0
DA:289,0
DA:292,2
DA:293,0
DA:294,0
DA:296,0
DA:297,0
DA:300,2
DA:301,0
DA:302,0
DA:304,0
DA:305,0
DA:308,2
DA:309,0
DA:310,0
DA:311,0
DA:313,0
DA:314,0
DA:317,0
DA:318,0
DA:321,0
DA:324,0
DA:327,0
DA:328,0
DA:329,0
DA:331,0
DA:333,0
DA:334,0
DA:337,0
DA:343,0
DA:351,0
DA:352,0
DA:356,2
DA:357,0
DA:360,2
DA:361,0
DA:364,2
DA:365,0
DA:368,2
DA:369,0
DA:372,2
DA:373,0
DA:374,0
DA:376,0
DA:380,0
DA:383,2
DA:384,0
DA:385,0
DA:388,2
DA:389,4
DA:390,4
DA:391,4
DA:392,4
DA:395,2
DA:396,0
DA:397,0
DA:398,0
DA:399,0
DA:401,0
DA:403,0
DA:404,0
DA:405,0
DA:408,0
DA:411,0
DA:412,0
DA:415,0
DA:418,2
DA:425,2
DA:428,8
DA:431,2
DA:432,0
DA:435,2
DA:440,11
DA:442,11
DA:443,0
DA:444,0
DA:447,11
DA:448,0
DA:451,0
DA:452,0
DA:454,0
DA:462,13
DA:463,0
DA:465,13
DA:467,0
DA:473,2
DA:478,2
DA:480,2
DA:481,0
DA:484,2
DA:488,2
DA:489,2
DA:491,0
DA:493,2
DA:499,2
DA:500,2
DA:501,2
DA:507,0
DA:508,0
DA:510,0
DA:511,0
DA:512,0
DA:518,2
DA:519,2
DA:521,2
DA:522,2
DA:523,2
DA:531,2
DA:533,2
DA:535,2
DA:536,2
DA:543,2
DA:544,2
DA:546,2
DA:547,2
DA:548,0
DA:551,2
DA:552,2
DA:558,15
DA:560,0
DA:562,15
DA:563,15
DA:564,0
DA:565,0
DA:567,0
DA:568,0
DA:569,0
DA:570,0
DA:573,0
DA:576,15
DA:581,30
DA:583,30
DA:584,90
DA:586,90
DA:593,90
DA:594,0
DA:599,90
DA:609,15
DA:611,15
DA:612,0
DA:615,15
DA:619,45
DA:626,15
DA:627,0
DA:630,15
DA:639,15
DA:640,15
DA:643,0
DA:652,15
DA:653,0
DA:656,15
DA:658,15
DA:661,15
DA:663,15
DA:665,15
DA:667,15
DA:670,15
DA:672,15
DA:674,15
DA:683,15
DA:684,15
DA:694,15
DA:695,15
DA:696,15
DA:698,15
DA:708,15
DA:710,15
DA:711,15
DA:712,15
DA:714,15
DA:715,0
DA:716,0
DA:717,0
DA:720,0
DA:721,0
DA:722,0
DA:723,0
DA:725,15
DA:765,8
DA:768,8
DA:769,8
DA:806,8
DA:840,8
LF:324
LH:159
BRDA:6,0,0,8
BRDA:6,0,1,0
BRDA:6,1,0,0
BRDA:6,1,1,0
BRDA:8,2,0,128
BRDA:8,2,1,128
BRDA:8,3,0,128
BRDA:8,3,1,0
BRDA:8,4,0,8
BRDA:8,4,1,0
BRDA:8,5,0,0
BRDA:8,5,1,8
BRDA:42,6,0,8
BRDA:42,6,1,0
BRDA:42,7,0,8
BRDA:42,7,1,8
BRDA:42,8,0,0
BRDA:42,8,1,0
BRDA:42,9,0,0
BRDA:42,9,1,0
BRDA:44,10,0,32
BRDA:44,10,1,24
BRDA:44,11,0,56
BRDA:44,11,1,56
BRDA:46,12,0,0
BRDA:46,12,1,2
BRDA:48,13,0,0
BRDA:48,13,1,2
BRDA:48,14,0,0
BRDA:48,14,1,2
BRDA:48,15,0,2
BRDA:48,15,1,0
BRDA:48,15,2,0
BRDA:50,16,0,0
BRDA:50,16,1,8
BRDA:50,17,0,8
BRDA:50,17,1,0
BRDA:50,18,0,8
BRDA:50,18,1,8
BRDA:50,19,0,8
BRDA:50,19,1,0
BRDA:50,20,0,8
BRDA:50,20,1,0
BRDA:64,21,0,2
BRDA:64,21,1,0
BRDA:83,22,0,2
BRDA:83,22,1,88
BRDA:90,23,0,0
BRDA:90,23,1,0
BRDA:90,24,0,0
BRDA:90,24,1,0
BRDA:101,25,0,2
BRDA:101,25,1,0
BRDA:134,26,0,0
BRDA:134,26,1,0
BRDA:135,27,0,0
BRDA:135,27,1,0
BRDA:137,28,0,0
BRDA:137,28,1,0
BRDA:139,29,0,0
BRDA:139,29,1,0
BRDA:145,30,0,2
BRDA:145,30,1,0
BRDA:151,31,0,0
BRDA:151,31,1,0
BRDA:159,32,0,0
BRDA:159,32,1,0
BRDA:170,33,0,0
BRDA:170,33,1,0
BRDA:174,34,0,0
BRDA:174,34,1,0
BRDA:184,35,0,0
BRDA:184,35,1,0
BRDA:192,36,0,0
BRDA:192,36,1,0
BRDA:232,37,0,0
BRDA:232,37,1,0
BRDA:234,38,0,0
BRDA:234,38,1,0
BRDA:238,39,0,0
BRDA:238,39,1,0
BRDA:238,40,0,0
BRDA:238,40,1,0
BRDA:243,41,0,0
BRDA:243,41,1,0
BRDA:243,42,0,0
BRDA:243,42,1,0
BRDA:248,43,0,0
BRDA:248,43,1,0
BRDA:251,44,0,0
BRDA:251,44,1,0
BRDA:251,45,0,0
BRDA:251,45,1,0
BRDA:253,46,0,0
BRDA:253,46,1,0
BRDA:253,47,0,0
BRDA:253,47,1,0
BRDA:263,48,0,0
BRDA:263,48,1,0
BRDA:263,49,0,0
BRDA:263,49,1,0
BRDA:277,50,0,0
BRDA:277,50,1,0
BRDA:293,51,0,0
BRDA:293,51,1,0
BRDA:293,52,0,0
BRDA:293,52,1,0
BRDA:294,53,0,0
BRDA:294,53,1,0
BRDA:294,54,0,0
BRDA:294,54,1,0
BRDA:296,55,0,0
BRDA:296,55,1,0
BRDA:301,56,0,0
BRDA:301,56,1,0
BRDA:301,57,0,0
BRDA:301,57,1,0
BRDA:302,58,0,0
BRDA:302,58,1,0
BRDA:302,59,0,0
BRDA:302,59,1,0
BRDA:304,60,0,0
BRDA:304,60,1,0
BRDA:310,61,0,0
BRDA:310,61,1,0
BRDA:310,61,2,0
BRDA:310,61,3,0
BRDA:313,62,0,0
BRDA:313,62,1,0
BRDA:314,63,0,0
BRDA:314,63,1,0
BRDA:317,64,0,0
BRDA:317,64,1,0
BRDA:318,65,0,0
BRDA:318,65,1,0
BRDA:321,66,0,0
BRDA:321,66,1,0
BRDA:327,67,0,0
BRDA:327,67,1,0
BRDA:328,68,0,0
BRDA:328,68,1,0
BRDA:328,69,0,0
BRDA:328,69,1,0
BRDA:333,70,0,0
BRDA:333,70,1,0
BRDA:351,71,0,0
BRDA:351,71,1,0
BRDA:351,72,0,0
BRDA:351,72,1,0
BRDA:373,73,0,0
BRDA:373,73,1,0
BRDA:373,74,0,0
BRDA:373,74,1,0
BRDA:390,75,0,4
BRDA:390,75,1,4
BRDA:391,76,0,4
BRDA:391,76,1,4
BRDA:392,77,0,4
BRDA:392,77,1,4
BRDA:396,78,0,0
BRDA:396,78,1,0
BRDA:397,79,0,0
BRDA:397,79,1,0
BRDA:398,80,0,0
BRDA:398,80,1,0
BRDA:398,81,0,0
BRDA:398,81,1,0
BRDA:401,82,0,0
BRDA:401,82,1,0
BRDA:412,83,0,0
BRDA:412,83,1,0
BRDA:431,84,0,0
BRDA:431,84,1,2
BRDA:442,85,0,0
BRDA:442,85,1,11
BRDA:447,86,0,0
BRDA:447,86,1,11
BRDA:451,87,0,0
BRDA:451,87,1,0
BRDA:462,88,0,0
BRDA:462,88,1,13
BRDA:462,89,0,13
BRDA:462,89,1,0
BRDA:462,89,2,0
BRDA:465,90,0,0
BRDA:465,90,1,13
BRDA:465,91,0,13
BRDA:465,91,1,0
BRDA:480,92,0,0
BRDA:480,92,1,2
BRDA:480,93,0,2
BRDA:480,93,1,0
BRDA:489,94,0,0
BRDA:489,94,1,2
BRDA:499,95,0,2
BRDA:499,95,1,0
BRDA:510,96,0,0
BRDA:510,96,1,0
BRDA:510,97,0,0
BRDA:510,97,1,0
BRDA:521,98,0,2
BRDA:521,98,1,0
BRDA:521,99,0,2
BRDA:521,99,1,2
BRDA:535,100,0,2
BRDA:535,100,1,0
BRDA:547,101,0,0
BRDA:547,101,1,2
BRDA:551,102,0,2
BRDA:551,102,1,0
BRDA:558,103,0,0
BRDA:558,103,1,15
BRDA:563,104,0,0
BRDA:563,104,1,15
BRDA:563,105,0,15
BRDA:563,105,1,0
BRDA:567,106,0,0
BRDA:567,106,1,0
BRDA:567,107,0,0
BRDA:567,107,1,0
BRDA:567,107,2,0
BRDA:569,108,0,0
BRDA:569,108,1,0
BRDA:588,109,0,45
BRDA:588,109,1,45
BRDA:593,110,0,0
BRDA:593,110,1,90
BRDA:593,111,0,90
BRDA:593,111,1,0
BRDA:611,112,0,0
BRDA:611,112,1,15
BRDA:626,113,0,0
BRDA:626,113,1,15
BRDA:639,114,0,15
BRDA:639,114,1,0
BRDA:639,115,0,15
BRDA:639,115,1,0
BRDA:652,116,0,0
BRDA:652,116,1,15
BRDA:652,117,0,15
BRDA:652,117,1,15
BRDA:658,118,0,15
BRDA:658,118,1,15
BRDA:661,119,0,15
BRDA:661,119,1,15
BRDA:661,119,2,0
BRDA:663,120,0,15
BRDA:663,120,1,15
BRDA:663,120,2,15
BRDA:683,121,0,15
BRDA:683,121,1,0
BRDA:710,122,0,15
BRDA:710,122,1,0
BRDA:714,123,0,0
BRDA:714,123,1,15
BRDA:716,124,0,0
BRDA:716,124,1,0
BRDA:717,125,0,0
BRDA:717,125,1,0
BRDA:720,126,0,0
BRDA:720,126,1,0
BRDA:721,127,0,0
BRDA:721,127,1,0
BRDA:735,128,0,15
BRDA:735,128,1,0
BRDA:742,129,0,15
BRDA:742,129,1,0
BRDA:744,130,0,15
BRDA:744,130,1,0
BRDA:751,131,0,0
BRDA:751,131,1,0
BRDA:753,132,0,0
BRDA:753,132,1,0
BRF:273
BRH:78
end_of_record
TN:
SF:C:\Users\Ben Brown\Documents\GitHub\Class-Scribe\src\classscribe-fe\src\student\react-responsive-carousel\lib\components\Thumbs.js
FN:6,(anonymous_0)
FN:8,(anonymous_1)
FN:8,defineProperties
FN:8,(anonymous_3)
FN:32,_interopRequireDefault
FN:34,_classCallCheck
FN:36,_possibleConstructorReturn
FN:38,_inherits
FN:40,(anonymous_8)
FN:43,Thumbs
FN:65,componentDidMount
FN:70,componentWillReceiveProps
FN:85,componentDidUpdate
FN:96,componentWillUnmount
FN:101,setupThumbs
FN:114,destroyThumbs
FN:121,getImages
FN:122,(anonymous_17)
FN:127,(anonymous_18)
FN:139,(anonymous_19)
FN:151,getFirstItem
FN:170,renderItems
FN:173,(anonymous_22)
FN:178,ref
FN:202,render
FN:283,_initialiseProps
FN:286,(anonymous_26)
FN:290,(anonymous_27)
FN:294,(anonymous_28)
FN:301,(anonymous_29)
FN:312,(anonymous_30)
FN:323,(anonymous_31)
FN:328,(anonymous_32)
FN:338,(anonymous_33)
FN:344,(anonymous_34)
FN:350,(anonymous_35)
FN:371,(anonymous_36)
FN:377,(anonymous_37)
FN:381,(anonymous_38)
FN:385,(anonymous_39)
FNF:40
FNH:6
FNDA:0,(anonymous_0)
FNDA:8,(anonymous_1)
FNDA:8,defineProperties
FNDA:8,(anonymous_3)
FNDA:40,_interopRequireDefault
FNDA:0,_classCallCheck
FNDA:0,_possibleConstructorReturn
FNDA:8,_inherits
FNDA:8,(anonymous_8)
FNDA:0,Thumbs
FNDA:0,componentDidMount
FNDA:0,componentWillReceiveProps
FNDA:0,componentDidUpdate
FNDA:0,componentWillUnmount
FNDA:0,setupThumbs
FNDA:0,destroyThumbs
FNDA:0,getImages
FNDA:0,(anonymous_17)
FNDA:0,(anonymous_18)
FNDA:0,(anonymous_19)
FNDA:0,getFirstItem
FNDA:0,renderItems
FNDA:0,(anonymous_22)
FNDA:0,ref
FNDA:0,render
FNDA:0,_initialiseProps
FNDA:0,(anonymous_26)
FNDA:0,(anonymous_27)
FNDA:0,(anonymous_28)
FNDA:0,(anonymous_29)
FNDA:0,(anonymous_30)
FNDA:0,(anonymous_31)
FNDA:0,(anonymous_32)
FNDA:0,(anonymous_33)
FNDA:0,(anonymous_34)
FNDA:0,(anonymous_35)
FNDA:0,(anonymous_36)
FNDA:0,(anonymous_37)
FNDA:0,(anonymous_38)
FNDA:0,(anonymous_39)
DA:2,8
DA:6,8
DA:8,80
DA:10,8
DA:12,8
DA:14,8
DA:16,8
DA:18,8
DA:20,8
DA:22,8
DA:24,8
DA:26,8
DA:28,8
DA:30,8
DA:32,40
DA:34,0
DA:36,0
DA:38,8
DA:40,8
DA:41,8
DA:44,0
DA:46,0
DA:48,0
DA:50,0
DA:60,0
DA:63,8
DA:66,0
DA:71,0
DA:72,0
DA:77,0
DA:78,0
DA:86,0
DA:87,0
DA:92,0
DA:97,0
DA:104,0
DA:106,0
DA:110,0
DA:116,0
DA:117,0
DA:122,0
DA:123,0
DA:126,0
DA:127,0
DA:128,0
DA:132,0
DA:133,0
DA:136,0
DA:139,0
DA:140,0
DA:142,0
DA:144,0
DA:147,0
DA:152,0
DA:154,0
DA:155,0
DA:158,0
DA:159,0
DA:162,0
DA:163,0
DA:166,0
DA:171,0
DA:173,0
DA:174,0
DA:176,0
DA:179,0
DA:187,0
DA:188,0
DA:193,0
DA:203,0
DA:204,0
DA:208,0
DA:210,0
DA:212,0
DA:214,0
DA:216,0
DA:218,0
DA:220,0
DA:235,0
DA:262,8
DA:265,8
DA:266,8
DA:277,8
DA:283,8
DA:284,0
DA:286,0
DA:287,0
DA:290,0
DA:291,0
DA:294,0
DA:295,0
DA:296,0
DA:298,0
DA:301,0
DA:302,0
DA:303,0
DA:306,0
DA:307,0
DA:308,0
DA:309,0
DA:310,0
DA:311,0
DA:312,0
DA:313,0
DA:323,0
DA:324,0
DA:325,0
DA:328,0
DA:329,0
DA:330,0
DA:332,0
DA:333,0
DA:338,0
DA:339,0
DA:344,0
DA:345,0
DA:350,0
DA:351,0
DA:353,0
DA:354,0
DA:357,0
DA:358,0
DA:362,0
DA:363,0
DA:366,0
DA:367,0
DA:370,0
DA:371,0
DA:372,0
DA:377,0
DA:378,0
DA:381,0
DA:382,0
DA:385,0
DA:387,0
DA:389,0
DA:391,0
DA:397,8
LF:138
LH:25
BRDA:6,0,0,8
BRDA:6,0,1,0
BRDA:6,1,0,0
BRDA:6,1,1,0
BRDA:8,2,0,80
BRDA:8,2,1,80
BRDA:8,3,0,80
BRDA:8,3,1,0
BRDA:8,4,0,8
BRDA:8,4,1,0
BRDA:8,5,0,0
BRDA:8,5,1,8
BRDA:32,6,0,24
BRDA:32,6,1,16
BRDA:32,7,0,40
BRDA:32,7,1,40
BRDA:34,8,0,0
BRDA:34,8,1,0
BRDA:36,9,0,0
BRDA:36,9,1,0
BRDA:36,10,0,0
BRDA:36,10,1,0
BRDA:36,11,0,0
BRDA:36,11,1,0
BRDA:36,11,2,0
BRDA:38,12,0,0
BRDA:38,12,1,8
BRDA:38,13,0,8
BRDA:38,13,1,0
BRDA:38,14,0,8
BRDA:38,14,1,8
BRDA:38,15,0,8
BRDA:38,15,1,0
BRDA:38,16,0,8
BRDA:38,16,1,0
BRDA:46,17,0,0
BRDA:46,17,1,0
BRDA:71,18,0,0
BRDA:71,18,1,0
BRDA:77,19,0,0
BRDA:77,19,1,0
BRDA:86,20,0,0
BRDA:86,20,1,0
BRDA:126,21,0,0
BRDA:126,21,1,0
BRDA:132,22,0,0
BRDA:132,22,1,0
BRDA:132,23,0,0
BRDA:132,23,1,0
BRDA:139,24,0,0
BRDA:139,24,1,0
BRDA:154,25,0,0
BRDA:154,25,1,0
BRDA:158,26,0,0
BRDA:158,26,1,0
BRDA:162,27,0,0
BRDA:162,27,1,0
BRDA:174,28,0,0
BRDA:174,28,1,0
BRDA:187,29,0,0
BRDA:187,29,1,0
BRDA:203,30,0,0
BRDA:203,30,1,0
BRDA:208,31,0,0
BRDA:208,31,1,0
BRDA:210,32,0,0
BRDA:210,32,1,0
BRDA:295,33,0,0
BRDA:295,33,1,0
BRDA:302,34,0,0
BRDA:302,34,1,0
BRDA:302,35,0,0
BRDA:302,35,1,0
BRDA:308,36,0,0
BRDA:308,36,1,0
BRDA:316,37,0,0
BRDA:316,37,1,0
BRDA:329,38,0,0
BRDA:329,38,1,0
BRDA:329,39,0,0
BRDA:329,39,1,0
BRDA:332,40,0,0
BRDA:332,40,1,0
BRDA:357,41,0,0
BRDA:357,41,1,0
BRDA:357,42,0,0
BRDA:357,42,1,0
BRDA:362,43,0,0
BRDA:362,43,1,0
BRDA:362,44,0,0
BRDA:362,44,1,0
BRDA:370,45,0,0
BRDA:370,45,1,0
BRDA:378,46,0,0
BRDA:378,46,1,0
BRDA:382,47,0,0
BRDA:382,47,1,0
BRDA:387,48,0,0
BRDA:387,48,1,0
BRDA:389,49,0,0
BRDA:389,49,1,0
BRF:101
BRH:16
end_of_record
