TN:
SF:C:\Users\Ben Brown\Documents\GitHub\Class-Scribe\src\classscribe-fe\src\App.js
FN:26,(anonymous_0)
FN:34,(anonymous_1)
FN:37,(anonymous_2)
FN:54,(anonymous_3)
FN:58,(anonymous_4)
FN:62,(anonymous_5)
FNF:6
FNH:0
FNDA:0,(anonymous_0)
FNDA:0,(anonymous_1)
FNDA:0,(anonymous_2)
FNDA:0,(anonymous_3)
FNDA:0,(anonymous_4)
FNDA:0,(anonymous_5)
DA:19,4
DA:20,4
DA:26,4
DA:27,0
DA:34,4
DA:35,0
DA:37,0
DA:54,4
DA:55,0
DA:58,4
DA:59,0
DA:63,0
LF:12
LH:6
BRDA:63,0,0,0
BRDA:63,0,1,0
BRDA:64,1,0,0
BRDA:64,1,1,0
BRF:4
BRH:0
end_of_record
TN:
SF:C:\Users\Ben Brown\Documents\GitHub\Class-Scribe\src\classscribe-fe\src\index.js
FNF:0
FNH:0
DA:7,0
DA:12,0
LF:2
LH:0
BRF:0
BRH:0
end_of_record
TN:
SF:C:\Users\Ben Brown\Documents\GitHub\Class-Scribe\src\classscribe-fe\src\serviceWorker.js
FN:23,register
FN:34,(anonymous_1)
FN:43,(anonymous_2)
FN:57,registerValidSW
FN:60,(anonymous_4)
FN:61,(anonymous_5)
FN:66,(anonymous_6)
FN:96,(anonymous_7)
FN:101,checkValidServiceWorker
FN:104,(anonymous_9)
FN:112,(anonymous_10)
FN:113,(anonymous_11)
FN:122,(anonymous_12)
FN:129,unregister
FN:131,(anonymous_14)
FNF:15
FNH:0
FNDA:0,register
FNDA:0,(anonymous_1)
FNDA:0,(anonymous_2)
FNDA:0,registerValidSW
FNDA:0,(anonymous_4)
FNDA:0,(anonymous_5)
FNDA:0,(anonymous_6)
FNDA:0,(anonymous_7)
FNDA:0,checkValidServiceWorker
FNDA:0,(anonymous_9)
FNDA:0,(anonymous_10)
FNDA:0,(anonymous_11)
FNDA:0,(anonymous_12)
FNDA:0,unregister
FNDA:0,(anonymous_14)
DA:13,0
DA:24,0
DA:26,0
DA:27,0
DA:31,0
DA:34,0
DA:35,0
DA:37,0
DA:39,0
DA:43,0
DA:44,0
DA:51,0
DA:58,0
DA:61,0
DA:62,0
DA:63,0
DA:64,0
DA:66,0
DA:67,0
DA:68,0
DA:72,0
DA:78,0
DA:79,0
DA:85,0
DA:88,0
DA:89,0
DA:97,0
DA:103,0
DA:106,0
DA:107,0
DA:112,0
DA:113,0
DA:114,0
DA:119,0
DA:123,0
DA:130,0
DA:131,0
DA:132,0
LF:38
LH:0
BRDA:14,0,0,0
BRDA:14,0,1,0
BRDA:14,0,2,0
BRDA:24,1,0,0
BRDA:24,1,1,0
BRDA:24,2,0,0
BRDA:24,2,1,0
BRDA:27,3,0,0
BRDA:27,3,1,0
BRDA:37,4,0,0
BRDA:37,4,1,0
BRDA:63,5,0,0
BRDA:63,5,1,0
BRDA:67,6,0,0
BRDA:67,6,1,0
BRDA:68,7,0,0
BRDA:68,7,1,0
BRDA:78,8,0,0
BRDA:78,8,1,0
BRDA:78,9,0,0
BRDA:78,9,1,0
BRDA:88,10,0,0
BRDA:88,10,1,0
BRDA:88,11,0,0
BRDA:88,11,1,0
BRDA:107,12,0,0
BRDA:107,12,1,0
BRDA:108,13,0,0
BRDA:108,13,1,0
BRDA:108,13,2,0
BRDA:130,14,0,0
BRDA:130,14,1,0
BRF:32
BRH:0
end_of_record
TN:
SF:C:\Users\Ben Brown\Documents\GitHub\Class-Scribe\src\classscribe-fe\src\components\404.js
FN:4,(anonymous_0)
FNF:1
FNH:0
FNDA:0,(anonymous_0)
DA:4,4
DA:5,0
LF:2
LH:1
BRF:0
BRH:0
end_of_record
TN:
SF:C:\Users\Ben Brown\Documents\GitHub\Class-Scribe\src\classscribe-fe\src\components\Navbar.js
FN:8,(anonymous_0)
FN:15,(anonymous_1)
FN:23,(anonymous_2)
FNF:3
FNH:3
FNDA:2,(anonymous_0)
FNDA:9,(anonymous_1)
FNDA:11,(anonymous_2)
DA:9,2
DA:10,2
DA:16,9
DA:17,0
DA:25,11
DA:26,11
LF:6
LH:5
BRDA:11,0,0,2
BRDA:11,0,1,1
BRDA:16,1,0,0
BRDA:16,1,1,9
BRF:4
BRH:3
end_of_record
TN:
SF:C:\Users\Ben Brown\Documents\GitHub\Class-Scribe\src\classscribe-fe\src\components\ImageUpload\NotebookCard.js
FN:88,(anonymous_0)
FN:109,(anonymous_1)
FN:115,(anonymous_2)
FN:120,(anonymous_3)
FN:127,(anonymous_4)
FN:135,(anonymous_5)
FN:143,(anonymous_6)
FN:150,(anonymous_7)
FN:154,(anonymous_8)
FN:167,(anonymous_9)
FN:185,(anonymous_10)
FN:193,(anonymous_11)
FN:200,(anonymous_12)
FN:210,(anonymous_13)
FN:214,(anonymous_14)
FN:223,(anonymous_15)
FN:235,(anonymous_16)
FN:242,(anonymous_17)
FN:255,(anonymous_18)
FN:258,(anonymous_19)
FN:261,(anonymous_20)
FN:270,(anonymous_21)
FN:275,(anonymous_22)
FN:276,(anonymous_23)
FN:287,(anonymous_24)
FN:292,(anonymous_25)
FN:295,(anonymous_26)
FN:314,(anonymous_27)
FNF:28
FNH:6
FNDA:3,(anonymous_0)
FNDA:0,(anonymous_1)
FNDA:0,(anonymous_2)
FNDA:0,(anonymous_3)
FNDA:0,(anonymous_4)
FNDA:0,(anonymous_5)
FNDA:0,(anonymous_6)
FNDA:0,(anonymous_7)
FNDA:0,(anonymous_8)
FNDA:0,(anonymous_9)
FNDA:0,(anonymous_10)
FNDA:0,(anonymous_11)
FNDA:8,(anonymous_12)
FNDA:0,(anonymous_13)
FNDA:0,(anonymous_14)
FNDA:0,(anonymous_15)
FNDA:0,(anonymous_16)
FNDA:0,(anonymous_17)
FNDA:11,(anonymous_18)
FNDA:22,(anonymous_19)
FNDA:3,(anonymous_20)
FNDA:1,(anonymous_21)
FNDA:0,(anonymous_22)
FNDA:0,(anonymous_23)
FNDA:0,(anonymous_24)
FNDA:0,(anonymous_25)
FNDA:0,(anonymous_26)
FNDA:0,(anonymous_27)
DA:26,4
DA:37,4
DA:43,4
DA:49,4
DA:56,4
DA:63,4
DA:71,4
DA:77,4
DA:82,4
DA:89,3
DA:90,3
DA:102,3
DA:103,3
DA:104,3
DA:105,3
DA:106,3
DA:109,3
DA:110,0
DA:111,0
DA:115,3
DA:116,0
DA:117,0
DA:118,0
DA:119,0
DA:121,0
DA:123,0
DA:128,0
DA:129,0
DA:130,0
DA:133,0
DA:134,0
DA:136,0
DA:140,0
DA:144,0
DA:145,0
DA:151,0
DA:154,3
DA:155,0
DA:156,0
DA:157,0
DA:158,0
DA:161,0
DA:162,0
DA:168,0
DA:169,0
DA:170,0
DA:172,0
DA:174,0
DA:175,0
DA:176,0
DA:178,0
DA:183,0
DA:184,0
DA:186,0
DA:190,0
DA:194,0
DA:195,0
DA:201,8
DA:202,0
DA:211,0
DA:215,0
DA:217,0
DA:218,0
DA:219,0
DA:223,0
DA:224,0
DA:225,0
DA:226,0
DA:229,0
DA:236,0
DA:237,0
DA:238,0
DA:242,0
DA:243,0
DA:244,0
DA:247,0
DA:250,0
DA:256,11
DA:257,11
DA:258,10
DA:259,22
DA:261,10
DA:262,3
DA:263,3
DA:267,10
DA:270,1
DA:275,0
DA:276,0
DA:287,0
DA:292,0
DA:295,0
DA:314,0
DA:333,1
LF:93
LH:30
BRDA:98,0,0,2
BRDA:98,0,1,1
BRDA:117,1,0,0
BRDA:117,1,1,0
BRDA:136,2,0,0
BRDA:136,2,1,0
BRDA:156,3,0,0
BRDA:156,3,1,0
BRDA:169,4,0,0
BRDA:169,4,1,0
BRDA:186,5,0,0
BRDA:186,5,1,0
BRDA:201,6,0,0
BRDA:201,6,1,8
BRDA:217,7,0,0
BRDA:217,7,1,0
BRDA:224,8,0,0
BRDA:224,8,1,0
BRDA:243,9,0,0
BRDA:243,9,1,0
BRDA:257,10,0,10
BRDA:257,10,1,1
BRDA:262,11,0,3
BRDA:262,11,1,0
BRDA:271,12,0,0
BRDA:271,12,1,10
BRDA:287,13,0,0
BRDA:287,13,1,10
BRDA:327,14,0,10
BRDA:327,14,1,0
BRF:30
BRH:9
end_of_record
TN:
SF:C:\Users\Ben Brown\Documents\GitHub\Class-Scribe\src\classscribe-fe\src\components\ImageUpload\PageCard.js
FN:37,(anonymous_0)
FN:47,(anonymous_1)
FN:55,(anonymous_2)
FN:59,(anonymous_3)
FN:66,(anonymous_4)
FN:75,(anonymous_5)
FN:80,(anonymous_6)
FNF:7
FNH:3
FNDA:9,(anonymous_0)
FNDA:15,(anonymous_1)
FNDA:0,(anonymous_2)
FNDA:0,(anonymous_3)
FNDA:24,(anonymous_4)
FNDA:0,(anonymous_5)
FNDA:0,(anonymous_6)
DA:12,4
DA:24,4
DA:38,9
DA:39,9
DA:48,15
DA:49,0
DA:55,9
DA:56,0
DA:57,0
DA:58,0
DA:60,0
DA:62,0
DA:67,24
DA:68,24
DA:69,1
DA:71,23
DA:72,23
DA:73,23
DA:75,0
DA:80,0
DA:92,0
LF:21
LH:12
BRDA:48,0,0,0
BRDA:48,0,1,15
BRDA:56,1,0,0
BRDA:56,1,1,0
BRDA:68,2,0,1
BRDA:68,2,1,23
BRDA:72,3,0,23
BRDA:72,3,1,0
BRDA:79,4,0,23
BRDA:79,4,1,23
BRDA:79,4,2,17
BRF:11
BRH:7
end_of_record
TN:
SF:C:\Users\Ben Brown\Documents\GitHub\Class-Scribe\src\classscribe-fe\src\components\ImageUpload\PublicCard.js
FN:54,(anonymous_0)
FN:73,(anonymous_1)
FN:84,(anonymous_2)
FNF:3
FNH:0
FNDA:0,(anonymous_0)
FNDA:0,(anonymous_1)
FNDA:0,(anonymous_2)
DA:26,4
DA:30,4
DA:35,4
DA:55,0
DA:56,0
DA:74,0
DA:75,0
DA:76,0
DA:77,0
DA:80,0
DA:82,0
DA:83,0
DA:84,0
LF:13
LH:3
BRDA:76,0,0,0
BRDA:76,0,1,0
BRF:2
BRH:0
end_of_record
TN:
SF:C:\Users\Ben Brown\Documents\GitHub\Class-Scribe\src\classscribe-fe\src\components\ImageUpload\download.js
FN:6,(anonymous_0)
FN:11,(anonymous_1)
FN:23,(anonymous_2)
FNF:3
FNH:0
FNDA:0,(anonymous_0)
FNDA:0,(anonymous_1)
FNDA:0,(anonymous_2)
DA:7,0
DA:8,0
DA:13,0
DA:14,0
DA:15,0
DA:16,0
DA:18,0
DA:19,0
DA:24,0
LF:9
LH:0
BRDA:16,0,0,0
BRDA:16,0,1,0
BRF:2
BRH:0
end_of_record
TN:
SF:C:\Users\Ben Brown\Documents\GitHub\Class-Scribe\src\classscribe-fe\src\components\ImageUpload\index.js
FN:122,(anonymous_0)
FN:157,(anonymous_1)
FN:166,(anonymous_2)
FN:170,(anonymous_3)
FN:175,(anonymous_4)
FN:186,(anonymous_5)
FN:190,(anonymous_6)
FN:198,(anonymous_7)
FN:206,(anonymous_8)
FN:208,(anonymous_9)
FN:252,(anonymous_10)
FN:257,(anonymous_11)
FN:258,(anonymous_12)
FN:266,(anonymous_13)
FN:278,(anonymous_14)
FN:292,(anonymous_15)
FN:305,(anonymous_16)
FN:336,(anonymous_17)
FN:337,(anonymous_18)
FN:348,(anonymous_19)
FN:360,(anonymous_20)
FN:382,(anonymous_21)
FN:422,(anonymous_22)
FN:430,(anonymous_23)
FN:434,(anonymous_24)
FN:449,(anonymous_25)
FN:454,(anonymous_26)
FN:455,(anonymous_27)
FN:455,(anonymous_28)
FN:458,(anonymous_29)
FN:459,(anonymous_30)
FN:459,(anonymous_31)
FNF:32
FNH:14
FNDA:1,(anonymous_0)
FNDA:0,(anonymous_1)
FNDA:0,(anonymous_2)
FNDA:1,(anonymous_3)
FNDA:0,(anonymous_4)
FNDA:0,(anonymous_5)
FNDA:1,(anonymous_6)
FNDA:1,(anonymous_7)
FNDA:1,(anonymous_8)
FNDA:1,(anonymous_9)
FNDA:0,(anonymous_10)
FNDA:0,(anonymous_11)
FNDA:0,(anonymous_12)
FNDA:10,(anonymous_13)
FNDA:0,(anonymous_14)
FNDA:0,(anonymous_15)
FNDA:0,(anonymous_16)
FNDA:2,(anonymous_17)
FNDA:2,(anonymous_18)
FNDA:0,(anonymous_19)
FNDA:0,(anonymous_20)
FNDA:1,(anonymous_21)
FNDA:12,(anonymous_22)
FNDA:0,(anonymous_23)
FNDA:4,(anonymous_24)
FNDA:11,(anonymous_25)
FNDA:0,(anonymous_26)
FNDA:0,(anonymous_27)
FNDA:0,(anonymous_28)
FNDA:9,(anonymous_29)
FNDA:0,(anonymous_30)
FNDA:0,(anonymous_31)
DA:18,4
DA:30,4
DA:37,4
DA:42,4
DA:58,4
DA:61,4
DA:75,4
DA:92,4
DA:106,4
DA:110,4
DA:115,4
DA:123,1
DA:124,1
DA:142,1
DA:143,1
DA:144,1
DA:145,1
DA:146,1
DA:147,1
DA:148,1
DA:149,1
DA:158,0
DA:159,0
DA:167,0
DA:171,1
DA:172,1
DA:176,0
DA:177,0
DA:178,0
DA:179,0
DA:187,0
DA:191,1
DA:192,1
DA:193,1
DA:194,1
DA:195,1
DA:199,1
DA:200,1
DA:208,1
DA:210,1
DA:211,1
DA:212,1
DA:213,1
DA:214,1
DA:215,1
DA:216,1
DA:217,3
DA:219,1
DA:226,1
DA:229,1
DA:230,1
DA:231,3
DA:234,1
DA:239,1
DA:244,1
DA:253,0
DA:254,0
DA:255,0
DA:257,0
DA:258,0
DA:259,0
DA:262,0
DA:266,1
DA:267,10
DA:268,10
DA:279,0
DA:280,0
DA:282,0
DA:283,0
DA:293,0
DA:294,0
DA:296,0
DA:297,0
DA:306,0
DA:307,0
DA:308,0
DA:337,2
DA:339,2
DA:340,1
DA:341,1
DA:360,1
DA:362,0
DA:363,0
DA:364,0
DA:366,0
DA:371,0
DA:372,0
DA:373,0
DA:374,0
DA:378,0
DA:379,0
DA:383,1
DA:384,1
DA:385,0
DA:387,1
DA:388,0
DA:395,0
DA:397,1
DA:403,1
DA:404,1
DA:405,1
DA:406,1
DA:407,3
DA:409,1
DA:410,1
DA:411,3
DA:415,1
DA:416,1
DA:417,1
DA:419,1
DA:422,1
DA:423,12
DA:424,12
DA:425,0
DA:427,12
DA:430,1
DA:431,0
DA:434,1
DA:435,4
DA:437,4
DA:438,12
DA:445,4
DA:450,11
DA:451,11
DA:452,11
DA:453,11
DA:454,0
DA:455,0
DA:458,11
DA:459,9
DA:463,0
DA:465,11
DA:466,11
DA:467,1
DA:475,10
LF:135
LH:91
BRDA:177,0,0,0
BRDA:177,0,1,0
BRDA:192,1,0,1
BRDA:192,1,1,0
BRDA:199,2,0,1
BRDA:199,2,1,0
BRDA:199,3,0,1
BRDA:199,3,1,0
BRDA:210,4,0,1
BRDA:210,4,1,0
BRDA:213,5,0,1
BRDA:213,5,1,0
BRDA:229,6,0,1
BRDA:229,6,1,0
BRDA:279,7,0,0
BRDA:279,7,1,0
BRDA:293,8,0,0
BRDA:293,8,1,0
BRDA:339,9,0,1
BRDA:339,9,1,1
BRDA:363,10,0,0
BRDA:363,10,1,0
BRDA:372,11,0,0
BRDA:372,11,1,0
BRDA:384,12,0,0
BRDA:384,12,1,1
BRDA:387,13,0,0
BRDA:387,13,1,1
BRDA:400,14,0,1
BRDA:400,14,1,0
BRDA:400,15,0,1
BRDA:400,15,1,1
BRDA:401,16,0,1
BRDA:401,16,1,0
BRDA:401,17,0,1
BRDA:401,17,1,1
BRDA:405,18,0,1
BRDA:405,18,1,0
BRDA:409,19,0,1
BRDA:409,19,1,0
BRDA:416,20,0,1
BRDA:416,20,1,0
BRDA:424,21,0,0
BRDA:424,21,1,12
BRDA:452,22,0,11
BRDA:452,22,1,0
BRDA:453,23,0,0
BRDA:453,23,1,11
BRDA:466,24,0,1
BRDA:466,24,1,10
BRDA:466,25,0,11
BRDA:466,25,1,1
BRDA:469,26,0,1
BRDA:469,26,1,1
BRDA:478,27,0,10
BRDA:478,27,1,10
BRDA:482,28,0,4
BRDA:482,28,1,6
BRDA:482,29,0,10
BRDA:482,29,1,4
BRDA:487,30,0,4
BRDA:487,30,1,6
BRDA:487,31,0,10
BRDA:487,31,1,4
BRDA:490,32,0,4
BRDA:490,32,1,6
BRDA:490,33,0,10
BRDA:490,33,1,4
BRF:68
BRH:42
end_of_record
TN:
SF:C:\Users\Ben Brown\Documents\GitHub\Class-Scribe\src\classscribe-fe\src\components\ImageUpload\toggle.js
FN:7,(anonymous_0)
FN:14,(anonymous_1)
FN:18,(anonymous_2)
FNF:3
FNH:2
FNDA:3,(anonymous_0)
FNDA:11,(anonymous_1)
FNDA:0,(anonymous_2)
DA:8,3
DA:9,3
DA:15,11
DA:18,0
LF:4
LH:3
BRF:0
BRH:0
end_of_record
TN:
SF:C:\Users\Ben Brown\Documents\GitHub\Class-Scribe\src\classscribe-fe\src\components\customAdmin\classEvent.js
FN:18,(anonymous_0)
FNF:1
FNH:0
FNDA:0,(anonymous_0)
DA:4,4
DA:24,0
DA:25,0
DA:37,4
LF:4
LH:2
BRF:0
BRH:0
end_of_record
TN:
SF:C:\Users\Ben Brown\Documents\GitHub\Class-Scribe\src\classscribe-fe\src\components\customAdmin\classModal.js
FN:15,(anonymous_0)
FN:40,(anonymous_1)
FN:79,(anonymous_2)
FN:84,(anonymous_3)
FN:99,(anonymous_4)
FN:103,(anonymous_5)
FN:156,(anonymous_6)
FN:171,(anonymous_7)
FN:176,(anonymous_8)
FN:187,(anonymous_9)
FN:198,(anonymous_10)
FN:208,(anonymous_11)
FN:219,(anonymous_12)
FN:229,(anonymous_13)
FN:243,(anonymous_14)
FN:255,(anonymous_15)
FN:267,(anonymous_16)
FN:279,(anonymous_17)
FN:291,(anonymous_18)
FN:307,(anonymous_19)
FN:318,(anonymous_20)
FN:323,(anonymous_21)
FNF:22
FNH:0
FNDA:0,(anonymous_0)
FNDA:0,(anonymous_1)
FNDA:0,(anonymous_2)
FNDA:0,(anonymous_3)
FNDA:0,(anonymous_4)
FNDA:0,(anonymous_5)
FNDA:0,(anonymous_6)
FNDA:0,(anonymous_7)
FNDA:0,(anonymous_8)
FNDA:0,(anonymous_9)
FNDA:0,(anonymous_10)
FNDA:0,(anonymous_11)
FNDA:0,(anonymous_12)
FNDA:0,(anonymous_13)
FNDA:0,(anonymous_14)
FNDA:0,(anonymous_15)
FNDA:0,(anonymous_16)
FNDA:0,(anonymous_17)
FNDA:0,(anonymous_18)
FNDA:0,(anonymous_19)
FNDA:0,(anonymous_20)
FNDA:0,(anonymous_21)
DA:16,0
DA:17,0
DA:34,0
DA:35,0
DA:41,0
DA:42,0
DA:43,0
DA:45,0
DA:52,0
DA:53,0
DA:54,0
DA:55,0
DA:56,0
DA:59,0
DA:60,0
DA:61,0
DA:62,0
DA:64,0
DA:65,0
DA:66,0
DA:69,0
DA:70,0
DA:71,0
DA:74,0
DA:80,0
DA:81,0
DA:82,0
DA:83,0
DA:85,0
DA:99,0
DA:100,0
DA:104,0
DA:105,0
DA:106,0
DA:107,0
DA:108,0
DA:109,0
DA:111,0
DA:112,0
DA:113,0
DA:114,0
DA:116,0
DA:117,0
DA:118,0
DA:119,0
DA:121,0
DA:122,0
DA:123,0
DA:124,0
DA:126,0
DA:127,0
DA:128,0
DA:130,0
DA:131,0
DA:132,0
DA:133,0
DA:135,0
DA:136,0
DA:137,0
DA:138,0
DA:140,0
DA:141,0
DA:142,0
DA:143,0
DA:146,0
DA:147,0
DA:148,0
DA:151,0
DA:152,0
DA:155,0
DA:157,0
DA:158,0
DA:161,0
DA:163,0
DA:172,0
DA:177,0
DA:187,0
DA:198,0
DA:208,0
DA:219,0
DA:229,0
DA:243,0
DA:255,0
DA:267,0
DA:279,0
DA:291,0
DA:307,0
DA:318,0
DA:323,0
LF:89
LH:0
BRDA:18,0,0,0
BRDA:18,0,1,0
BRDA:22,1,0,0
BRDA:22,1,1,0
BRDA:22,1,2,0
BRDA:24,2,0,0
BRDA:24,2,1,0
BRDA:25,3,0,0
BRDA:25,3,1,0
BRDA:27,4,0,0
BRDA:27,4,1,0
BRDA:28,5,0,0
BRDA:28,5,1,0
BRDA:29,6,0,0
BRDA:29,6,1,0
BRDA:30,7,0,0
BRDA:30,7,1,0
BRDA:31,8,0,0
BRDA:31,8,1,0
BRDA:42,9,0,0
BRDA:42,9,1,0
BRDA:52,10,0,0
BRDA:52,10,1,0
BRDA:59,11,0,0
BRDA:59,11,1,0
BRDA:59,12,0,0
BRDA:59,12,1,0
BRDA:59,12,2,0
BRDA:61,13,0,0
BRDA:61,13,1,0
BRDA:70,14,0,0
BRDA:70,14,1,0
BRDA:81,15,0,0
BRDA:81,15,1,0
BRDA:93,16,0,0
BRDA:93,16,1,0
BRDA:107,17,0,0
BRDA:107,17,1,0
BRDA:112,18,0,0
BRDA:112,18,1,0
BRDA:117,19,0,0
BRDA:117,19,1,0
BRDA:122,20,0,0
BRDA:122,20,1,0
BRDA:126,21,0,0
BRDA:126,21,1,0
BRDA:131,22,0,0
BRDA:131,22,1,0
BRDA:136,23,0,0
BRDA:136,23,1,0
BRDA:141,24,0,0
BRDA:141,24,1,0
BRDA:146,25,0,0
BRDA:146,25,1,0
BRDA:157,26,0,0
BRDA:157,26,1,0
BRDA:188,27,0,0
BRDA:188,27,1,0
BRDA:199,28,0,0
BRDA:199,28,1,0
BRDA:209,29,0,0
BRDA:209,29,1,0
BRDA:220,30,0,0
BRDA:220,30,1,0
BRDA:230,31,0,0
BRDA:230,31,1,0
BRDA:245,32,0,0
BRDA:245,32,1,0
BRDA:257,33,0,0
BRDA:257,33,1,0
BRDA:269,34,0,0
BRDA:269,34,1,0
BRDA:281,35,0,0
BRDA:281,35,1,0
BRDA:293,36,0,0
BRDA:293,36,1,0
BRDA:308,37,0,0
BRDA:308,37,1,0
BRDA:319,38,0,0
BRDA:319,38,1,0
BRF:80
BRH:0
end_of_record
TN:
SF:C:\Users\Ben Brown\Documents\GitHub\Class-Scribe\src\classscribe-fe\src\components\customAdmin\edit.js
FN:11,(anonymous_0)
FN:27,(anonymous_1)
FN:31,(anonymous_2)
FN:42,(anonymous_3)
FN:47,(anonymous_4)
FN:57,(anonymous_5)
FN:65,(anonymous_6)
FN:71,(anonymous_7)
FN:81,(anonymous_8)
FN:90,(anonymous_9)
FN:99,(anonymous_10)
FN:108,(anonymous_11)
FN:117,(anonymous_12)
FN:127,(anonymous_13)
FN:131,(anonymous_14)
FNF:15
FNH:0
FNDA:0,(anonymous_0)
FNDA:0,(anonymous_1)
FNDA:0,(anonymous_2)
FNDA:0,(anonymous_3)
FNDA:0,(anonymous_4)
FNDA:0,(anonymous_5)
FNDA:0,(anonymous_6)
FNDA:0,(anonymous_7)
FNDA:0,(anonymous_8)
FNDA:0,(anonymous_9)
FNDA:0,(anonymous_10)
FNDA:0,(anonymous_11)
FNDA:0,(anonymous_12)
FNDA:0,(anonymous_13)
FNDA:0,(anonymous_14)
DA:12,0
DA:13,0
DA:23,0
DA:24,0
DA:28,0
DA:29,0
DA:30,0
DA:32,0
DA:43,0
DA:48,0
DA:49,0
DA:50,0
DA:51,0
DA:52,0
DA:53,0
DA:54,0
DA:55,0
DA:56,0
DA:58,0
DA:59,0
DA:62,0
DA:66,0
DA:67,0
DA:72,0
DA:81,0
DA:90,0
DA:99,0
DA:108,0
DA:117,0
DA:127,0
DA:131,0
LF:31
LH:0
BRDA:58,0,0,0
BRDA:58,0,1,0
BRF:2
BRH:0
end_of_record
TN:
SF:C:\Users\Ben Brown\Documents\GitHub\Class-Scribe\src\classscribe-fe\src\components\customAdmin\index.js
FN:11,(anonymous_0)
FN:29,(anonymous_1)
FN:43,(anonymous_2)
FN:53,(anonymous_3)
FN:62,(anonymous_4)
FN:71,(anonymous_5)
FN:80,(anonymous_6)
FN:89,(anonymous_7)
FN:99,(anonymous_8)
FN:103,(anonymous_9)
FNF:10
FNH:0
FNDA:0,(anonymous_0)
FNDA:0,(anonymous_1)
FNDA:0,(anonymous_2)
FNDA:0,(anonymous_3)
FNDA:0,(anonymous_4)
FNDA:0,(anonymous_5)
FNDA:0,(anonymous_6)
FNDA:0,(anonymous_7)
FNDA:0,(anonymous_8)
FNDA:0,(anonymous_9)
DA:12,0
DA:13,0
DA:22,0
DA:23,0
DA:24,0
DA:25,0
DA:30,0
DA:31,0
DA:32,0
DA:33,0
DA:34,0
DA:35,0
DA:36,0
DA:37,0
DA:44,0
DA:53,0
DA:62,0
DA:71,0
DA:80,0
DA:89,0
DA:99,0
DA:103,0
LF:22
LH:0
BRDA:22,0,0,0
BRDA:22,0,1,0
BRF:2
BRH:0
end_of_record
TN:
SF:C:\Users\Ben Brown\Documents\GitHub\Class-Scribe\src\classscribe-fe\src\components\customAdmin\viewAll.js
FN:30,(anonymous_0)
FN:53,(anonymous_1)
FN:56,(anonymous_2)
FN:67,(anonymous_3)
FN:72,(anonymous_4)
FN:82,(anonymous_5)
FN:90,(anonymous_6)
FN:98,(anonymous_7)
FN:102,(anonymous_8)
FN:109,(anonymous_9)
FN:114,(anonymous_10)
FN:118,(anonymous_11)
FN:123,(anonymous_12)
FN:128,(anonymous_13)
FN:133,(anonymous_14)
FN:138,(anonymous_15)
FN:143,(anonymous_16)
FN:166,(anonymous_17)
FN:179,(anonymous_18)
FN:206,(anonymous_19)
FN:211,(anonymous_20)
FN:213,(anonymous_21)
FN:220,(anonymous_22)
FN:232,(anonymous_23)
FN:244,(anonymous_24)
FN:257,(anonymous_25)
FN:266,(anonymous_26)
FN:275,(anonymous_27)
FN:283,(anonymous_28)
FNF:29
FNH:0
FNDA:0,(anonymous_0)
FNDA:0,(anonymous_1)
FNDA:0,(anonymous_2)
FNDA:0,(anonymous_3)
FNDA:0,(anonymous_4)
FNDA:0,(anonymous_5)
FNDA:0,(anonymous_6)
FNDA:0,(anonymous_7)
FNDA:0,(anonymous_8)
FNDA:0,(anonymous_9)
FNDA:0,(anonymous_10)
FNDA:0,(anonymous_11)
FNDA:0,(anonymous_12)
FNDA:0,(anonymous_13)
FNDA:0,(anonymous_14)
FNDA:0,(anonymous_15)
FNDA:0,(anonymous_16)
FNDA:0,(anonymous_17)
FNDA:0,(anonymous_18)
FNDA:0,(anonymous_19)
FNDA:0,(anonymous_20)
FNDA:0,(anonymous_21)
FNDA:0,(anonymous_22)
FNDA:0,(anonymous_23)
FNDA:0,(anonymous_24)
FNDA:0,(anonymous_25)
FNDA:0,(anonymous_26)
FNDA:0,(anonymous_27)
FNDA:0,(anonymous_28)
DA:19,4
DA:31,0
DA:32,0
DA:45,0
DA:47,0
DA:48,0
DA:49,0
DA:50,0
DA:54,0
DA:55,0
DA:57,0
DA:58,0
DA:59,0
DA:60,0
DA:61,0
DA:64,0
DA:68,0
DA:72,0
DA:73,0
DA:79,0
DA:82,0
DA:83,0
DA:87,0
DA:90,0
DA:91,0
DA:95,0
DA:98,0
DA:99,0
DA:100,0
DA:101,0
DA:103,0
DA:104,0
DA:105,0
DA:110,0
DA:114,0
DA:115,0
DA:116,0
DA:117,0
DA:119,0
DA:124,0
DA:128,0
DA:129,0
DA:130,0
DA:131,0
DA:132,0
DA:134,0
DA:139,0
DA:143,0
DA:144,0
DA:145,0
DA:146,0
DA:147,0
DA:148,0
DA:149,0
DA:150,0
DA:151,0
DA:152,0
DA:158,0
DA:163,0
DA:166,0
DA:167,0
DA:168,0
DA:170,0
DA:171,0
DA:172,0
DA:173,0
DA:174,0
DA:175,0
DA:176,0
DA:177,0
DA:178,0
DA:180,0
DA:181,0
DA:182,0
DA:183,0
DA:185,0
DA:186,0
DA:187,0
DA:190,0
DA:191,0
DA:192,0
DA:193,0
DA:194,0
DA:195,0
DA:196,0
DA:197,0
DA:201,0
DA:207,0
DA:211,0
DA:212,0
DA:213,0
DA:214,0
DA:215,0
DA:216,0
DA:220,0
DA:221,0
DA:226,0
DA:227,0
DA:228,0
DA:229,0
DA:232,0
DA:233,0
DA:238,0
DA:239,0
DA:240,0
DA:241,0
DA:245,0
DA:246,0
DA:257,0
DA:266,0
DA:275,0
DA:283,0
DA:304,0
LF:113
LH:1
BRDA:57,0,0,0
BRDA:57,0,1,0
BRDA:129,1,0,0
BRDA:129,1,1,0
BRDA:167,2,0,0
BRDA:167,2,1,0
BRDA:182,3,0,0
BRDA:182,3,1,0
BRDA:182,4,0,0
BRDA:182,4,1,0
BRDA:185,5,0,0
BRDA:185,5,1,0
BRDA:214,6,0,0
BRDA:214,6,1,0
BRDA:245,7,0,0
BRDA:245,7,1,0
BRDA:245,8,0,0
BRDA:245,8,1,0
BRDA:257,9,0,0
BRDA:257,9,1,0
BRF:20
BRH:0
end_of_record
TN:
SF:C:\Users\Ben Brown\Documents\GitHub\Class-Scribe\src\classscribe-fe\src\login_registration\CardIDRegistration.js
FN:11,(anonymous_0)
FN:15,(anonymous_1)
FN:25,(anonymous_2)
FN:27,(anonymous_3)
FN:44,(anonymous_4)
FN:47,(anonymous_5)
FNF:6
FNH:0
FNDA:0,(anonymous_0)
FNDA:0,(anonymous_1)
FNDA:0,(anonymous_2)
FNDA:0,(anonymous_3)
FNDA:0,(anonymous_4)
FNDA:0,(anonymous_5)
DA:11,4
DA:12,0
DA:13,0
DA:14,0
DA:16,0
DA:17,0
DA:19,0
DA:25,4
DA:26,0
DA:27,0
DA:28,0
DA:34,0
DA:44,0
DA:47,0
LF:14
LH:2
BRDA:16,0,0,0
BRDA:16,0,1,0
BRF:2
BRH:0
end_of_record
TN:
SF:C:\Users\Ben Brown\Documents\GitHub\Class-Scribe\src\classscribe-fe\src\login_registration\EmailVerification.js
FN:7,(anonymous_0)
FN:14,(anonymous_1)
FNF:2
FNH:0
FNDA:0,(anonymous_0)
FNDA:0,(anonymous_1)
DA:5,4
DA:7,4
DA:8,0
DA:9,0
DA:10,0
DA:11,0
DA:14,4
DA:15,0
DA:16,0
LF:9
LH:3
BRF:0
BRH:0
end_of_record
TN:
SF:C:\Users\Ben Brown\Documents\GitHub\Class-Scribe\src\classscribe-fe\src\login_registration\Login.js
FN:16,(anonymous_0)
FN:23,(anonymous_1)
FN:30,(anonymous_2)
FN:53,(anonymous_3)
FN:58,(anonymous_4)
FN:69,(anonymous_5)
FN:76,(anonymous_6)
FN:79,(anonymous_7)
FNF:8
FNH:0
FNDA:0,(anonymous_0)
FNDA:0,(anonymous_1)
FNDA:0,(anonymous_2)
FNDA:0,(anonymous_3)
FNDA:0,(anonymous_4)
FNDA:0,(anonymous_5)
FNDA:0,(anonymous_6)
FNDA:0,(anonymous_7)
DA:13,4
DA:17,0
DA:18,0
DA:23,0
DA:24,0
DA:28,0
DA:29,0
DA:31,0
DA:32,0
DA:33,0
DA:34,0
DA:35,0
DA:36,0
DA:38,0
DA:39,0
DA:41,0
DA:42,0
DA:44,0
DA:45,0
DA:49,0
DA:54,0
DA:55,0
DA:61,0
DA:69,0
DA:76,0
DA:79,0
DA:87,4
LF:27
LH:2
BRDA:35,0,0,0
BRDA:35,0,1,0
BRDA:38,1,0,0
BRDA:38,1,1,0
BRDA:41,2,0,0
BRDA:41,2,1,0
BRDA:54,3,0,0
BRDA:54,3,1,0
BRF:8
BRH:0
end_of_record
TN:
SF:C:\Users\Ben Brown\Documents\GitHub\Class-Scribe\src\classscribe-fe\src\login_registration\Loginscreen.js
FN:11,(anonymous_0)
FN:23,(anonymous_1)
FN:29,(anonymous_2)
FN:36,(anonymous_3)
FN:45,(anonymous_4)
FNF:5
FNH:0
FNDA:0,(anonymous_0)
FNDA:0,(anonymous_1)
FNDA:0,(anonymous_2)
FNDA:0,(anonymous_3)
FNDA:0,(anonymous_4)
DA:8,4
DA:12,0
DA:13,0
DA:23,0
DA:24,0
DA:25,0
DA:26,0
DA:30,0
DA:31,0
DA:32,0
DA:37,0
DA:45,0
DA:55,4
LF:13
LH:2
BRF:0
BRH:0
end_of_record
TN:
SF:C:\Users\Ben Brown\Documents\GitHub\Class-Scribe\src\classscribe-fe\src\login_registration\LogoutButton.js
FN:10,(anonymous_0)
FN:11,(anonymous_1)
FN:18,(anonymous_2)
FNF:3
FNH:1
FNDA:11,(anonymous_0)
FNDA:0,(anonymous_1)
FNDA:0,(anonymous_2)
DA:10,4
DA:11,11
DA:18,4
DA:19,0
DA:20,0
DA:21,0
DA:22,0
DA:23,0
DA:24,0
LF:9
LH:3
BRF:0
BRH:0
end_of_record
TN:
SF:C:\Users\Ben Brown\Documents\GitHub\Class-Scribe\src\classscribe-fe\src\login_registration\Register.js
FN:18,(anonymous_0)
FN:31,(anonymous_1)
FN:42,(anonymous_2)
FN:63,(anonymous_3)
FN:78,(anonymous_4)
FN:87,(anonymous_5)
FN:91,(anonymous_6)
FN:102,(anonymous_7)
FN:108,(anonymous_8)
FN:115,(anonymous_9)
FN:123,(anonymous_10)
FN:131,(anonymous_11)
FN:154,(anonymous_12)
FNF:13
FNH:0
FNDA:0,(anonymous_0)
FNDA:0,(anonymous_1)
FNDA:0,(anonymous_2)
FNDA:0,(anonymous_3)
FNDA:0,(anonymous_4)
FNDA:0,(anonymous_5)
FNDA:0,(anonymous_6)
FNDA:0,(anonymous_7)
FNDA:0,(anonymous_8)
FNDA:0,(anonymous_9)
FNDA:0,(anonymous_10)
FNDA:0,(anonymous_11)
FNDA:0,(anonymous_12)
DA:13,4
DA:19,0
DA:20,0
DA:32,0
DA:42,0
DA:43,0
DA:44,0
DA:46,0
DA:47,0
DA:58,0
DA:59,0
DA:60,0
DA:62,0
DA:64,0
DA:65,0
DA:66,0
DA:67,0
DA:68,0
DA:70,0
DA:78,0
DA:79,0
DA:80,0
DA:82,0
DA:84,0
DA:87,0
DA:88,0
DA:92,0
DA:102,0
DA:108,0
DA:115,0
DA:123,0
DA:131,0
DA:154,0
DA:163,4
LF:34
LH:2
BRDA:43,0,0,0
BRDA:43,0,1,0
BRDA:59,1,0,0
BRDA:59,1,1,0
BRDA:64,2,0,0
BRDA:64,2,1,0
BRDA:79,3,0,0
BRDA:79,3,1,0
BRDA:126,4,0,0
BRDA:126,4,1,0
BRF:10
BRH:0
end_of_record
TN:
SF:C:\Users\Ben Brown\Documents\GitHub\Class-Scribe\src\classscribe-fe\src\login_registration\WelcomeScreen.js
FN:9,(anonymous_0)
FNF:1
FNH:0
FNDA:0,(anonymous_0)
DA:5,4
DA:10,0
DA:11,0
DA:19,0
DA:20,0
DA:29,0
LF:6
LH:1
BRDA:10,0,0,0
BRDA:10,0,1,0
BRDA:19,1,0,0
BRDA:19,1,1,0
BRF:4
BRH:0
end_of_record
TN:
SF:C:\Users\Ben Brown\Documents\GitHub\Class-Scribe\src\classscribe-fe\src\student\AudioPlayer.js
FN:5,(anonymous_0)
FN:13,(anonymous_1)
FN:15,(anonymous_2)
FN:16,(anonymous_3)
FN:28,(anonymous_4)
FN:29,(anonymous_5)
FN:30,(anonymous_6)
FN:31,(anonymous_7)
FNF:8
FNH:3
FNDA:4,(anonymous_0)
FNDA:4,(anonymous_1)
FNDA:0,(anonymous_2)
FNDA:0,(anonymous_3)
FNDA:0,(anonymous_4)
FNDA:0,(anonymous_5)
FNDA:0,(anonymous_6)
FNDA:8,(anonymous_7)
DA:5,4
DA:6,4
DA:7,4
DA:8,4
DA:9,4
DA:13,4
DA:14,4
DA:15,0
DA:16,0
DA:24,4
DA:28,0
DA:29,0
DA:30,0
DA:31,8
LF:14
LH:9
BRDA:14,0,0,0
BRDA:14,0,1,4
BRF:2
BRH:1
end_of_record
TN:
SF:C:\Users\Ben Brown\Documents\GitHub\Class-Scribe\src\classscribe-fe\src\student\Dashboard.js
FN:6,(anonymous_0)
FNF:1
FNH:0
FNDA:0,(anonymous_0)
DA:6,4
DA:8,0
LF:2
LH:1
BRF:0
BRH:0
end_of_record
